Mensaje I / 00:00:00:000 / Root(00) para top(01)
Mensaje I / 00:00:00:000 / top(01) para closing(02)
Mensaje I / 00:00:00:000 / closing(02) para closing(0,0)(03)
Mensaje I / 00:00:00:000 / closing(02) para closing(0,1)(04)
Mensaje I / 00:00:00:000 / closing(02) para closing(0,2)(05)
Mensaje I / 00:00:00:000 / closing(02) para closing(0,3)(06)
Mensaje I / 00:00:00:000 / closing(02) para closing(0,4)(07)
Mensaje I / 00:00:00:000 / closing(02) para closing(0,5)(08)
Mensaje I / 00:00:00:000 / closing(02) para closing(0,6)(09)
Mensaje I / 00:00:00:000 / closing(02) para closing(0,7)(10)
Mensaje I / 00:00:00:000 / closing(02) para closing(1,0)(11)
Mensaje I / 00:00:00:000 / closing(02) para closing(1,1)(12)
Mensaje I / 00:00:00:000 / closing(02) para closing(1,2)(13)
Mensaje I / 00:00:00:000 / closing(02) para closing(1,3)(14)
Mensaje I / 00:00:00:000 / closing(02) para closing(1,4)(15)
Mensaje I / 00:00:00:000 / closing(02) para closing(1,5)(16)
Mensaje I / 00:00:00:000 / closing(02) para closing(1,6)(17)
Mensaje I / 00:00:00:000 / closing(02) para closing(1,7)(18)
Mensaje I / 00:00:00:000 / closing(02) para closing(2,0)(19)
Mensaje I / 00:00:00:000 / closing(02) para closing(2,1)(20)
Mensaje I / 00:00:00:000 / closing(02) para closing(2,2)(21)
Mensaje I / 00:00:00:000 / closing(02) para closing(2,3)(22)
Mensaje I / 00:00:00:000 / closing(02) para closing(2,4)(23)
Mensaje I / 00:00:00:000 / closing(02) para closing(2,5)(24)
Mensaje I / 00:00:00:000 / closing(02) para closing(2,6)(25)
Mensaje I / 00:00:00:000 / closing(02) para closing(2,7)(26)
Mensaje I / 00:00:00:000 / closing(02) para closing(3,0)(27)
Mensaje I / 00:00:00:000 / closing(02) para closing(3,1)(28)
Mensaje I / 00:00:00:000 / closing(02) para closing(3,2)(29)
Mensaje I / 00:00:00:000 / closing(02) para closing(3,3)(30)
Mensaje I / 00:00:00:000 / closing(02) para closing(3,4)(31)
Mensaje I / 00:00:00:000 / closing(02) para closing(3,5)(32)
Mensaje I / 00:00:00:000 / closing(02) para closing(3,6)(33)
Mensaje I / 00:00:00:000 / closing(02) para closing(3,7)(34)
Mensaje I / 00:00:00:000 / closing(02) para closing(4,0)(35)
Mensaje I / 00:00:00:000 / closing(02) para closing(4,1)(36)
Mensaje I / 00:00:00:000 / closing(02) para closing(4,2)(37)
Mensaje I / 00:00:00:000 / closing(02) para closing(4,3)(38)
Mensaje I / 00:00:00:000 / closing(02) para closing(4,4)(39)
Mensaje I / 00:00:00:000 / closing(02) para closing(4,5)(40)
Mensaje I / 00:00:00:000 / closing(02) para closing(4,6)(41)
Mensaje I / 00:00:00:000 / closing(02) para closing(4,7)(42)
Mensaje I / 00:00:00:000 / closing(02) para closing(5,0)(43)
Mensaje I / 00:00:00:000 / closing(02) para closing(5,1)(44)
Mensaje I / 00:00:00:000 / closing(02) para closing(5,2)(45)
Mensaje I / 00:00:00:000 / closing(02) para closing(5,3)(46)
Mensaje I / 00:00:00:000 / closing(02) para closing(5,4)(47)
Mensaje I / 00:00:00:000 / closing(02) para closing(5,5)(48)
Mensaje I / 00:00:00:000 / closing(02) para closing(5,6)(49)
Mensaje I / 00:00:00:000 / closing(02) para closing(5,7)(50)
Mensaje I / 00:00:00:000 / closing(02) para closing(6,0)(51)
Mensaje I / 00:00:00:000 / closing(02) para closing(6,1)(52)
Mensaje I / 00:00:00:000 / closing(02) para closing(6,2)(53)
Mensaje I / 00:00:00:000 / closing(02) para closing(6,3)(54)
Mensaje I / 00:00:00:000 / closing(02) para closing(6,4)(55)
Mensaje I / 00:00:00:000 / closing(02) para closing(6,5)(56)
Mensaje I / 00:00:00:000 / closing(02) para closing(6,6)(57)
Mensaje I / 00:00:00:000 / closing(02) para closing(6,7)(58)
Mensaje I / 00:00:00:000 / closing(02) para closing(7,0)(59)
Mensaje I / 00:00:00:000 / closing(02) para closing(7,1)(60)
Mensaje I / 00:00:00:000 / closing(02) para closing(7,2)(61)
Mensaje I / 00:00:00:000 / closing(02) para closing(7,3)(62)
Mensaje I / 00:00:00:000 / closing(02) para closing(7,4)(63)
Mensaje I / 00:00:00:000 / closing(02) para closing(7,5)(64)
Mensaje I / 00:00:00:000 / closing(02) para closing(7,6)(65)
Mensaje I / 00:00:00:000 / closing(02) para closing(7,7)(66)
Mensaje D / 00:00:00:000 / closing(0,0)(03) / ... para closing(02)
Mensaje D / 00:00:00:000 / closing(0,1)(04) / ... para closing(02)
Mensaje D / 00:00:00:000 / closing(0,2)(05) / 00:00:00:100 para closing(02)
Mensaje D / 00:00:00:000 / closing(0,3)(06) / 00:00:00:100 para closing(02)
Mensaje D / 00:00:00:000 / closing(0,4)(07) / 00:00:00:100 para closing(02)
Mensaje D / 00:00:00:000 / closing(0,5)(08) / 00:00:00:100 para closing(02)
Mensaje D / 00:00:00:000 / closing(0,6)(09) / 00:00:00:100 para closing(02)
Mensaje D / 00:00:00:000 / closing(0,7)(10) / ... para closing(02)
Mensaje D / 00:00:00:000 / closing(1,0)(11) / ... para closing(02)
Mensaje D / 00:00:00:000 / closing(1,1)(12) / ... para closing(02)
Mensaje D / 00:00:00:000 / closing(1,2)(13) / 00:00:00:100 para closing(02)
Mensaje D / 00:00:00:000 / closing(1,3)(14) / 00:00:00:100 para closing(02)
Mensaje D / 00:00:00:000 / closing(1,4)(15) / 00:00:00:100 para closing(02)
Mensaje D / 00:00:00:000 / closing(1,5)(16) / 00:00:00:100 para closing(02)
Mensaje D / 00:00:00:000 / closing(1,6)(17) / 00:00:00:100 para closing(02)
Mensaje D / 00:00:00:000 / closing(1,7)(18) / ... para closing(02)
Mensaje D / 00:00:00:000 / closing(2,0)(19) / ... para closing(02)
Mensaje D / 00:00:00:000 / closing(2,1)(20) / ... para closing(02)
Mensaje D / 00:00:00:000 / closing(2,2)(21) / 00:00:00:100 para closing(02)
Mensaje D / 00:00:00:000 / closing(2,3)(22) / 00:00:00:100 para closing(02)
Mensaje D / 00:00:00:000 / closing(2,4)(23) / 00:00:00:100 para closing(02)
Mensaje D / 00:00:00:000 / closing(2,5)(24) / 00:00:00:100 para closing(02)
Mensaje D / 00:00:00:000 / closing(2,6)(25) / 00:00:00:100 para closing(02)
Mensaje D / 00:00:00:000 / closing(2,7)(26) / ... para closing(02)
Mensaje D / 00:00:00:000 / closing(3,0)(27) / 00:00:00:100 para closing(02)
Mensaje D / 00:00:00:000 / closing(3,1)(28) / 00:00:00:100 para closing(02)
Mensaje D / 00:00:00:000 / closing(3,2)(29) / 00:00:00:100 para closing(02)
Mensaje D / 00:00:00:000 / closing(3,3)(30) / 00:00:00:100 para closing(02)
Mensaje D / 00:00:00:000 / closing(3,4)(31) / 00:00:00:100 para closing(02)
Mensaje D / 00:00:00:000 / closing(3,5)(32) / 00:00:00:100 para closing(02)
Mensaje D / 00:00:00:000 / closing(3,6)(33) / ... para closing(02)
Mensaje D / 00:00:00:000 / closing(3,7)(34) / ... para closing(02)
Mensaje D / 00:00:00:000 / closing(4,0)(35) / 00:00:00:100 para closing(02)
Mensaje D / 00:00:00:000 / closing(4,1)(36) / 00:00:00:100 para closing(02)
Mensaje D / 00:00:00:000 / closing(4,2)(37) / 00:00:00:100 para closing(02)
Mensaje D / 00:00:00:000 / closing(4,3)(38) / 00:00:00:100 para closing(02)
Mensaje D / 00:00:00:000 / closing(4,4)(39) / ... para closing(02)
Mensaje D / 00:00:00:000 / closing(4,5)(40) / ... para closing(02)
Mensaje D / 00:00:00:000 / closing(4,6)(41) / ... para closing(02)
Mensaje D / 00:00:00:000 / closing(4,7)(42) / 00:00:00:100 para closing(02)
Mensaje D / 00:00:00:000 / closing(5,0)(43) / 00:00:00:100 para closing(02)
Mensaje D / 00:00:00:000 / closing(5,1)(44) / 00:00:00:100 para closing(02)
Mensaje D / 00:00:00:000 / closing(5,2)(45) / 00:00:00:100 para closing(02)
Mensaje D / 00:00:00:000 / closing(5,3)(46) / 00:00:00:100 para closing(02)
Mensaje D / 00:00:00:000 / closing(5,4)(47) / ... para closing(02)
Mensaje D / 00:00:00:000 / closing(5,5)(48) / ... para closing(02)
Mensaje D / 00:00:00:000 / closing(5,6)(49) / ... para closing(02)
Mensaje D / 00:00:00:000 / closing(5,7)(50) / 00:00:00:100 para closing(02)
Mensaje D / 00:00:00:000 / closing(6,0)(51) / 00:00:00:100 para closing(02)
Mensaje D / 00:00:00:000 / closing(6,1)(52) / 00:00:00:100 para closing(02)
Mensaje D / 00:00:00:000 / closing(6,2)(53) / 00:00:00:100 para closing(02)
Mensaje D / 00:00:00:000 / closing(6,3)(54) / 00:00:00:100 para closing(02)
Mensaje D / 00:00:00:000 / closing(6,4)(55) / ... para closing(02)
Mensaje D / 00:00:00:000 / closing(6,5)(56) / ... para closing(02)
Mensaje D / 00:00:00:000 / closing(6,6)(57) / ... para closing(02)
Mensaje D / 00:00:00:000 / closing(6,7)(58) / 00:00:00:100 para closing(02)
Mensaje D / 00:00:00:000 / closing(7,0)(59) / 00:00:00:100 para closing(02)
Mensaje D / 00:00:00:000 / closing(7,1)(60) / 00:00:00:100 para closing(02)
Mensaje D / 00:00:00:000 / closing(7,2)(61) / 00:00:00:100 para closing(02)
Mensaje D / 00:00:00:000 / closing(7,3)(62) / 00:00:00:100 para closing(02)
Mensaje D / 00:00:00:000 / closing(7,4)(63) / 00:00:00:100 para closing(02)
Mensaje D / 00:00:00:000 / closing(7,5)(64) / 00:00:00:100 para closing(02)
Mensaje D / 00:00:00:000 / closing(7,6)(65) / ... para closing(02)
Mensaje D / 00:00:00:000 / closing(7,7)(66) / ... para closing(02)
Mensaje D / 00:00:00:000 / closing(02) / 00:00:00:100 para top(01)
Mensaje D / 00:00:00:000 / top(01) / 00:00:00:100 para Root(00)
Mensaje * / 00:00:00:100 / Root(00) para top(01)
Mensaje * / 00:00:00:100 / top(01) para closing(02)
Mensaje * / 00:00:00:100 / closing(02) para closing(0,2)(05)
Mensaje * / 00:00:00:100 / closing(02) para closing(0,3)(06)
Mensaje * / 00:00:00:100 / closing(02) para closing(0,4)(07)
Mensaje * / 00:00:00:100 / closing(02) para closing(0,5)(08)
Mensaje * / 00:00:00:100 / closing(02) para closing(0,6)(09)
Mensaje * / 00:00:00:100 / closing(02) para closing(1,2)(13)
Mensaje * / 00:00:00:100 / closing(02) para closing(1,3)(14)
Mensaje * / 00:00:00:100 / closing(02) para closing(1,4)(15)
Mensaje * / 00:00:00:100 / closing(02) para closing(1,5)(16)
Mensaje * / 00:00:00:100 / closing(02) para closing(1,6)(17)
Mensaje * / 00:00:00:100 / closing(02) para closing(2,2)(21)
Mensaje * / 00:00:00:100 / closing(02) para closing(2,3)(22)
Mensaje * / 00:00:00:100 / closing(02) para closing(2,4)(23)
Mensaje * / 00:00:00:100 / closing(02) para closing(2,5)(24)
Mensaje * / 00:00:00:100 / closing(02) para closing(2,6)(25)
Mensaje * / 00:00:00:100 / closing(02) para closing(3,0)(27)
Mensaje * / 00:00:00:100 / closing(02) para closing(3,1)(28)
Mensaje * / 00:00:00:100 / closing(02) para closing(3,2)(29)
Mensaje * / 00:00:00:100 / closing(02) para closing(3,3)(30)
Mensaje * / 00:00:00:100 / closing(02) para closing(3,4)(31)
Mensaje * / 00:00:00:100 / closing(02) para closing(3,5)(32)
Mensaje * / 00:00:00:100 / closing(02) para closing(4,0)(35)
Mensaje * / 00:00:00:100 / closing(02) para closing(4,1)(36)
Mensaje * / 00:00:00:100 / closing(02) para closing(4,2)(37)
Mensaje * / 00:00:00:100 / closing(02) para closing(4,3)(38)
Mensaje * / 00:00:00:100 / closing(02) para closing(4,7)(42)
Mensaje * / 00:00:00:100 / closing(02) para closing(5,0)(43)
Mensaje * / 00:00:00:100 / closing(02) para closing(5,1)(44)
Mensaje * / 00:00:00:100 / closing(02) para closing(5,2)(45)
Mensaje * / 00:00:00:100 / closing(02) para closing(5,3)(46)
Mensaje * / 00:00:00:100 / closing(02) para closing(5,7)(50)
Mensaje * / 00:00:00:100 / closing(02) para closing(6,0)(51)
Mensaje * / 00:00:00:100 / closing(02) para closing(6,1)(52)
Mensaje * / 00:00:00:100 / closing(02) para closing(6,2)(53)
Mensaje * / 00:00:00:100 / closing(02) para closing(6,3)(54)
Mensaje * / 00:00:00:100 / closing(02) para closing(6,7)(58)
Mensaje * / 00:00:00:100 / closing(02) para closing(7,0)(59)
Mensaje * / 00:00:00:100 / closing(02) para closing(7,1)(60)
Mensaje * / 00:00:00:100 / closing(02) para closing(7,2)(61)
Mensaje * / 00:00:00:100 / closing(02) para closing(7,3)(62)
Mensaje * / 00:00:00:100 / closing(02) para closing(7,4)(63)
Mensaje * / 00:00:00:100 / closing(02) para closing(7,5)(64)
Mensaje Y / 00:00:00:100 / closing(0,2)(05) / out /      2.00000 para closing(02)
Mensaje D / 00:00:00:100 / closing(0,2)(05) / ... para closing(02)
Mensaje Y / 00:00:00:100 / closing(0,3)(06) / out /      2.00000 para closing(02)
Mensaje D / 00:00:00:100 / closing(0,3)(06) / ... para closing(02)
Mensaje Y / 00:00:00:100 / closing(0,4)(07) / out /      2.00000 para closing(02)
Mensaje D / 00:00:00:100 / closing(0,4)(07) / ... para closing(02)
Mensaje Y / 00:00:00:100 / closing(0,5)(08) / out /      2.00000 para closing(02)
Mensaje D / 00:00:00:100 / closing(0,5)(08) / ... para closing(02)
Mensaje Y / 00:00:00:100 / closing(0,6)(09) / out /      2.00000 para closing(02)
Mensaje D / 00:00:00:100 / closing(0,6)(09) / ... para closing(02)
Mensaje Y / 00:00:00:100 / closing(1,2)(13) / out /      2.00000 para closing(02)
Mensaje D / 00:00:00:100 / closing(1,2)(13) / ... para closing(02)
Mensaje Y / 00:00:00:100 / closing(1,3)(14) / out /      2.00000 para closing(02)
Mensaje D / 00:00:00:100 / closing(1,3)(14) / ... para closing(02)
Mensaje Y / 00:00:00:100 / closing(1,4)(15) / out /      2.00000 para closing(02)
Mensaje D / 00:00:00:100 / closing(1,4)(15) / ... para closing(02)
Mensaje Y / 00:00:00:100 / closing(1,5)(16) / out /      2.00000 para closing(02)
Mensaje D / 00:00:00:100 / closing(1,5)(16) / ... para closing(02)
Mensaje Y / 00:00:00:100 / closing(1,6)(17) / out /      2.00000 para closing(02)
Mensaje D / 00:00:00:100 / closing(1,6)(17) / ... para closing(02)
Mensaje Y / 00:00:00:100 / closing(2,2)(21) / out /      2.00000 para closing(02)
Mensaje D / 00:00:00:100 / closing(2,2)(21) / ... para closing(02)
Mensaje Y / 00:00:00:100 / closing(2,3)(22) / out /      2.00000 para closing(02)
Mensaje D / 00:00:00:100 / closing(2,3)(22) / ... para closing(02)
Mensaje Y / 00:00:00:100 / closing(2,4)(23) / out /      2.00000 para closing(02)
Mensaje D / 00:00:00:100 / closing(2,4)(23) / ... para closing(02)
Mensaje Y / 00:00:00:100 / closing(2,5)(24) / out /      2.00000 para closing(02)
Mensaje D / 00:00:00:100 / closing(2,5)(24) / ... para closing(02)
Mensaje Y / 00:00:00:100 / closing(2,6)(25) / out /      2.00000 para closing(02)
Mensaje D / 00:00:00:100 / closing(2,6)(25) / ... para closing(02)
Mensaje Y / 00:00:00:100 / closing(3,0)(27) / out /      2.00000 para closing(02)
Mensaje D / 00:00:00:100 / closing(3,0)(27) / ... para closing(02)
Mensaje Y / 00:00:00:100 / closing(3,1)(28) / out /      2.00000 para closing(02)
Mensaje D / 00:00:00:100 / closing(3,1)(28) / ... para closing(02)
Mensaje Y / 00:00:00:100 / closing(3,2)(29) / out /      2.00000 para closing(02)
Mensaje D / 00:00:00:100 / closing(3,2)(29) / ... para closing(02)
Mensaje Y / 00:00:00:100 / closing(3,3)(30) / out /      2.00000 para closing(02)
Mensaje D / 00:00:00:100 / closing(3,3)(30) / ... para closing(02)
Mensaje Y / 00:00:00:100 / closing(3,4)(31) / out /      2.00000 para closing(02)
Mensaje D / 00:00:00:100 / closing(3,4)(31) / ... para closing(02)
Mensaje Y / 00:00:00:100 / closing(3,5)(32) / out /      2.00000 para closing(02)
Mensaje D / 00:00:00:100 / closing(3,5)(32) / ... para closing(02)
Mensaje Y / 00:00:00:100 / closing(4,0)(35) / out /      2.00000 para closing(02)
Mensaje D / 00:00:00:100 / closing(4,0)(35) / ... para closing(02)
Mensaje Y / 00:00:00:100 / closing(4,1)(36) / out /      2.00000 para closing(02)
Mensaje D / 00:00:00:100 / closing(4,1)(36) / ... para closing(02)
Mensaje Y / 00:00:00:100 / closing(4,2)(37) / out /      2.00000 para closing(02)
Mensaje D / 00:00:00:100 / closing(4,2)(37) / ... para closing(02)
Mensaje Y / 00:00:00:100 / closing(4,3)(38) / out /      2.00000 para closing(02)
Mensaje D / 00:00:00:100 / closing(4,3)(38) / ... para closing(02)
Mensaje Y / 00:00:00:100 / closing(4,7)(42) / out /      2.00000 para closing(02)
Mensaje D / 00:00:00:100 / closing(4,7)(42) / ... para closing(02)
Mensaje Y / 00:00:00:100 / closing(5,0)(43) / out /      2.00000 para closing(02)
Mensaje D / 00:00:00:100 / closing(5,0)(43) / ... para closing(02)
Mensaje Y / 00:00:00:100 / closing(5,1)(44) / out /      2.00000 para closing(02)
Mensaje D / 00:00:00:100 / closing(5,1)(44) / ... para closing(02)
Mensaje Y / 00:00:00:100 / closing(5,2)(45) / out /      2.00000 para closing(02)
Mensaje D / 00:00:00:100 / closing(5,2)(45) / ... para closing(02)
Mensaje Y / 00:00:00:100 / closing(5,3)(46) / out /      2.00000 para closing(02)
Mensaje D / 00:00:00:100 / closing(5,3)(46) / ... para closing(02)
Mensaje Y / 00:00:00:100 / closing(5,7)(50) / out /      2.00000 para closing(02)
Mensaje D / 00:00:00:100 / closing(5,7)(50) / ... para closing(02)
Mensaje Y / 00:00:00:100 / closing(6,0)(51) / out /      2.00000 para closing(02)
Mensaje D / 00:00:00:100 / closing(6,0)(51) / ... para closing(02)
Mensaje Y / 00:00:00:100 / closing(6,1)(52) / out /      2.00000 para closing(02)
Mensaje D / 00:00:00:100 / closing(6,1)(52) / ... para closing(02)
Mensaje Y / 00:00:00:100 / closing(6,2)(53) / out /      2.00000 para closing(02)
Mensaje D / 00:00:00:100 / closing(6,2)(53) / ... para closing(02)
Mensaje Y / 00:00:00:100 / closing(6,3)(54) / out /      2.00000 para closing(02)
Mensaje D / 00:00:00:100 / closing(6,3)(54) / ... para closing(02)
Mensaje Y / 00:00:00:100 / closing(6,7)(58) / out /      2.00000 para closing(02)
Mensaje D / 00:00:00:100 / closing(6,7)(58) / ... para closing(02)
Mensaje Y / 00:00:00:100 / closing(7,0)(59) / out /      2.00000 para closing(02)
Mensaje D / 00:00:00:100 / closing(7,0)(59) / ... para closing(02)
Mensaje Y / 00:00:00:100 / closing(7,1)(60) / out /      2.00000 para closing(02)
Mensaje D / 00:00:00:100 / closing(7,1)(60) / ... para closing(02)
Mensaje Y / 00:00:00:100 / closing(7,2)(61) / out /      2.00000 para closing(02)
Mensaje D / 00:00:00:100 / closing(7,2)(61) / ... para closing(02)
Mensaje Y / 00:00:00:100 / closing(7,3)(62) / out /      2.00000 para closing(02)
Mensaje D / 00:00:00:100 / closing(7,3)(62) / ... para closing(02)
Mensaje Y / 00:00:00:100 / closing(7,4)(63) / out /      2.00000 para closing(02)
Mensaje D / 00:00:00:100 / closing(7,4)(63) / ... para closing(02)
Mensaje Y / 00:00:00:100 / closing(7,5)(64) / out /      2.00000 para closing(02)
Mensaje D / 00:00:00:100 / closing(7,5)(64) / ... para closing(02)
Mensaje X / 00:00:00:100 / closing(02) / neighborchange /      2.00000 para closing(0,1)(04)
Mensaje X / 00:00:00:100 / closing(02) / neighborchange /      2.00000 para closing(0,2)(05)
Mensaje X / 00:00:00:100 / closing(02) / neighborchange /      2.00000 para closing(0,3)(06)
Mensaje X / 00:00:00:100 / closing(02) / neighborchange /      2.00000 para closing(1,2)(13)
Mensaje X / 00:00:00:100 / closing(02) / neighborchange /      2.00000 para closing(7,2)(61)
Mensaje X / 00:00:00:100 / closing(02) / neighborchange /      2.00000 para closing(0,4)(07)
Mensaje X / 00:00:00:100 / closing(02) / neighborchange /      2.00000 para closing(1,3)(14)
Mensaje X / 00:00:00:100 / closing(02) / neighborchange /      2.00000 para closing(7,3)(62)
Mensaje X / 00:00:00:100 / closing(02) / neighborchange /      2.00000 para closing(0,5)(08)
Mensaje X / 00:00:00:100 / closing(02) / neighborchange /      2.00000 para closing(1,4)(15)
Mensaje X / 00:00:00:100 / closing(02) / neighborchange /      2.00000 para closing(7,4)(63)
Mensaje X / 00:00:00:100 / closing(02) / neighborchange /      2.00000 para closing(0,6)(09)
Mensaje X / 00:00:00:100 / closing(02) / neighborchange /      2.00000 para closing(1,5)(16)
Mensaje X / 00:00:00:100 / closing(02) / neighborchange /      2.00000 para closing(7,5)(64)
Mensaje X / 00:00:00:100 / closing(02) / neighborchange /      2.00000 para closing(0,7)(10)
Mensaje X / 00:00:00:100 / closing(02) / neighborchange /      2.00000 para closing(1,6)(17)
Mensaje X / 00:00:00:100 / closing(02) / neighborchange /      2.00000 para closing(7,6)(65)
Mensaje X / 00:00:00:100 / closing(02) / neighborchange /      2.00000 para closing(1,1)(12)
Mensaje X / 00:00:00:100 / closing(02) / neighborchange /      2.00000 para closing(2,2)(21)
Mensaje X / 00:00:00:100 / closing(02) / neighborchange /      2.00000 para closing(2,3)(22)
Mensaje X / 00:00:00:100 / closing(02) / neighborchange /      2.00000 para closing(2,4)(23)
Mensaje X / 00:00:00:100 / closing(02) / neighborchange /      2.00000 para closing(2,5)(24)
Mensaje X / 00:00:00:100 / closing(02) / neighborchange /      2.00000 para closing(1,7)(18)
Mensaje X / 00:00:00:100 / closing(02) / neighborchange /      2.00000 para closing(2,6)(25)
Mensaje X / 00:00:00:100 / closing(02) / neighborchange /      2.00000 para closing(2,1)(20)
Mensaje X / 00:00:00:100 / closing(02) / neighborchange /      2.00000 para closing(3,2)(29)
Mensaje X / 00:00:00:100 / closing(02) / neighborchange /      2.00000 para closing(3,3)(30)
Mensaje X / 00:00:00:100 / closing(02) / neighborchange /      2.00000 para closing(3,4)(31)
Mensaje X / 00:00:00:100 / closing(02) / neighborchange /      2.00000 para closing(3,5)(32)
Mensaje X / 00:00:00:100 / closing(02) / neighborchange /      2.00000 para closing(2,7)(26)
Mensaje X / 00:00:00:100 / closing(02) / neighborchange /      2.00000 para closing(3,6)(33)
Mensaje X / 00:00:00:100 / closing(02) / neighborchange /      2.00000 para closing(2,0)(19)
Mensaje X / 00:00:00:100 / closing(02) / neighborchange /      2.00000 para closing(3,0)(27)
Mensaje X / 00:00:00:100 / closing(02) / neighborchange /      2.00000 para closing(3,1)(28)
Mensaje X / 00:00:00:100 / closing(02) / neighborchange /      2.00000 para closing(3,7)(34)
Mensaje X / 00:00:00:100 / closing(02) / neighborchange /      2.00000 para closing(4,0)(35)
Mensaje X / 00:00:00:100 / closing(02) / neighborchange /      2.00000 para closing(4,1)(36)
Mensaje X / 00:00:00:100 / closing(02) / neighborchange /      2.00000 para closing(4,2)(37)
Mensaje X / 00:00:00:100 / closing(02) / neighborchange /      2.00000 para closing(4,3)(38)
Mensaje X / 00:00:00:100 / closing(02) / neighborchange /      2.00000 para closing(4,4)(39)
Mensaje X / 00:00:00:100 / closing(02) / neighborchange /      2.00000 para closing(4,5)(40)
Mensaje X / 00:00:00:100 / closing(02) / neighborchange /      2.00000 para closing(4,7)(42)
Mensaje X / 00:00:00:100 / closing(02) / neighborchange /      2.00000 para closing(5,0)(43)
Mensaje X / 00:00:00:100 / closing(02) / neighborchange /      2.00000 para closing(5,1)(44)
Mensaje X / 00:00:00:100 / closing(02) / neighborchange /      2.00000 para closing(5,2)(45)
Mensaje X / 00:00:00:100 / closing(02) / neighborchange /      2.00000 para closing(5,3)(46)
Mensaje X / 00:00:00:100 / closing(02) / neighborchange /      2.00000 para closing(4,6)(41)
Mensaje X / 00:00:00:100 / closing(02) / neighborchange /      2.00000 para closing(5,7)(50)
Mensaje X / 00:00:00:100 / closing(02) / neighborchange /      2.00000 para closing(6,0)(51)
Mensaje X / 00:00:00:100 / closing(02) / neighborchange /      2.00000 para closing(6,1)(52)
Mensaje X / 00:00:00:100 / closing(02) / neighborchange /      2.00000 para closing(6,2)(53)
Mensaje X / 00:00:00:100 / closing(02) / neighborchange /      2.00000 para closing(5,4)(47)
Mensaje X / 00:00:00:100 / closing(02) / neighborchange /      2.00000 para closing(6,3)(54)
Mensaje X / 00:00:00:100 / closing(02) / neighborchange /      2.00000 para closing(5,6)(49)
Mensaje X / 00:00:00:100 / closing(02) / neighborchange /      2.00000 para closing(6,7)(58)
Mensaje X / 00:00:00:100 / closing(02) / neighborchange /      2.00000 para closing(7,0)(59)
Mensaje X / 00:00:00:100 / closing(02) / neighborchange /      2.00000 para closing(7,1)(60)
Mensaje X / 00:00:00:100 / closing(02) / neighborchange /      2.00000 para closing(6,4)(55)
Mensaje X / 00:00:00:100 / closing(02) / neighborchange /      2.00000 para closing(6,6)(57)
Mensaje X / 00:00:00:100 / closing(02) / neighborchange /      2.00000 para closing(7,7)(66)
Mensaje X / 00:00:00:100 / closing(02) / neighborchange /      2.00000 para closing(0,0)(03)
Mensaje X / 00:00:00:100 / closing(02) / neighborchange /      2.00000 para closing(6,5)(56)
Mensaje D / 00:00:00:100 / closing(0,1)(04) / ... para closing(02)
Mensaje D / 00:00:00:100 / closing(0,2)(05) / 00:00:00:100 para closing(02)
Mensaje D / 00:00:00:100 / closing(0,3)(06) / 00:00:00:100 para closing(02)
Mensaje D / 00:00:00:100 / closing(1,2)(13) / 00:00:00:100 para closing(02)
Mensaje D / 00:00:00:100 / closing(7,2)(61) / 00:00:00:100 para closing(02)
Mensaje D / 00:00:00:100 / closing(0,4)(07) / 00:00:00:100 para closing(02)
Mensaje D / 00:00:00:100 / closing(1,3)(14) / 00:00:00:100 para closing(02)
Mensaje D / 00:00:00:100 / closing(7,3)(62) / 00:00:00:100 para closing(02)
Mensaje D / 00:00:00:100 / closing(0,5)(08) / 00:00:00:100 para closing(02)
Mensaje D / 00:00:00:100 / closing(1,4)(15) / 00:00:00:100 para closing(02)
Mensaje D / 00:00:00:100 / closing(7,4)(63) / 00:00:00:100 para closing(02)
Mensaje D / 00:00:00:100 / closing(0,6)(09) / 00:00:00:100 para closing(02)
Mensaje D / 00:00:00:100 / closing(1,5)(16) / 00:00:00:100 para closing(02)
Mensaje D / 00:00:00:100 / closing(7,5)(64) / 00:00:00:100 para closing(02)
Mensaje D / 00:00:00:100 / closing(0,7)(10) / ... para closing(02)
Mensaje D / 00:00:00:100 / closing(1,6)(17) / 00:00:00:100 para closing(02)
Mensaje D / 00:00:00:100 / closing(7,6)(65) / ... para closing(02)
Mensaje D / 00:00:00:100 / closing(1,1)(12) / ... para closing(02)
Mensaje D / 00:00:00:100 / closing(2,2)(21) / 00:00:00:100 para closing(02)
Mensaje D / 00:00:00:100 / closing(2,3)(22) / 00:00:00:100 para closing(02)
Mensaje D / 00:00:00:100 / closing(2,4)(23) / 00:00:00:100 para closing(02)
Mensaje D / 00:00:00:100 / closing(2,5)(24) / 00:00:00:100 para closing(02)
Mensaje D / 00:00:00:100 / closing(1,7)(18) / ... para closing(02)
Mensaje D / 00:00:00:100 / closing(2,6)(25) / 00:00:00:100 para closing(02)
Mensaje D / 00:00:00:100 / closing(2,1)(20) / ... para closing(02)
Mensaje D / 00:00:00:100 / closing(3,2)(29) / 00:00:00:100 para closing(02)
Mensaje D / 00:00:00:100 / closing(3,3)(30) / 00:00:00:100 para closing(02)
Mensaje D / 00:00:00:100 / closing(3,4)(31) / 00:00:00:100 para closing(02)
Mensaje D / 00:00:00:100 / closing(3,5)(32) / 00:00:00:100 para closing(02)
Mensaje D / 00:00:00:100 / closing(2,7)(26) / ... para closing(02)
Mensaje D / 00:00:00:100 / closing(3,6)(33) / ... para closing(02)
Mensaje D / 00:00:00:100 / closing(2,0)(19) / ... para closing(02)
Mensaje D / 00:00:00:100 / closing(3,0)(27) / 00:00:00:100 para closing(02)
Mensaje D / 00:00:00:100 / closing(3,1)(28) / 00:00:00:100 para closing(02)
Mensaje D / 00:00:00:100 / closing(3,7)(34) / ... para closing(02)
Mensaje D / 00:00:00:100 / closing(4,0)(35) / 00:00:00:100 para closing(02)
Mensaje D / 00:00:00:100 / closing(4,1)(36) / 00:00:00:100 para closing(02)
Mensaje D / 00:00:00:100 / closing(4,2)(37) / 00:00:00:100 para closing(02)
Mensaje D / 00:00:00:100 / closing(4,3)(38) / 00:00:00:100 para closing(02)
Mensaje D / 00:00:00:100 / closing(4,4)(39) / ... para closing(02)
Mensaje D / 00:00:00:100 / closing(4,5)(40) / ... para closing(02)
Mensaje D / 00:00:00:100 / closing(4,7)(42) / 00:00:00:100 para closing(02)
Mensaje D / 00:00:00:100 / closing(5,0)(43) / 00:00:00:100 para closing(02)
Mensaje D / 00:00:00:100 / closing(5,1)(44) / 00:00:00:100 para closing(02)
Mensaje D / 00:00:00:100 / closing(5,2)(45) / 00:00:00:100 para closing(02)
Mensaje D / 00:00:00:100 / closing(5,3)(46) / 00:00:00:100 para closing(02)
Mensaje D / 00:00:00:100 / closing(4,6)(41) / ... para closing(02)
Mensaje D / 00:00:00:100 / closing(5,7)(50) / 00:00:00:100 para closing(02)
Mensaje D / 00:00:00:100 / closing(6,0)(51) / 00:00:00:100 para closing(02)
Mensaje D / 00:00:00:100 / closing(6,1)(52) / 00:00:00:100 para closing(02)
Mensaje D / 00:00:00:100 / closing(6,2)(53) / 00:00:00:100 para closing(02)
Mensaje D / 00:00:00:100 / closing(5,4)(47) / ... para closing(02)
Mensaje D / 00:00:00:100 / closing(6,3)(54) / 00:00:00:100 para closing(02)
Mensaje D / 00:00:00:100 / closing(5,6)(49) / ... para closing(02)
Mensaje D / 00:00:00:100 / closing(6,7)(58) / 00:00:00:100 para closing(02)
Mensaje D / 00:00:00:100 / closing(7,0)(59) / 00:00:00:100 para closing(02)
Mensaje D / 00:00:00:100 / closing(7,1)(60) / 00:00:00:100 para closing(02)
Mensaje D / 00:00:00:100 / closing(6,4)(55) / ... para closing(02)
Mensaje D / 00:00:00:100 / closing(6,6)(57) / ... para closing(02)
Mensaje D / 00:00:00:100 / closing(7,7)(66) / ... para closing(02)
Mensaje D / 00:00:00:100 / closing(0,0)(03) / ... para closing(02)
Mensaje D / 00:00:00:100 / closing(6,5)(56) / ... para closing(02)
Mensaje D / 00:00:00:100 / closing(02) / 00:00:00:100 para top(01)
Mensaje D / 00:00:00:100 / top(01) / 00:00:00:100 para Root(00)
Mensaje * / 00:00:00:200 / Root(00) para top(01)
Mensaje * / 00:00:00:200 / top(01) para closing(02)
Mensaje * / 00:00:00:200 / closing(02) para closing(0,2)(05)
Mensaje * / 00:00:00:200 / closing(02) para closing(0,3)(06)
Mensaje * / 00:00:00:200 / closing(02) para closing(1,2)(13)
Mensaje * / 00:00:00:200 / closing(02) para closing(7,2)(61)
Mensaje * / 00:00:00:200 / closing(02) para closing(0,4)(07)
Mensaje * / 00:00:00:200 / closing(02) para closing(1,3)(14)
Mensaje * / 00:00:00:200 / closing(02) para closing(7,3)(62)
Mensaje * / 00:00:00:200 / closing(02) para closing(0,5)(08)
Mensaje * / 00:00:00:200 / closing(02) para closing(1,4)(15)
Mensaje * / 00:00:00:200 / closing(02) para closing(7,4)(63)
Mensaje * / 00:00:00:200 / closing(02) para closing(0,6)(09)
Mensaje * / 00:00:00:200 / closing(02) para closing(1,5)(16)
Mensaje * / 00:00:00:200 / closing(02) para closing(7,5)(64)
Mensaje * / 00:00:00:200 / closing(02) para closing(1,6)(17)
Mensaje * / 00:00:00:200 / closing(02) para closing(2,2)(21)
Mensaje * / 00:00:00:200 / closing(02) para closing(2,3)(22)
Mensaje * / 00:00:00:200 / closing(02) para closing(2,4)(23)
Mensaje * / 00:00:00:200 / closing(02) para closing(2,5)(24)
Mensaje * / 00:00:00:200 / closing(02) para closing(2,6)(25)
Mensaje * / 00:00:00:200 / closing(02) para closing(3,2)(29)
Mensaje * / 00:00:00:200 / closing(02) para closing(3,3)(30)
Mensaje * / 00:00:00:200 / closing(02) para closing(3,4)(31)
Mensaje * / 00:00:00:200 / closing(02) para closing(3,5)(32)
Mensaje * / 00:00:00:200 / closing(02) para closing(3,0)(27)
Mensaje * / 00:00:00:200 / closing(02) para closing(3,1)(28)
Mensaje * / 00:00:00:200 / closing(02) para closing(4,0)(35)
Mensaje * / 00:00:00:200 / closing(02) para closing(4,1)(36)
Mensaje * / 00:00:00:200 / closing(02) para closing(4,2)(37)
Mensaje * / 00:00:00:200 / closing(02) para closing(4,3)(38)
Mensaje * / 00:00:00:200 / closing(02) para closing(4,7)(42)
Mensaje * / 00:00:00:200 / closing(02) para closing(5,0)(43)
Mensaje * / 00:00:00:200 / closing(02) para closing(5,1)(44)
Mensaje * / 00:00:00:200 / closing(02) para closing(5,2)(45)
Mensaje * / 00:00:00:200 / closing(02) para closing(5,3)(46)
Mensaje * / 00:00:00:200 / closing(02) para closing(5,7)(50)
Mensaje * / 00:00:00:200 / closing(02) para closing(6,0)(51)
Mensaje * / 00:00:00:200 / closing(02) para closing(6,1)(52)
Mensaje * / 00:00:00:200 / closing(02) para closing(6,2)(53)
Mensaje * / 00:00:00:200 / closing(02) para closing(6,3)(54)
Mensaje * / 00:00:00:200 / closing(02) para closing(6,7)(58)
Mensaje * / 00:00:00:200 / closing(02) para closing(7,0)(59)
Mensaje * / 00:00:00:200 / closing(02) para closing(7,1)(60)
Mensaje Y / 00:00:00:200 / closing(0,2)(05) / out /      0.00000 para closing(02)
Mensaje D / 00:00:00:200 / closing(0,2)(05) / ... para closing(02)
Mensaje Y / 00:00:00:200 / closing(0,3)(06) / out /      3.00000 para closing(02)
Mensaje D / 00:00:00:200 / closing(0,3)(06) / ... para closing(02)
Mensaje Y / 00:00:00:200 / closing(1,2)(13) / out /      0.00000 para closing(02)
Mensaje D / 00:00:00:200 / closing(1,2)(13) / ... para closing(02)
Mensaje Y / 00:00:00:200 / closing(7,2)(61) / out /      3.00000 para closing(02)
Mensaje D / 00:00:00:200 / closing(7,2)(61) / ... para closing(02)
Mensaje Y / 00:00:00:200 / closing(0,4)(07) / out /      3.00000 para closing(02)
Mensaje D / 00:00:00:200 / closing(0,4)(07) / ... para closing(02)
Mensaje Y / 00:00:00:200 / closing(1,3)(14) / out /      3.00000 para closing(02)
Mensaje D / 00:00:00:200 / closing(1,3)(14) / ... para closing(02)
Mensaje Y / 00:00:00:200 / closing(7,3)(62) / out /      3.00000 para closing(02)
Mensaje D / 00:00:00:200 / closing(7,3)(62) / ... para closing(02)
Mensaje Y / 00:00:00:200 / closing(0,5)(08) / out /      3.00000 para closing(02)
Mensaje D / 00:00:00:200 / closing(0,5)(08) / ... para closing(02)
Mensaje Y / 00:00:00:200 / closing(1,4)(15) / out /      3.00000 para closing(02)
Mensaje D / 00:00:00:200 / closing(1,4)(15) / ... para closing(02)
Mensaje Y / 00:00:00:200 / closing(7,4)(63) / out /      0.00000 para closing(02)
Mensaje D / 00:00:00:200 / closing(7,4)(63) / ... para closing(02)
Mensaje Y / 00:00:00:200 / closing(0,6)(09) / out /      0.00000 para closing(02)
Mensaje D / 00:00:00:200 / closing(0,6)(09) / ... para closing(02)
Mensaje Y / 00:00:00:200 / closing(1,5)(16) / out /      3.00000 para closing(02)
Mensaje D / 00:00:00:200 / closing(1,5)(16) / ... para closing(02)
Mensaje Y / 00:00:00:200 / closing(7,5)(64) / out /      0.00000 para closing(02)
Mensaje D / 00:00:00:200 / closing(7,5)(64) / ... para closing(02)
Mensaje Y / 00:00:00:200 / closing(1,6)(17) / out /      0.00000 para closing(02)
Mensaje D / 00:00:00:200 / closing(1,6)(17) / ... para closing(02)
Mensaje Y / 00:00:00:200 / closing(2,2)(21) / out /      0.00000 para closing(02)
Mensaje D / 00:00:00:200 / closing(2,2)(21) / ... para closing(02)
Mensaje Y / 00:00:00:200 / closing(2,3)(22) / out /      3.00000 para closing(02)
Mensaje D / 00:00:00:200 / closing(2,3)(22) / ... para closing(02)
Mensaje Y / 00:00:00:200 / closing(2,4)(23) / out /      3.00000 para closing(02)
Mensaje D / 00:00:00:200 / closing(2,4)(23) / ... para closing(02)
Mensaje Y / 00:00:00:200 / closing(2,5)(24) / out /      3.00000 para closing(02)
Mensaje D / 00:00:00:200 / closing(2,5)(24) / ... para closing(02)
Mensaje Y / 00:00:00:200 / closing(2,6)(25) / out /      0.00000 para closing(02)
Mensaje D / 00:00:00:200 / closing(2,6)(25) / ... para closing(02)
Mensaje Y / 00:00:00:200 / closing(3,2)(29) / out /      3.00000 para closing(02)
Mensaje D / 00:00:00:200 / closing(3,2)(29) / ... para closing(02)
Mensaje Y / 00:00:00:200 / closing(3,3)(30) / out /      3.00000 para closing(02)
Mensaje D / 00:00:00:200 / closing(3,3)(30) / ... para closing(02)
Mensaje Y / 00:00:00:200 / closing(3,4)(31) / out /      0.00000 para closing(02)
Mensaje D / 00:00:00:200 / closing(3,4)(31) / ... para closing(02)
Mensaje Y / 00:00:00:200 / closing(3,5)(32) / out /      0.00000 para closing(02)
Mensaje D / 00:00:00:200 / closing(3,5)(32) / ... para closing(02)
Mensaje Y / 00:00:00:200 / closing(3,0)(27) / out /      0.00000 para closing(02)
Mensaje D / 00:00:00:200 / closing(3,0)(27) / ... para closing(02)
Mensaje Y / 00:00:00:200 / closing(3,1)(28) / out /      0.00000 para closing(02)
Mensaje D / 00:00:00:200 / closing(3,1)(28) / ... para closing(02)
Mensaje Y / 00:00:00:200 / closing(4,0)(35) / out /      3.00000 para closing(02)
Mensaje D / 00:00:00:200 / closing(4,0)(35) / ... para closing(02)
Mensaje Y / 00:00:00:200 / closing(4,1)(36) / out /      3.00000 para closing(02)
Mensaje D / 00:00:00:200 / closing(4,1)(36) / ... para closing(02)
Mensaje Y / 00:00:00:200 / closing(4,2)(37) / out /      3.00000 para closing(02)
Mensaje D / 00:00:00:200 / closing(4,2)(37) / ... para closing(02)
Mensaje Y / 00:00:00:200 / closing(4,3)(38) / out /      0.00000 para closing(02)
Mensaje D / 00:00:00:200 / closing(4,3)(38) / ... para closing(02)
Mensaje Y / 00:00:00:200 / closing(4,7)(42) / out /      0.00000 para closing(02)
Mensaje D / 00:00:00:200 / closing(4,7)(42) / ... para closing(02)
Mensaje Y / 00:00:00:200 / closing(5,0)(43) / out /      3.00000 para closing(02)
Mensaje D / 00:00:00:200 / closing(5,0)(43) / ... para closing(02)
Mensaje Y / 00:00:00:200 / closing(5,1)(44) / out /      3.00000 para closing(02)
Mensaje D / 00:00:00:200 / closing(5,1)(44) / ... para closing(02)
Mensaje Y / 00:00:00:200 / closing(5,2)(45) / out /      3.00000 para closing(02)
Mensaje D / 00:00:00:200 / closing(5,2)(45) / ... para closing(02)
Mensaje Y / 00:00:00:200 / closing(5,3)(46) / out /      0.00000 para closing(02)
Mensaje D / 00:00:00:200 / closing(5,3)(46) / ... para closing(02)
Mensaje Y / 00:00:00:200 / closing(5,7)(50) / out /      0.00000 para closing(02)
Mensaje D / 00:00:00:200 / closing(5,7)(50) / ... para closing(02)
Mensaje Y / 00:00:00:200 / closing(6,0)(51) / out /      3.00000 para closing(02)
Mensaje D / 00:00:00:200 / closing(6,0)(51) / ... para closing(02)
Mensaje Y / 00:00:00:200 / closing(6,1)(52) / out /      3.00000 para closing(02)
Mensaje D / 00:00:00:200 / closing(6,1)(52) / ... para closing(02)
Mensaje Y / 00:00:00:200 / closing(6,2)(53) / out /      3.00000 para closing(02)
Mensaje D / 00:00:00:200 / closing(6,2)(53) / ... para closing(02)
Mensaje Y / 00:00:00:200 / closing(6,3)(54) / out /      0.00000 para closing(02)
Mensaje D / 00:00:00:200 / closing(6,3)(54) / ... para closing(02)
Mensaje Y / 00:00:00:200 / closing(6,7)(58) / out /      0.00000 para closing(02)
Mensaje D / 00:00:00:200 / closing(6,7)(58) / ... para closing(02)
Mensaje Y / 00:00:00:200 / closing(7,0)(59) / out /      0.00000 para closing(02)
Mensaje D / 00:00:00:200 / closing(7,0)(59) / ... para closing(02)
Mensaje Y / 00:00:00:200 / closing(7,1)(60) / out /      0.00000 para closing(02)
Mensaje D / 00:00:00:200 / closing(7,1)(60) / ... para closing(02)
Mensaje X / 00:00:00:200 / closing(02) / neighborchange /      0.00000 para closing(0,1)(04)
Mensaje X / 00:00:00:200 / closing(02) / neighborchange /      0.00000 para closing(0,2)(05)
Mensaje X / 00:00:00:200 / closing(02) / neighborchange /      0.00000 para closing(0,3)(06)
Mensaje X / 00:00:00:200 / closing(02) / neighborchange /      0.00000 para closing(1,2)(13)
Mensaje X / 00:00:00:200 / closing(02) / neighborchange /      0.00000 para closing(7,2)(61)
Mensaje X / 00:00:00:200 / closing(02) / neighborchange /      3.00000 para closing(0,4)(07)
Mensaje X / 00:00:00:200 / closing(02) / neighborchange /      3.00000 para closing(1,3)(14)
Mensaje X / 00:00:00:200 / closing(02) / neighborchange /      3.00000 para closing(7,3)(62)
Mensaje X / 00:00:00:200 / closing(02) / neighborchange /      0.00000 para closing(1,1)(12)
Mensaje X / 00:00:00:200 / closing(02) / neighborchange /      0.00000 para closing(2,2)(21)
Mensaje X / 00:00:00:200 / closing(02) / neighborchange /      3.00000 para closing(6,2)(53)
Mensaje X / 00:00:00:200 / closing(02) / neighborchange /      3.00000 para closing(7,1)(60)
Mensaje X / 00:00:00:200 / closing(02) / neighborchange /      3.00000 para closing(0,5)(08)
Mensaje X / 00:00:00:200 / closing(02) / neighborchange /      3.00000 para closing(1,4)(15)
Mensaje X / 00:00:00:200 / closing(02) / neighborchange /      3.00000 para closing(7,4)(63)
Mensaje X / 00:00:00:200 / closing(02) / neighborchange /      3.00000 para closing(2,3)(22)
Mensaje X / 00:00:00:200 / closing(02) / neighborchange /      3.00000 para closing(6,3)(54)
Mensaje X / 00:00:00:200 / closing(02) / neighborchange /      3.00000 para closing(0,6)(09)
Mensaje X / 00:00:00:200 / closing(02) / neighborchange /      3.00000 para closing(1,5)(16)
Mensaje X / 00:00:00:200 / closing(02) / neighborchange /      3.00000 para closing(7,5)(64)
Mensaje X / 00:00:00:200 / closing(02) / neighborchange /      3.00000 para closing(2,4)(23)
Mensaje X / 00:00:00:200 / closing(02) / neighborchange /      0.00000 para closing(6,4)(55)
Mensaje X / 00:00:00:200 / closing(02) / neighborchange /      0.00000 para closing(0,7)(10)
Mensaje X / 00:00:00:200 / closing(02) / neighborchange /      0.00000 para closing(1,6)(17)
Mensaje X / 00:00:00:200 / closing(02) / neighborchange /      0.00000 para closing(7,6)(65)
Mensaje X / 00:00:00:200 / closing(02) / neighborchange /      3.00000 para closing(2,5)(24)
Mensaje X / 00:00:00:200 / closing(02) / neighborchange /      0.00000 para closing(6,5)(56)
Mensaje X / 00:00:00:200 / closing(02) / neighborchange /      0.00000 para closing(1,7)(18)
Mensaje X / 00:00:00:200 / closing(02) / neighborchange /      0.00000 para closing(2,6)(25)
Mensaje X / 00:00:00:200 / closing(02) / neighborchange /      0.00000 para closing(2,1)(20)
Mensaje X / 00:00:00:200 / closing(02) / neighborchange /      0.00000 para closing(3,2)(29)
Mensaje X / 00:00:00:200 / closing(02) / neighborchange /      3.00000 para closing(3,3)(30)
Mensaje X / 00:00:00:200 / closing(02) / neighborchange /      3.00000 para closing(3,4)(31)
Mensaje X / 00:00:00:200 / closing(02) / neighborchange /      3.00000 para closing(3,5)(32)
Mensaje X / 00:00:00:200 / closing(02) / neighborchange /      0.00000 para closing(2,7)(26)
Mensaje X / 00:00:00:200 / closing(02) / neighborchange /      0.00000 para closing(3,6)(33)
Mensaje X / 00:00:00:200 / closing(02) / neighborchange /      3.00000 para closing(3,1)(28)
Mensaje X / 00:00:00:200 / closing(02) / neighborchange /      3.00000 para closing(4,2)(37)
Mensaje X / 00:00:00:200 / closing(02) / neighborchange /      3.00000 para closing(4,3)(38)
Mensaje X / 00:00:00:200 / closing(02) / neighborchange /      0.00000 para closing(4,4)(39)
Mensaje X / 00:00:00:200 / closing(02) / neighborchange /      0.00000 para closing(4,5)(40)
Mensaje X / 00:00:00:200 / closing(02) / neighborchange /      0.00000 para closing(2,0)(19)
Mensaje X / 00:00:00:200 / closing(02) / neighborchange /      0.00000 para closing(3,0)(27)
Mensaje X / 00:00:00:200 / closing(02) / neighborchange /      0.00000 para closing(3,7)(34)
Mensaje X / 00:00:00:200 / closing(02) / neighborchange /      0.00000 para closing(4,0)(35)
Mensaje X / 00:00:00:200 / closing(02) / neighborchange /      0.00000 para closing(4,1)(36)
Mensaje X / 00:00:00:200 / closing(02) / neighborchange /      3.00000 para closing(4,7)(42)
Mensaje X / 00:00:00:200 / closing(02) / neighborchange /      3.00000 para closing(5,0)(43)
Mensaje X / 00:00:00:200 / closing(02) / neighborchange /      3.00000 para closing(5,1)(44)
Mensaje X / 00:00:00:200 / closing(02) / neighborchange /      3.00000 para closing(5,2)(45)
Mensaje X / 00:00:00:200 / closing(02) / neighborchange /      0.00000 para closing(5,3)(46)
Mensaje X / 00:00:00:200 / closing(02) / neighborchange /      0.00000 para closing(4,6)(41)
Mensaje X / 00:00:00:200 / closing(02) / neighborchange /      0.00000 para closing(5,7)(50)
Mensaje X / 00:00:00:200 / closing(02) / neighborchange /      3.00000 para closing(6,0)(51)
Mensaje X / 00:00:00:200 / closing(02) / neighborchange /      3.00000 para closing(6,1)(52)
Mensaje X / 00:00:00:200 / closing(02) / neighborchange /      0.00000 para closing(5,4)(47)
Mensaje X / 00:00:00:200 / closing(02) / neighborchange /      0.00000 para closing(5,6)(49)
Mensaje X / 00:00:00:200 / closing(02) / neighborchange /      0.00000 para closing(6,7)(58)
Mensaje X / 00:00:00:200 / closing(02) / neighborchange /      3.00000 para closing(7,0)(59)
Mensaje X / 00:00:00:200 / closing(02) / neighborchange /      0.00000 para closing(6,6)(57)
Mensaje X / 00:00:00:200 / closing(02) / neighborchange /      0.00000 para closing(7,7)(66)
Mensaje X / 00:00:00:200 / closing(02) / neighborchange /      0.00000 para closing(0,0)(03)
Mensaje D / 00:00:00:200 / closing(0,1)(04) / ... para closing(02)
Mensaje D / 00:00:00:200 / closing(0,2)(05) / ... para closing(02)
Mensaje D / 00:00:00:200 / closing(0,3)(06) / ... para closing(02)
Mensaje D / 00:00:00:200 / closing(1,2)(13) / ... para closing(02)
Mensaje D / 00:00:00:200 / closing(7,2)(61) / ... para closing(02)
Mensaje D / 00:00:00:200 / closing(0,4)(07) / ... para closing(02)
Mensaje D / 00:00:00:200 / closing(1,3)(14) / ... para closing(02)
Mensaje D / 00:00:00:200 / closing(7,3)(62) / ... para closing(02)
Mensaje D / 00:00:00:200 / closing(1,1)(12) / ... para closing(02)
Mensaje D / 00:00:00:200 / closing(2,2)(21) / ... para closing(02)
Mensaje D / 00:00:00:200 / closing(6,2)(53) / ... para closing(02)
Mensaje D / 00:00:00:200 / closing(7,1)(60) / ... para closing(02)
Mensaje D / 00:00:00:200 / closing(0,5)(08) / ... para closing(02)
Mensaje D / 00:00:00:200 / closing(1,4)(15) / ... para closing(02)
Mensaje D / 00:00:00:200 / closing(7,4)(63) / ... para closing(02)
Mensaje D / 00:00:00:200 / closing(2,3)(22) / ... para closing(02)
Mensaje D / 00:00:00:200 / closing(6,3)(54) / ... para closing(02)
Mensaje D / 00:00:00:200 / closing(0,6)(09) / ... para closing(02)
Mensaje D / 00:00:00:200 / closing(1,5)(16) / ... para closing(02)
Mensaje D / 00:00:00:200 / closing(7,5)(64) / ... para closing(02)
Mensaje D / 00:00:00:200 / closing(2,4)(23) / ... para closing(02)
Mensaje D / 00:00:00:200 / closing(6,4)(55) / ... para closing(02)
Mensaje D / 00:00:00:200 / closing(0,7)(10) / ... para closing(02)
Mensaje D / 00:00:00:200 / closing(1,6)(17) / ... para closing(02)
Mensaje D / 00:00:00:200 / closing(7,6)(65) / ... para closing(02)
Mensaje D / 00:00:00:200 / closing(2,5)(24) / ... para closing(02)
Mensaje D / 00:00:00:200 / closing(6,5)(56) / ... para closing(02)
Mensaje D / 00:00:00:200 / closing(1,7)(18) / ... para closing(02)
Mensaje D / 00:00:00:200 / closing(2,6)(25) / ... para closing(02)
Mensaje D / 00:00:00:200 / closing(2,1)(20) / ... para closing(02)
Mensaje D / 00:00:00:200 / closing(3,2)(29) / ... para closing(02)
Mensaje D / 00:00:00:200 / closing(3,3)(30) / ... para closing(02)
Mensaje D / 00:00:00:200 / closing(3,4)(31) / ... para closing(02)
Mensaje D / 00:00:00:200 / closing(3,5)(32) / ... para closing(02)
Mensaje D / 00:00:00:200 / closing(2,7)(26) / ... para closing(02)
Mensaje D / 00:00:00:200 / closing(3,6)(33) / ... para closing(02)
Mensaje D / 00:00:00:200 / closing(3,1)(28) / ... para closing(02)
Mensaje D / 00:00:00:200 / closing(4,2)(37) / ... para closing(02)
Mensaje D / 00:00:00:200 / closing(4,3)(38) / ... para closing(02)
Mensaje D / 00:00:00:200 / closing(4,4)(39) / ... para closing(02)
Mensaje D / 00:00:00:200 / closing(4,5)(40) / ... para closing(02)
Mensaje D / 00:00:00:200 / closing(2,0)(19) / ... para closing(02)
Mensaje D / 00:00:00:200 / closing(3,0)(27) / ... para closing(02)
Mensaje D / 00:00:00:200 / closing(3,7)(34) / ... para closing(02)
Mensaje D / 00:00:00:200 / closing(4,0)(35) / ... para closing(02)
Mensaje D / 00:00:00:200 / closing(4,1)(36) / ... para closing(02)
Mensaje D / 00:00:00:200 / closing(4,7)(42) / ... para closing(02)
Mensaje D / 00:00:00:200 / closing(5,0)(43) / ... para closing(02)
Mensaje D / 00:00:00:200 / closing(5,1)(44) / ... para closing(02)
Mensaje D / 00:00:00:200 / closing(5,2)(45) / ... para closing(02)
Mensaje D / 00:00:00:200 / closing(5,3)(46) / ... para closing(02)
Mensaje D / 00:00:00:200 / closing(4,6)(41) / ... para closing(02)
Mensaje D / 00:00:00:200 / closing(5,7)(50) / ... para closing(02)
Mensaje D / 00:00:00:200 / closing(6,0)(51) / ... para closing(02)
Mensaje D / 00:00:00:200 / closing(6,1)(52) / ... para closing(02)
Mensaje D / 00:00:00:200 / closing(5,4)(47) / ... para closing(02)
Mensaje D / 00:00:00:200 / closing(5,6)(49) / ... para closing(02)
Mensaje D / 00:00:00:200 / closing(6,7)(58) / ... para closing(02)
Mensaje D / 00:00:00:200 / closing(7,0)(59) / ... para closing(02)
Mensaje D / 00:00:00:200 / closing(6,6)(57) / ... para closing(02)
Mensaje D / 00:00:00:200 / closing(7,7)(66) / ... para closing(02)
Mensaje D / 00:00:00:200 / closing(0,0)(03) / ... para closing(02)
Mensaje D / 00:00:00:200 / closing(02) / ... para top(01)
Mensaje D / 00:00:00:200 / top(01) / ... para Root(00)
