Mensaje I / 00:00:00:000 / Root(00) para top(01)
Mensaje I / 00:00:00:000 / top(01) para dilation(02)
Mensaje I / 00:00:00:000 / dilation(02) para dilation(0,0)(03)
Mensaje I / 00:00:00:000 / dilation(02) para dilation(0,1)(04)
Mensaje I / 00:00:00:000 / dilation(02) para dilation(0,2)(05)
Mensaje I / 00:00:00:000 / dilation(02) para dilation(0,3)(06)
Mensaje I / 00:00:00:000 / dilation(02) para dilation(0,4)(07)
Mensaje I / 00:00:00:000 / dilation(02) para dilation(0,5)(08)
Mensaje I / 00:00:00:000 / dilation(02) para dilation(0,6)(09)
Mensaje I / 00:00:00:000 / dilation(02) para dilation(0,7)(10)
Mensaje I / 00:00:00:000 / dilation(02) para dilation(1,0)(11)
Mensaje I / 00:00:00:000 / dilation(02) para dilation(1,1)(12)
Mensaje I / 00:00:00:000 / dilation(02) para dilation(1,2)(13)
Mensaje I / 00:00:00:000 / dilation(02) para dilation(1,3)(14)
Mensaje I / 00:00:00:000 / dilation(02) para dilation(1,4)(15)
Mensaje I / 00:00:00:000 / dilation(02) para dilation(1,5)(16)
Mensaje I / 00:00:00:000 / dilation(02) para dilation(1,6)(17)
Mensaje I / 00:00:00:000 / dilation(02) para dilation(1,7)(18)
Mensaje I / 00:00:00:000 / dilation(02) para dilation(2,0)(19)
Mensaje I / 00:00:00:000 / dilation(02) para dilation(2,1)(20)
Mensaje I / 00:00:00:000 / dilation(02) para dilation(2,2)(21)
Mensaje I / 00:00:00:000 / dilation(02) para dilation(2,3)(22)
Mensaje I / 00:00:00:000 / dilation(02) para dilation(2,4)(23)
Mensaje I / 00:00:00:000 / dilation(02) para dilation(2,5)(24)
Mensaje I / 00:00:00:000 / dilation(02) para dilation(2,6)(25)
Mensaje I / 00:00:00:000 / dilation(02) para dilation(2,7)(26)
Mensaje I / 00:00:00:000 / dilation(02) para dilation(3,0)(27)
Mensaje I / 00:00:00:000 / dilation(02) para dilation(3,1)(28)
Mensaje I / 00:00:00:000 / dilation(02) para dilation(3,2)(29)
Mensaje I / 00:00:00:000 / dilation(02) para dilation(3,3)(30)
Mensaje I / 00:00:00:000 / dilation(02) para dilation(3,4)(31)
Mensaje I / 00:00:00:000 / dilation(02) para dilation(3,5)(32)
Mensaje I / 00:00:00:000 / dilation(02) para dilation(3,6)(33)
Mensaje I / 00:00:00:000 / dilation(02) para dilation(3,7)(34)
Mensaje I / 00:00:00:000 / dilation(02) para dilation(4,0)(35)
Mensaje I / 00:00:00:000 / dilation(02) para dilation(4,1)(36)
Mensaje I / 00:00:00:000 / dilation(02) para dilation(4,2)(37)
Mensaje I / 00:00:00:000 / dilation(02) para dilation(4,3)(38)
Mensaje I / 00:00:00:000 / dilation(02) para dilation(4,4)(39)
Mensaje I / 00:00:00:000 / dilation(02) para dilation(4,5)(40)
Mensaje I / 00:00:00:000 / dilation(02) para dilation(4,6)(41)
Mensaje I / 00:00:00:000 / dilation(02) para dilation(4,7)(42)
Mensaje I / 00:00:00:000 / dilation(02) para dilation(5,0)(43)
Mensaje I / 00:00:00:000 / dilation(02) para dilation(5,1)(44)
Mensaje I / 00:00:00:000 / dilation(02) para dilation(5,2)(45)
Mensaje I / 00:00:00:000 / dilation(02) para dilation(5,3)(46)
Mensaje I / 00:00:00:000 / dilation(02) para dilation(5,4)(47)
Mensaje I / 00:00:00:000 / dilation(02) para dilation(5,5)(48)
Mensaje I / 00:00:00:000 / dilation(02) para dilation(5,6)(49)
Mensaje I / 00:00:00:000 / dilation(02) para dilation(5,7)(50)
Mensaje I / 00:00:00:000 / dilation(02) para dilation(6,0)(51)
Mensaje I / 00:00:00:000 / dilation(02) para dilation(6,1)(52)
Mensaje I / 00:00:00:000 / dilation(02) para dilation(6,2)(53)
Mensaje I / 00:00:00:000 / dilation(02) para dilation(6,3)(54)
Mensaje I / 00:00:00:000 / dilation(02) para dilation(6,4)(55)
Mensaje I / 00:00:00:000 / dilation(02) para dilation(6,5)(56)
Mensaje I / 00:00:00:000 / dilation(02) para dilation(6,6)(57)
Mensaje I / 00:00:00:000 / dilation(02) para dilation(6,7)(58)
Mensaje I / 00:00:00:000 / dilation(02) para dilation(7,0)(59)
Mensaje I / 00:00:00:000 / dilation(02) para dilation(7,1)(60)
Mensaje I / 00:00:00:000 / dilation(02) para dilation(7,2)(61)
Mensaje I / 00:00:00:000 / dilation(02) para dilation(7,3)(62)
Mensaje I / 00:00:00:000 / dilation(02) para dilation(7,4)(63)
Mensaje I / 00:00:00:000 / dilation(02) para dilation(7,5)(64)
Mensaje I / 00:00:00:000 / dilation(02) para dilation(7,6)(65)
Mensaje I / 00:00:00:000 / dilation(02) para dilation(7,7)(66)
Mensaje D / 00:00:00:000 / dilation(0,0)(03) / ... para dilation(02)
Mensaje D / 00:00:00:000 / dilation(0,1)(04) / ... para dilation(02)
Mensaje D / 00:00:00:000 / dilation(0,2)(05) / ... para dilation(02)
Mensaje D / 00:00:00:000 / dilation(0,3)(06) / 00:00:00:100 para dilation(02)
Mensaje D / 00:00:00:000 / dilation(0,4)(07) / 00:00:00:100 para dilation(02)
Mensaje D / 00:00:00:000 / dilation(0,5)(08) / 00:00:00:100 para dilation(02)
Mensaje D / 00:00:00:000 / dilation(0,6)(09) / ... para dilation(02)
Mensaje D / 00:00:00:000 / dilation(0,7)(10) / ... para dilation(02)
Mensaje D / 00:00:00:000 / dilation(1,0)(11) / ... para dilation(02)
Mensaje D / 00:00:00:000 / dilation(1,1)(12) / ... para dilation(02)
Mensaje D / 00:00:00:000 / dilation(1,2)(13) / 00:00:00:100 para dilation(02)
Mensaje D / 00:00:00:000 / dilation(1,3)(14) / 00:00:00:200 para dilation(02)
Mensaje D / 00:00:00:000 / dilation(1,4)(15) / 00:00:00:200 para dilation(02)
Mensaje D / 00:00:00:000 / dilation(1,5)(16) / 00:00:00:200 para dilation(02)
Mensaje D / 00:00:00:000 / dilation(1,6)(17) / 00:00:00:100 para dilation(02)
Mensaje D / 00:00:00:000 / dilation(1,7)(18) / ... para dilation(02)
Mensaje D / 00:00:00:000 / dilation(2,0)(19) / ... para dilation(02)
Mensaje D / 00:00:00:000 / dilation(2,1)(20) / 00:00:00:100 para dilation(02)
Mensaje D / 00:00:00:000 / dilation(2,2)(21) / 00:00:00:200 para dilation(02)
Mensaje D / 00:00:00:000 / dilation(2,3)(22) / 00:00:00:200 para dilation(02)
Mensaje D / 00:00:00:000 / dilation(2,4)(23) / 00:00:00:200 para dilation(02)
Mensaje D / 00:00:00:000 / dilation(2,5)(24) / 00:00:00:200 para dilation(02)
Mensaje D / 00:00:00:000 / dilation(2,6)(25) / 00:00:00:100 para dilation(02)
Mensaje D / 00:00:00:000 / dilation(2,7)(26) / ... para dilation(02)
Mensaje D / 00:00:00:000 / dilation(3,0)(27) / 00:00:00:100 para dilation(02)
Mensaje D / 00:00:00:000 / dilation(3,1)(28) / 00:00:00:200 para dilation(02)
Mensaje D / 00:00:00:000 / dilation(3,2)(29) / 00:00:00:200 para dilation(02)
Mensaje D / 00:00:00:000 / dilation(3,3)(30) / 00:00:00:200 para dilation(02)
Mensaje D / 00:00:00:000 / dilation(3,4)(31) / 00:00:00:200 para dilation(02)
Mensaje D / 00:00:00:000 / dilation(3,5)(32) / 00:00:00:100 para dilation(02)
Mensaje D / 00:00:00:000 / dilation(3,6)(33) / ... para dilation(02)
Mensaje D / 00:00:00:000 / dilation(3,7)(34) / ... para dilation(02)
Mensaje D / 00:00:00:000 / dilation(4,0)(35) / 00:00:00:100 para dilation(02)
Mensaje D / 00:00:00:000 / dilation(4,1)(36) / 00:00:00:200 para dilation(02)
Mensaje D / 00:00:00:000 / dilation(4,2)(37) / 00:00:00:200 para dilation(02)
Mensaje D / 00:00:00:000 / dilation(4,3)(38) / 00:00:00:200 para dilation(02)
Mensaje D / 00:00:00:000 / dilation(4,4)(39) / 00:00:00:100 para dilation(02)
Mensaje D / 00:00:00:000 / dilation(4,5)(40) / ... para dilation(02)
Mensaje D / 00:00:00:000 / dilation(4,6)(41) / ... para dilation(02)
Mensaje D / 00:00:00:000 / dilation(4,7)(42) / ... para dilation(02)
Mensaje D / 00:00:00:000 / dilation(5,0)(43) / 00:00:00:100 para dilation(02)
Mensaje D / 00:00:00:000 / dilation(5,1)(44) / 00:00:00:200 para dilation(02)
Mensaje D / 00:00:00:000 / dilation(5,2)(45) / 00:00:00:200 para dilation(02)
Mensaje D / 00:00:00:000 / dilation(5,3)(46) / 00:00:00:200 para dilation(02)
Mensaje D / 00:00:00:000 / dilation(5,4)(47) / 00:00:00:100 para dilation(02)
Mensaje D / 00:00:00:000 / dilation(5,5)(48) / ... para dilation(02)
Mensaje D / 00:00:00:000 / dilation(5,6)(49) / ... para dilation(02)
Mensaje D / 00:00:00:000 / dilation(5,7)(50) / ... para dilation(02)
Mensaje D / 00:00:00:000 / dilation(6,0)(51) / ... para dilation(02)
Mensaje D / 00:00:00:000 / dilation(6,1)(52) / 00:00:00:100 para dilation(02)
Mensaje D / 00:00:00:000 / dilation(6,2)(53) / 00:00:00:100 para dilation(02)
Mensaje D / 00:00:00:000 / dilation(6,3)(54) / 00:00:00:100 para dilation(02)
Mensaje D / 00:00:00:000 / dilation(6,4)(55) / ... para dilation(02)
Mensaje D / 00:00:00:000 / dilation(6,5)(56) / ... para dilation(02)
Mensaje D / 00:00:00:000 / dilation(6,6)(57) / ... para dilation(02)
Mensaje D / 00:00:00:000 / dilation(6,7)(58) / ... para dilation(02)
Mensaje D / 00:00:00:000 / dilation(7,0)(59) / ... para dilation(02)
Mensaje D / 00:00:00:000 / dilation(7,1)(60) / ... para dilation(02)
Mensaje D / 00:00:00:000 / dilation(7,2)(61) / ... para dilation(02)
Mensaje D / 00:00:00:000 / dilation(7,3)(62) / ... para dilation(02)
Mensaje D / 00:00:00:000 / dilation(7,4)(63) / ... para dilation(02)
Mensaje D / 00:00:00:000 / dilation(7,5)(64) / ... para dilation(02)
Mensaje D / 00:00:00:000 / dilation(7,6)(65) / ... para dilation(02)
Mensaje D / 00:00:00:000 / dilation(7,7)(66) / ... para dilation(02)
Mensaje D / 00:00:00:000 / dilation(02) / 00:00:00:100 para top(01)
Mensaje D / 00:00:00:000 / top(01) / 00:00:00:100 para Root(00)
Mensaje * / 00:00:00:100 / Root(00) para top(01)
Mensaje * / 00:00:00:100 / top(01) para dilation(02)
Mensaje * / 00:00:00:100 / dilation(02) para dilation(0,3)(06)
Mensaje * / 00:00:00:100 / dilation(02) para dilation(0,4)(07)
Mensaje * / 00:00:00:100 / dilation(02) para dilation(0,5)(08)
Mensaje * / 00:00:00:100 / dilation(02) para dilation(1,2)(13)
Mensaje * / 00:00:00:100 / dilation(02) para dilation(1,6)(17)
Mensaje * / 00:00:00:100 / dilation(02) para dilation(2,1)(20)
Mensaje * / 00:00:00:100 / dilation(02) para dilation(2,6)(25)
Mensaje * / 00:00:00:100 / dilation(02) para dilation(3,0)(27)
Mensaje * / 00:00:00:100 / dilation(02) para dilation(3,5)(32)
Mensaje * / 00:00:00:100 / dilation(02) para dilation(4,0)(35)
Mensaje * / 00:00:00:100 / dilation(02) para dilation(4,4)(39)
Mensaje * / 00:00:00:100 / dilation(02) para dilation(5,0)(43)
Mensaje * / 00:00:00:100 / dilation(02) para dilation(5,4)(47)
Mensaje * / 00:00:00:100 / dilation(02) para dilation(6,1)(52)
Mensaje * / 00:00:00:100 / dilation(02) para dilation(6,2)(53)
Mensaje * / 00:00:00:100 / dilation(02) para dilation(6,3)(54)
Mensaje Y / 00:00:00:100 / dilation(0,3)(06) / out /      2.00000 para dilation(02)
Mensaje D / 00:00:00:100 / dilation(0,3)(06) / ... para dilation(02)
Mensaje Y / 00:00:00:100 / dilation(0,4)(07) / out /      2.00000 para dilation(02)
Mensaje D / 00:00:00:100 / dilation(0,4)(07) / ... para dilation(02)
Mensaje Y / 00:00:00:100 / dilation(0,5)(08) / out /      2.00000 para dilation(02)
Mensaje D / 00:00:00:100 / dilation(0,5)(08) / ... para dilation(02)
Mensaje Y / 00:00:00:100 / dilation(1,2)(13) / out /      2.00000 para dilation(02)
Mensaje D / 00:00:00:100 / dilation(1,2)(13) / ... para dilation(02)
Mensaje Y / 00:00:00:100 / dilation(1,6)(17) / out /      2.00000 para dilation(02)
Mensaje D / 00:00:00:100 / dilation(1,6)(17) / ... para dilation(02)
Mensaje Y / 00:00:00:100 / dilation(2,1)(20) / out /      2.00000 para dilation(02)
Mensaje D / 00:00:00:100 / dilation(2,1)(20) / ... para dilation(02)
Mensaje Y / 00:00:00:100 / dilation(2,6)(25) / out /      2.00000 para dilation(02)
Mensaje D / 00:00:00:100 / dilation(2,6)(25) / ... para dilation(02)
Mensaje Y / 00:00:00:100 / dilation(3,0)(27) / out /      2.00000 para dilation(02)
Mensaje D / 00:00:00:100 / dilation(3,0)(27) / ... para dilation(02)
Mensaje Y / 00:00:00:100 / dilation(3,5)(32) / out /      2.00000 para dilation(02)
Mensaje D / 00:00:00:100 / dilation(3,5)(32) / ... para dilation(02)
Mensaje Y / 00:00:00:100 / dilation(4,0)(35) / out /      2.00000 para dilation(02)
Mensaje D / 00:00:00:100 / dilation(4,0)(35) / ... para dilation(02)
Mensaje Y / 00:00:00:100 / dilation(4,4)(39) / out /      2.00000 para dilation(02)
Mensaje D / 00:00:00:100 / dilation(4,4)(39) / ... para dilation(02)
Mensaje Y / 00:00:00:100 / dilation(5,0)(43) / out /      2.00000 para dilation(02)
Mensaje D / 00:00:00:100 / dilation(5,0)(43) / ... para dilation(02)
Mensaje Y / 00:00:00:100 / dilation(5,4)(47) / out /      2.00000 para dilation(02)
Mensaje D / 00:00:00:100 / dilation(5,4)(47) / ... para dilation(02)
Mensaje Y / 00:00:00:100 / dilation(6,1)(52) / out /      2.00000 para dilation(02)
Mensaje D / 00:00:00:100 / dilation(6,1)(52) / ... para dilation(02)
Mensaje Y / 00:00:00:100 / dilation(6,2)(53) / out /      2.00000 para dilation(02)
Mensaje D / 00:00:00:100 / dilation(6,2)(53) / ... para dilation(02)
Mensaje Y / 00:00:00:100 / dilation(6,3)(54) / out /      2.00000 para dilation(02)
Mensaje D / 00:00:00:100 / dilation(6,3)(54) / ... para dilation(02)
Mensaje X / 00:00:00:100 / dilation(02) / neighborchange /      2.00000 para dilation(0,2)(05)
Mensaje X / 00:00:00:100 / dilation(02) / neighborchange /      2.00000 para dilation(0,3)(06)
Mensaje X / 00:00:00:100 / dilation(02) / neighborchange /      2.00000 para dilation(0,4)(07)
Mensaje X / 00:00:00:100 / dilation(02) / neighborchange /      2.00000 para dilation(1,3)(14)
Mensaje X / 00:00:00:100 / dilation(02) / neighborchange /      2.00000 para dilation(7,3)(62)
Mensaje X / 00:00:00:100 / dilation(02) / neighborchange /      2.00000 para dilation(0,5)(08)
Mensaje X / 00:00:00:100 / dilation(02) / neighborchange /      2.00000 para dilation(1,4)(15)
Mensaje X / 00:00:00:100 / dilation(02) / neighborchange /      2.00000 para dilation(7,4)(63)
Mensaje X / 00:00:00:100 / dilation(02) / neighborchange /      2.00000 para dilation(0,6)(09)
Mensaje X / 00:00:00:100 / dilation(02) / neighborchange /      2.00000 para dilation(1,5)(16)
Mensaje X / 00:00:00:100 / dilation(02) / neighborchange /      2.00000 para dilation(7,5)(64)
Mensaje X / 00:00:00:100 / dilation(02) / neighborchange /      2.00000 para dilation(1,1)(12)
Mensaje X / 00:00:00:100 / dilation(02) / neighborchange /      2.00000 para dilation(1,2)(13)
Mensaje X / 00:00:00:100 / dilation(02) / neighborchange /      2.00000 para dilation(2,2)(21)
Mensaje X / 00:00:00:100 / dilation(02) / neighborchange /      2.00000 para dilation(1,6)(17)
Mensaje X / 00:00:00:100 / dilation(02) / neighborchange /      2.00000 para dilation(1,7)(18)
Mensaje X / 00:00:00:100 / dilation(02) / neighborchange /      2.00000 para dilation(2,6)(25)
Mensaje X / 00:00:00:100 / dilation(02) / neighborchange /      2.00000 para dilation(2,0)(19)
Mensaje X / 00:00:00:100 / dilation(02) / neighborchange /      2.00000 para dilation(2,1)(20)
Mensaje X / 00:00:00:100 / dilation(02) / neighborchange /      2.00000 para dilation(3,1)(28)
Mensaje X / 00:00:00:100 / dilation(02) / neighborchange /      2.00000 para dilation(2,5)(24)
Mensaje X / 00:00:00:100 / dilation(02) / neighborchange /      2.00000 para dilation(2,7)(26)
Mensaje X / 00:00:00:100 / dilation(02) / neighborchange /      2.00000 para dilation(3,6)(33)
Mensaje X / 00:00:00:100 / dilation(02) / neighborchange /      2.00000 para dilation(3,0)(27)
Mensaje X / 00:00:00:100 / dilation(02) / neighborchange /      2.00000 para dilation(3,7)(34)
Mensaje X / 00:00:00:100 / dilation(02) / neighborchange /      2.00000 para dilation(4,0)(35)
Mensaje X / 00:00:00:100 / dilation(02) / neighborchange /      2.00000 para dilation(3,4)(31)
Mensaje X / 00:00:00:100 / dilation(02) / neighborchange /      2.00000 para dilation(3,5)(32)
Mensaje X / 00:00:00:100 / dilation(02) / neighborchange /      2.00000 para dilation(4,5)(40)
Mensaje X / 00:00:00:100 / dilation(02) / neighborchange /      2.00000 para dilation(4,1)(36)
Mensaje X / 00:00:00:100 / dilation(02) / neighborchange /      2.00000 para dilation(4,7)(42)
Mensaje X / 00:00:00:100 / dilation(02) / neighborchange /      2.00000 para dilation(5,0)(43)
Mensaje X / 00:00:00:100 / dilation(02) / neighborchange /      2.00000 para dilation(4,3)(38)
Mensaje X / 00:00:00:100 / dilation(02) / neighborchange /      2.00000 para dilation(4,4)(39)
Mensaje X / 00:00:00:100 / dilation(02) / neighborchange /      2.00000 para dilation(5,4)(47)
Mensaje X / 00:00:00:100 / dilation(02) / neighborchange /      2.00000 para dilation(5,1)(44)
Mensaje X / 00:00:00:100 / dilation(02) / neighborchange /      2.00000 para dilation(5,7)(50)
Mensaje X / 00:00:00:100 / dilation(02) / neighborchange /      2.00000 para dilation(6,0)(51)
Mensaje X / 00:00:00:100 / dilation(02) / neighborchange /      2.00000 para dilation(5,3)(46)
Mensaje X / 00:00:00:100 / dilation(02) / neighborchange /      2.00000 para dilation(5,5)(48)
Mensaje X / 00:00:00:100 / dilation(02) / neighborchange /      2.00000 para dilation(6,4)(55)
Mensaje X / 00:00:00:100 / dilation(02) / neighborchange /      2.00000 para dilation(6,1)(52)
Mensaje X / 00:00:00:100 / dilation(02) / neighborchange /      2.00000 para dilation(6,2)(53)
Mensaje X / 00:00:00:100 / dilation(02) / neighborchange /      2.00000 para dilation(7,1)(60)
Mensaje X / 00:00:00:100 / dilation(02) / neighborchange /      2.00000 para dilation(5,2)(45)
Mensaje X / 00:00:00:100 / dilation(02) / neighborchange /      2.00000 para dilation(6,3)(54)
Mensaje X / 00:00:00:100 / dilation(02) / neighborchange /      2.00000 para dilation(7,2)(61)
Mensaje D / 00:00:00:100 / dilation(0,2)(05) / ... para dilation(02)
Mensaje D / 00:00:00:100 / dilation(0,3)(06) / ... para dilation(02)
Mensaje D / 00:00:00:100 / dilation(0,4)(07) / ... para dilation(02)
Mensaje D / 00:00:00:100 / dilation(1,3)(14) / 00:00:00:100 para dilation(02)
Mensaje D / 00:00:00:100 / dilation(7,3)(62) / ... para dilation(02)
Mensaje D / 00:00:00:100 / dilation(0,5)(08) / ... para dilation(02)
Mensaje D / 00:00:00:100 / dilation(1,4)(15) / 00:00:00:100 para dilation(02)
Mensaje D / 00:00:00:100 / dilation(7,4)(63) / ... para dilation(02)
Mensaje D / 00:00:00:100 / dilation(0,6)(09) / ... para dilation(02)
Mensaje D / 00:00:00:100 / dilation(1,5)(16) / 00:00:00:100 para dilation(02)
Mensaje D / 00:00:00:100 / dilation(7,5)(64) / ... para dilation(02)
Mensaje D / 00:00:00:100 / dilation(1,1)(12) / ... para dilation(02)
Mensaje D / 00:00:00:100 / dilation(1,2)(13) / ... para dilation(02)
Mensaje D / 00:00:00:100 / dilation(2,2)(21) / 00:00:00:100 para dilation(02)
Mensaje D / 00:00:00:100 / dilation(1,6)(17) / ... para dilation(02)
Mensaje D / 00:00:00:100 / dilation(1,7)(18) / ... para dilation(02)
Mensaje D / 00:00:00:100 / dilation(2,6)(25) / ... para dilation(02)
Mensaje D / 00:00:00:100 / dilation(2,0)(19) / ... para dilation(02)
Mensaje D / 00:00:00:100 / dilation(2,1)(20) / ... para dilation(02)
Mensaje D / 00:00:00:100 / dilation(3,1)(28) / 00:00:00:100 para dilation(02)
Mensaje D / 00:00:00:100 / dilation(2,5)(24) / 00:00:00:100 para dilation(02)
Mensaje D / 00:00:00:100 / dilation(2,7)(26) / ... para dilation(02)
Mensaje D / 00:00:00:100 / dilation(3,6)(33) / ... para dilation(02)
Mensaje D / 00:00:00:100 / dilation(3,0)(27) / ... para dilation(02)
Mensaje D / 00:00:00:100 / dilation(3,7)(34) / ... para dilation(02)
Mensaje D / 00:00:00:100 / dilation(4,0)(35) / ... para dilation(02)
Mensaje D / 00:00:00:100 / dilation(3,4)(31) / 00:00:00:100 para dilation(02)
Mensaje D / 00:00:00:100 / dilation(3,5)(32) / ... para dilation(02)
Mensaje D / 00:00:00:100 / dilation(4,5)(40) / ... para dilation(02)
Mensaje D / 00:00:00:100 / dilation(4,1)(36) / 00:00:00:100 para dilation(02)
Mensaje D / 00:00:00:100 / dilation(4,7)(42) / ... para dilation(02)
Mensaje D / 00:00:00:100 / dilation(5,0)(43) / ... para dilation(02)
Mensaje D / 00:00:00:100 / dilation(4,3)(38) / 00:00:00:100 para dilation(02)
Mensaje D / 00:00:00:100 / dilation(4,4)(39) / ... para dilation(02)
Mensaje D / 00:00:00:100 / dilation(5,4)(47) / ... para dilation(02)
Mensaje D / 00:00:00:100 / dilation(5,1)(44) / 00:00:00:100 para dilation(02)
Mensaje D / 00:00:00:100 / dilation(5,7)(50) / ... para dilation(02)
Mensaje D / 00:00:00:100 / dilation(6,0)(51) / ... para dilation(02)
Mensaje D / 00:00:00:100 / dilation(5,3)(46) / 00:00:00:100 para dilation(02)
Mensaje D / 00:00:00:100 / dilation(5,5)(48) / ... para dilation(02)
Mensaje D / 00:00:00:100 / dilation(6,4)(55) / ... para dilation(02)
Mensaje D / 00:00:00:100 / dilation(6,1)(52) / ... para dilation(02)
Mensaje D / 00:00:00:100 / dilation(6,2)(53) / ... para dilation(02)
Mensaje D / 00:00:00:100 / dilation(7,1)(60) / ... para dilation(02)
Mensaje D / 00:00:00:100 / dilation(5,2)(45) / 00:00:00:100 para dilation(02)
Mensaje D / 00:00:00:100 / dilation(6,3)(54) / ... para dilation(02)
Mensaje D / 00:00:00:100 / dilation(7,2)(61) / ... para dilation(02)
Mensaje D / 00:00:00:100 / dilation(02) / 00:00:00:100 para top(01)
Mensaje D / 00:00:00:100 / top(01) / 00:00:00:100 para Root(00)
Mensaje * / 00:00:00:200 / Root(00) para top(01)
Mensaje * / 00:00:00:200 / top(01) para dilation(02)
Mensaje * / 00:00:00:200 / dilation(02) para dilation(5,1)(44)
Mensaje * / 00:00:00:200 / dilation(02) para dilation(4,3)(38)
Mensaje * / 00:00:00:200 / dilation(02) para dilation(4,2)(37)
Mensaje * / 00:00:00:200 / dilation(02) para dilation(4,1)(36)
Mensaje * / 00:00:00:200 / dilation(02) para dilation(3,4)(31)
Mensaje * / 00:00:00:200 / dilation(02) para dilation(3,3)(30)
Mensaje * / 00:00:00:200 / dilation(02) para dilation(3,2)(29)
Mensaje * / 00:00:00:200 / dilation(02) para dilation(3,1)(28)
Mensaje * / 00:00:00:200 / dilation(02) para dilation(2,5)(24)
Mensaje * / 00:00:00:200 / dilation(02) para dilation(2,4)(23)
Mensaje * / 00:00:00:200 / dilation(02) para dilation(2,3)(22)
Mensaje * / 00:00:00:200 / dilation(02) para dilation(2,2)(21)
Mensaje * / 00:00:00:200 / dilation(02) para dilation(1,5)(16)
Mensaje * / 00:00:00:200 / dilation(02) para dilation(1,4)(15)
Mensaje * / 00:00:00:200 / dilation(02) para dilation(1,3)(14)
Mensaje * / 00:00:00:200 / dilation(02) para dilation(5,3)(46)
Mensaje * / 00:00:00:200 / dilation(02) para dilation(5,2)(45)
Mensaje Y / 00:00:00:200 / dilation(5,1)(44) / out /      2.00000 para dilation(02)
Mensaje D / 00:00:00:200 / dilation(5,1)(44) / 00:00:00:100 para dilation(02)
Mensaje Y / 00:00:00:200 / dilation(4,3)(38) / out /      2.00000 para dilation(02)
Mensaje D / 00:00:00:200 / dilation(4,3)(38) / 00:00:00:100 para dilation(02)
Mensaje Y / 00:00:00:200 / dilation(4,2)(37) / out /      2.00000 para dilation(02)
Mensaje D / 00:00:00:200 / dilation(4,2)(37) / ... para dilation(02)
Mensaje Y / 00:00:00:200 / dilation(4,1)(36) / out /      2.00000 para dilation(02)
Mensaje D / 00:00:00:200 / dilation(4,1)(36) / 00:00:00:100 para dilation(02)
Mensaje Y / 00:00:00:200 / dilation(3,4)(31) / out /      2.00000 para dilation(02)
Mensaje D / 00:00:00:200 / dilation(3,4)(31) / 00:00:00:100 para dilation(02)
Mensaje Y / 00:00:00:200 / dilation(3,3)(30) / out /      2.00000 para dilation(02)
Mensaje D / 00:00:00:200 / dilation(3,3)(30) / ... para dilation(02)
Mensaje Y / 00:00:00:200 / dilation(3,2)(29) / out /      2.00000 para dilation(02)
Mensaje D / 00:00:00:200 / dilation(3,2)(29) / ... para dilation(02)
Mensaje Y / 00:00:00:200 / dilation(3,1)(28) / out /      2.00000 para dilation(02)
Mensaje D / 00:00:00:200 / dilation(3,1)(28) / 00:00:00:100 para dilation(02)
Mensaje Y / 00:00:00:200 / dilation(2,5)(24) / out /      2.00000 para dilation(02)
Mensaje D / 00:00:00:200 / dilation(2,5)(24) / 00:00:00:100 para dilation(02)
Mensaje Y / 00:00:00:200 / dilation(2,4)(23) / out /      2.00000 para dilation(02)
Mensaje D / 00:00:00:200 / dilation(2,4)(23) / ... para dilation(02)
Mensaje Y / 00:00:00:200 / dilation(2,3)(22) / out /      2.00000 para dilation(02)
Mensaje D / 00:00:00:200 / dilation(2,3)(22) / ... para dilation(02)
Mensaje Y / 00:00:00:200 / dilation(2,2)(21) / out /      2.00000 para dilation(02)
Mensaje D / 00:00:00:200 / dilation(2,2)(21) / 00:00:00:100 para dilation(02)
Mensaje Y / 00:00:00:200 / dilation(1,5)(16) / out /      2.00000 para dilation(02)
Mensaje D / 00:00:00:200 / dilation(1,5)(16) / 00:00:00:100 para dilation(02)
Mensaje Y / 00:00:00:200 / dilation(1,4)(15) / out /      2.00000 para dilation(02)
Mensaje D / 00:00:00:200 / dilation(1,4)(15) / 00:00:00:100 para dilation(02)
Mensaje Y / 00:00:00:200 / dilation(1,3)(14) / out /      2.00000 para dilation(02)
Mensaje D / 00:00:00:200 / dilation(1,3)(14) / 00:00:00:100 para dilation(02)
Mensaje Y / 00:00:00:200 / dilation(5,3)(46) / out /      2.00000 para dilation(02)
Mensaje D / 00:00:00:200 / dilation(5,3)(46) / 00:00:00:100 para dilation(02)
Mensaje Y / 00:00:00:200 / dilation(5,2)(45) / out /      2.00000 para dilation(02)
Mensaje D / 00:00:00:200 / dilation(5,2)(45) / 00:00:00:100 para dilation(02)
Mensaje X / 00:00:00:200 / dilation(02) / neighborchange /      2.00000 para dilation(4,1)(36)
Mensaje X / 00:00:00:200 / dilation(02) / neighborchange /      2.00000 para dilation(5,0)(43)
Mensaje X / 00:00:00:200 / dilation(02) / neighborchange /      2.00000 para dilation(5,1)(44)
Mensaje X / 00:00:00:200 / dilation(02) / neighborchange /      2.00000 para dilation(5,2)(45)
Mensaje X / 00:00:00:200 / dilation(02) / neighborchange /      2.00000 para dilation(6,1)(52)
Mensaje X / 00:00:00:200 / dilation(02) / neighborchange /      2.00000 para dilation(3,3)(30)
Mensaje X / 00:00:00:200 / dilation(02) / neighborchange /      2.00000 para dilation(4,2)(37)
Mensaje X / 00:00:00:200 / dilation(02) / neighborchange /      2.00000 para dilation(4,3)(38)
Mensaje X / 00:00:00:200 / dilation(02) / neighborchange /      2.00000 para dilation(4,4)(39)
Mensaje X / 00:00:00:200 / dilation(02) / neighborchange /      2.00000 para dilation(5,3)(46)
Mensaje X / 00:00:00:200 / dilation(02) / neighborchange /      2.00000 para dilation(3,2)(29)
Mensaje X / 00:00:00:200 / dilation(02) / neighborchange /      2.00000 para dilation(3,1)(28)
Mensaje X / 00:00:00:200 / dilation(02) / neighborchange /      2.00000 para dilation(4,0)(35)
Mensaje X / 00:00:00:200 / dilation(02) / neighborchange /      2.00000 para dilation(2,4)(23)
Mensaje X / 00:00:00:200 / dilation(02) / neighborchange /      2.00000 para dilation(3,4)(31)
Mensaje X / 00:00:00:200 / dilation(02) / neighborchange /      2.00000 para dilation(3,5)(32)
Mensaje X / 00:00:00:200 / dilation(02) / neighborchange /      2.00000 para dilation(2,3)(22)
Mensaje X / 00:00:00:200 / dilation(02) / neighborchange /      2.00000 para dilation(2,2)(21)
Mensaje X / 00:00:00:200 / dilation(02) / neighborchange /      2.00000 para dilation(2,1)(20)
Mensaje X / 00:00:00:200 / dilation(02) / neighborchange /      2.00000 para dilation(3,0)(27)
Mensaje X / 00:00:00:200 / dilation(02) / neighborchange /      2.00000 para dilation(1,5)(16)
Mensaje X / 00:00:00:200 / dilation(02) / neighborchange /      2.00000 para dilation(2,5)(24)
Mensaje X / 00:00:00:200 / dilation(02) / neighborchange /      2.00000 para dilation(2,6)(25)
Mensaje X / 00:00:00:200 / dilation(02) / neighborchange /      2.00000 para dilation(1,4)(15)
Mensaje X / 00:00:00:200 / dilation(02) / neighborchange /      2.00000 para dilation(1,3)(14)
Mensaje X / 00:00:00:200 / dilation(02) / neighborchange /      2.00000 para dilation(1,2)(13)
Mensaje X / 00:00:00:200 / dilation(02) / neighborchange /      2.00000 para dilation(0,5)(08)
Mensaje X / 00:00:00:200 / dilation(02) / neighborchange /      2.00000 para dilation(1,6)(17)
Mensaje X / 00:00:00:200 / dilation(02) / neighborchange /      2.00000 para dilation(0,4)(07)
Mensaje X / 00:00:00:200 / dilation(02) / neighborchange /      2.00000 para dilation(0,3)(06)
Mensaje X / 00:00:00:200 / dilation(02) / neighborchange /      2.00000 para dilation(5,4)(47)
Mensaje X / 00:00:00:200 / dilation(02) / neighborchange /      2.00000 para dilation(6,3)(54)
Mensaje X / 00:00:00:200 / dilation(02) / neighborchange /      2.00000 para dilation(6,2)(53)
Mensaje D / 00:00:00:200 / dilation(4,1)(36) / 00:00:00:100 para dilation(02)
Mensaje D / 00:00:00:200 / dilation(5,0)(43) / ... para dilation(02)
Mensaje D / 00:00:00:200 / dilation(5,1)(44) / 00:00:00:100 para dilation(02)
Mensaje D / 00:00:00:200 / dilation(5,2)(45) / 00:00:00:100 para dilation(02)
Mensaje D / 00:00:00:200 / dilation(6,1)(52) / ... para dilation(02)
Mensaje D / 00:00:00:200 / dilation(3,3)(30) / ... para dilation(02)
Mensaje D / 00:00:00:200 / dilation(4,2)(37) / ... para dilation(02)
Mensaje D / 00:00:00:200 / dilation(4,3)(38) / 00:00:00:100 para dilation(02)
Mensaje D / 00:00:00:200 / dilation(4,4)(39) / ... para dilation(02)
Mensaje D / 00:00:00:200 / dilation(5,3)(46) / 00:00:00:100 para dilation(02)
Mensaje D / 00:00:00:200 / dilation(3,2)(29) / ... para dilation(02)
Mensaje D / 00:00:00:200 / dilation(3,1)(28) / 00:00:00:100 para dilation(02)
Mensaje D / 00:00:00:200 / dilation(4,0)(35) / ... para dilation(02)
Mensaje D / 00:00:00:200 / dilation(2,4)(23) / ... para dilation(02)
Mensaje D / 00:00:00:200 / dilation(3,4)(31) / 00:00:00:100 para dilation(02)
Mensaje D / 00:00:00:200 / dilation(3,5)(32) / ... para dilation(02)
Mensaje D / 00:00:00:200 / dilation(2,3)(22) / ... para dilation(02)
Mensaje D / 00:00:00:200 / dilation(2,2)(21) / 00:00:00:100 para dilation(02)
Mensaje D / 00:00:00:200 / dilation(2,1)(20) / ... para dilation(02)
Mensaje D / 00:00:00:200 / dilation(3,0)(27) / ... para dilation(02)
Mensaje D / 00:00:00:200 / dilation(1,5)(16) / 00:00:00:100 para dilation(02)
Mensaje D / 00:00:00:200 / dilation(2,5)(24) / 00:00:00:100 para dilation(02)
Mensaje D / 00:00:00:200 / dilation(2,6)(25) / ... para dilation(02)
Mensaje D / 00:00:00:200 / dilation(1,4)(15) / 00:00:00:100 para dilation(02)
Mensaje D / 00:00:00:200 / dilation(1,3)(14) / 00:00:00:100 para dilation(02)
Mensaje D / 00:00:00:200 / dilation(1,2)(13) / ... para dilation(02)
Mensaje D / 00:00:00:200 / dilation(0,5)(08) / ... para dilation(02)
Mensaje D / 00:00:00:200 / dilation(1,6)(17) / ... para dilation(02)
Mensaje D / 00:00:00:200 / dilation(0,4)(07) / ... para dilation(02)
Mensaje D / 00:00:00:200 / dilation(0,3)(06) / ... para dilation(02)
Mensaje D / 00:00:00:200 / dilation(5,4)(47) / ... para dilation(02)
Mensaje D / 00:00:00:200 / dilation(6,3)(54) / ... para dilation(02)
Mensaje D / 00:00:00:200 / dilation(6,2)(53) / ... para dilation(02)
Mensaje D / 00:00:00:200 / dilation(02) / 00:00:00:100 para top(01)
Mensaje D / 00:00:00:200 / top(01) / 00:00:00:100 para Root(00)
Mensaje * / 00:00:00:300 / Root(00) para top(01)
Mensaje * / 00:00:00:300 / top(01) para dilation(02)
Mensaje * / 00:00:00:300 / dilation(02) para dilation(4,1)(36)
Mensaje * / 00:00:00:300 / dilation(02) para dilation(3,4)(31)
Mensaje * / 00:00:00:300 / dilation(02) para dilation(3,1)(28)
Mensaje * / 00:00:00:300 / dilation(02) para dilation(2,5)(24)
Mensaje * / 00:00:00:300 / dilation(02) para dilation(2,2)(21)
Mensaje * / 00:00:00:300 / dilation(02) para dilation(1,5)(16)
Mensaje * / 00:00:00:300 / dilation(02) para dilation(1,4)(15)
Mensaje * / 00:00:00:300 / dilation(02) para dilation(5,1)(44)
Mensaje * / 00:00:00:300 / dilation(02) para dilation(5,2)(45)
Mensaje * / 00:00:00:300 / dilation(02) para dilation(4,3)(38)
Mensaje * / 00:00:00:300 / dilation(02) para dilation(5,3)(46)
Mensaje * / 00:00:00:300 / dilation(02) para dilation(1,3)(14)
Mensaje Y / 00:00:00:300 / dilation(4,1)(36) / out /      2.00000 para dilation(02)
Mensaje D / 00:00:00:300 / dilation(4,1)(36) / 00:00:00:100 para dilation(02)
Mensaje Y / 00:00:00:300 / dilation(3,4)(31) / out /      2.00000 para dilation(02)
Mensaje D / 00:00:00:300 / dilation(3,4)(31) / 00:00:00:100 para dilation(02)
Mensaje Y / 00:00:00:300 / dilation(3,1)(28) / out /      2.00000 para dilation(02)
Mensaje D / 00:00:00:300 / dilation(3,1)(28) / 00:00:00:100 para dilation(02)
Mensaje Y / 00:00:00:300 / dilation(2,5)(24) / out /      2.00000 para dilation(02)
Mensaje D / 00:00:00:300 / dilation(2,5)(24) / 00:00:00:100 para dilation(02)
Mensaje Y / 00:00:00:300 / dilation(2,2)(21) / out /      2.00000 para dilation(02)
Mensaje D / 00:00:00:300 / dilation(2,2)(21) / 00:00:00:100 para dilation(02)
Mensaje Y / 00:00:00:300 / dilation(1,5)(16) / out /      2.00000 para dilation(02)
Mensaje D / 00:00:00:300 / dilation(1,5)(16) / 00:00:00:100 para dilation(02)
Mensaje Y / 00:00:00:300 / dilation(1,4)(15) / out /      2.00000 para dilation(02)
Mensaje D / 00:00:00:300 / dilation(1,4)(15) / 00:00:00:100 para dilation(02)
Mensaje Y / 00:00:00:300 / dilation(5,1)(44) / out /      2.00000 para dilation(02)
Mensaje D / 00:00:00:300 / dilation(5,1)(44) / 00:00:00:100 para dilation(02)
Mensaje Y / 00:00:00:300 / dilation(5,2)(45) / out /      2.00000 para dilation(02)
Mensaje D / 00:00:00:300 / dilation(5,2)(45) / 00:00:00:100 para dilation(02)
Mensaje Y / 00:00:00:300 / dilation(4,3)(38) / out /      2.00000 para dilation(02)
Mensaje D / 00:00:00:300 / dilation(4,3)(38) / 00:00:00:100 para dilation(02)
Mensaje Y / 00:00:00:300 / dilation(5,3)(46) / out /      2.00000 para dilation(02)
Mensaje D / 00:00:00:300 / dilation(5,3)(46) / 00:00:00:100 para dilation(02)
Mensaje Y / 00:00:00:300 / dilation(1,3)(14) / out /      2.00000 para dilation(02)
Mensaje D / 00:00:00:300 / dilation(1,3)(14) / 00:00:00:100 para dilation(02)
Mensaje X / 00:00:00:300 / dilation(02) / neighborchange /      2.00000 para dilation(3,1)(28)
Mensaje X / 00:00:00:300 / dilation(02) / neighborchange /      2.00000 para dilation(4,0)(35)
Mensaje X / 00:00:00:300 / dilation(02) / neighborchange /      2.00000 para dilation(4,1)(36)
Mensaje X / 00:00:00:300 / dilation(02) / neighborchange /      2.00000 para dilation(4,2)(37)
Mensaje X / 00:00:00:300 / dilation(02) / neighborchange /      2.00000 para dilation(5,1)(44)
Mensaje X / 00:00:00:300 / dilation(02) / neighborchange /      2.00000 para dilation(2,4)(23)
Mensaje X / 00:00:00:300 / dilation(02) / neighborchange /      2.00000 para dilation(3,3)(30)
Mensaje X / 00:00:00:300 / dilation(02) / neighborchange /      2.00000 para dilation(3,4)(31)
Mensaje X / 00:00:00:300 / dilation(02) / neighborchange /      2.00000 para dilation(3,5)(32)
Mensaje X / 00:00:00:300 / dilation(02) / neighborchange /      2.00000 para dilation(4,4)(39)
Mensaje X / 00:00:00:300 / dilation(02) / neighborchange /      2.00000 para dilation(2,1)(20)
Mensaje X / 00:00:00:300 / dilation(02) / neighborchange /      2.00000 para dilation(3,0)(27)
Mensaje X / 00:00:00:300 / dilation(02) / neighborchange /      2.00000 para dilation(3,2)(29)
Mensaje X / 00:00:00:300 / dilation(02) / neighborchange /      2.00000 para dilation(1,5)(16)
Mensaje X / 00:00:00:300 / dilation(02) / neighborchange /      2.00000 para dilation(2,5)(24)
Mensaje X / 00:00:00:300 / dilation(02) / neighborchange /      2.00000 para dilation(2,6)(25)
Mensaje X / 00:00:00:300 / dilation(02) / neighborchange /      2.00000 para dilation(1,2)(13)
Mensaje X / 00:00:00:300 / dilation(02) / neighborchange /      2.00000 para dilation(2,2)(21)
Mensaje X / 00:00:00:300 / dilation(02) / neighborchange /      2.00000 para dilation(2,3)(22)
Mensaje X / 00:00:00:300 / dilation(02) / neighborchange /      2.00000 para dilation(0,5)(08)
Mensaje X / 00:00:00:300 / dilation(02) / neighborchange /      2.00000 para dilation(1,4)(15)
Mensaje X / 00:00:00:300 / dilation(02) / neighborchange /      2.00000 para dilation(1,6)(17)
Mensaje X / 00:00:00:300 / dilation(02) / neighborchange /      2.00000 para dilation(0,4)(07)
Mensaje X / 00:00:00:300 / dilation(02) / neighborchange /      2.00000 para dilation(1,3)(14)
Mensaje X / 00:00:00:300 / dilation(02) / neighborchange /      2.00000 para dilation(5,0)(43)
Mensaje X / 00:00:00:300 / dilation(02) / neighborchange /      2.00000 para dilation(5,2)(45)
Mensaje X / 00:00:00:300 / dilation(02) / neighborchange /      2.00000 para dilation(6,1)(52)
Mensaje X / 00:00:00:300 / dilation(02) / neighborchange /      2.00000 para dilation(5,3)(46)
Mensaje X / 00:00:00:300 / dilation(02) / neighborchange /      2.00000 para dilation(6,2)(53)
Mensaje X / 00:00:00:300 / dilation(02) / neighborchange /      2.00000 para dilation(4,3)(38)
Mensaje X / 00:00:00:300 / dilation(02) / neighborchange /      2.00000 para dilation(5,4)(47)
Mensaje X / 00:00:00:300 / dilation(02) / neighborchange /      2.00000 para dilation(6,3)(54)
Mensaje X / 00:00:00:300 / dilation(02) / neighborchange /      2.00000 para dilation(0,3)(06)
Mensaje D / 00:00:00:300 / dilation(3,1)(28) / 00:00:00:100 para dilation(02)
Mensaje D / 00:00:00:300 / dilation(4,0)(35) / ... para dilation(02)
Mensaje D / 00:00:00:300 / dilation(4,1)(36) / 00:00:00:100 para dilation(02)
Mensaje D / 00:00:00:300 / dilation(4,2)(37) / ... para dilation(02)
Mensaje D / 00:00:00:300 / dilation(5,1)(44) / 00:00:00:100 para dilation(02)
Mensaje D / 00:00:00:300 / dilation(2,4)(23) / ... para dilation(02)
Mensaje D / 00:00:00:300 / dilation(3,3)(30) / ... para dilation(02)
Mensaje D / 00:00:00:300 / dilation(3,4)(31) / 00:00:00:100 para dilation(02)
Mensaje D / 00:00:00:300 / dilation(3,5)(32) / ... para dilation(02)
Mensaje D / 00:00:00:300 / dilation(4,4)(39) / ... para dilation(02)
Mensaje D / 00:00:00:300 / dilation(2,1)(20) / ... para dilation(02)
Mensaje D / 00:00:00:300 / dilation(3,0)(27) / ... para dilation(02)
Mensaje D / 00:00:00:300 / dilation(3,2)(29) / ... para dilation(02)
Mensaje D / 00:00:00:300 / dilation(1,5)(16) / 00:00:00:100 para dilation(02)
Mensaje D / 00:00:00:300 / dilation(2,5)(24) / 00:00:00:100 para dilation(02)
Mensaje D / 00:00:00:300 / dilation(2,6)(25) / ... para dilation(02)
Mensaje D / 00:00:00:300 / dilation(1,2)(13) / ... para dilation(02)
Mensaje D / 00:00:00:300 / dilation(2,2)(21) / 00:00:00:100 para dilation(02)
Mensaje D / 00:00:00:300 / dilation(2,3)(22) / ... para dilation(02)
Mensaje D / 00:00:00:300 / dilation(0,5)(08) / ... para dilation(02)
Mensaje D / 00:00:00:300 / dilation(1,4)(15) / 00:00:00:100 para dilation(02)
Mensaje D / 00:00:00:300 / dilation(1,6)(17) / ... para dilation(02)
Mensaje D / 00:00:00:300 / dilation(0,4)(07) / ... para dilation(02)
Mensaje D / 00:00:00:300 / dilation(1,3)(14) / 00:00:00:100 para dilation(02)
Mensaje D / 00:00:00:300 / dilation(5,0)(43) / ... para dilation(02)
Mensaje D / 00:00:00:300 / dilation(5,2)(45) / 00:00:00:100 para dilation(02)
Mensaje D / 00:00:00:300 / dilation(6,1)(52) / ... para dilation(02)
Mensaje D / 00:00:00:300 / dilation(5,3)(46) / 00:00:00:100 para dilation(02)
Mensaje D / 00:00:00:300 / dilation(6,2)(53) / ... para dilation(02)
Mensaje D / 00:00:00:300 / dilation(4,3)(38) / 00:00:00:100 para dilation(02)
Mensaje D / 00:00:00:300 / dilation(5,4)(47) / ... para dilation(02)
Mensaje D / 00:00:00:300 / dilation(6,3)(54) / ... para dilation(02)
Mensaje D / 00:00:00:300 / dilation(0,3)(06) / ... para dilation(02)
Mensaje D / 00:00:00:300 / dilation(02) / 00:00:00:100 para top(01)
Mensaje D / 00:00:00:300 / top(01) / 00:00:00:100 para Root(00)
Mensaje * / 00:00:00:400 / Root(00) para top(01)
Mensaje * / 00:00:00:400 / top(01) para dilation(02)
Mensaje * / 00:00:00:400 / dilation(02) para dilation(3,1)(28)
Mensaje * / 00:00:00:400 / dilation(02) para dilation(2,5)(24)
Mensaje * / 00:00:00:400 / dilation(02) para dilation(2,2)(21)
Mensaje * / 00:00:00:400 / dilation(02) para dilation(1,5)(16)
Mensaje * / 00:00:00:400 / dilation(02) para dilation(1,4)(15)
Mensaje * / 00:00:00:400 / dilation(02) para dilation(4,1)(36)
Mensaje * / 00:00:00:400 / dilation(02) para dilation(5,1)(44)
Mensaje * / 00:00:00:400 / dilation(02) para dilation(3,4)(31)
Mensaje * / 00:00:00:400 / dilation(02) para dilation(1,3)(14)
Mensaje * / 00:00:00:400 / dilation(02) para dilation(5,2)(45)
Mensaje * / 00:00:00:400 / dilation(02) para dilation(5,3)(46)
Mensaje * / 00:00:00:400 / dilation(02) para dilation(4,3)(38)
Mensaje Y / 00:00:00:400 / dilation(3,1)(28) / out /      2.00000 para dilation(02)
Mensaje D / 00:00:00:400 / dilation(3,1)(28) / 00:00:00:100 para dilation(02)
Mensaje Y / 00:00:00:400 / dilation(2,5)(24) / out /      2.00000 para dilation(02)
Mensaje D / 00:00:00:400 / dilation(2,5)(24) / 00:00:00:100 para dilation(02)
Mensaje Y / 00:00:00:400 / dilation(2,2)(21) / out /      2.00000 para dilation(02)
Mensaje D / 00:00:00:400 / dilation(2,2)(21) / 00:00:00:100 para dilation(02)
Mensaje Y / 00:00:00:400 / dilation(1,5)(16) / out /      2.00000 para dilation(02)
Mensaje D / 00:00:00:400 / dilation(1,5)(16) / 00:00:00:100 para dilation(02)
Mensaje Y / 00:00:00:400 / dilation(1,4)(15) / out /      2.00000 para dilation(02)
Mensaje D / 00:00:00:400 / dilation(1,4)(15) / 00:00:00:100 para dilation(02)
Mensaje Y / 00:00:00:400 / dilation(4,1)(36) / out /      2.00000 para dilation(02)
Mensaje D / 00:00:00:400 / dilation(4,1)(36) / 00:00:00:100 para dilation(02)
Mensaje Y / 00:00:00:400 / dilation(5,1)(44) / out /      2.00000 para dilation(02)
Mensaje D / 00:00:00:400 / dilation(5,1)(44) / 00:00:00:100 para dilation(02)
Mensaje Y / 00:00:00:400 / dilation(3,4)(31) / out /      2.00000 para dilation(02)
Mensaje D / 00:00:00:400 / dilation(3,4)(31) / 00:00:00:100 para dilation(02)
Mensaje Y / 00:00:00:400 / dilation(1,3)(14) / out /      2.00000 para dilation(02)
Mensaje D / 00:00:00:400 / dilation(1,3)(14) / 00:00:00:100 para dilation(02)
Mensaje Y / 00:00:00:400 / dilation(5,2)(45) / out /      2.00000 para dilation(02)
Mensaje D / 00:00:00:400 / dilation(5,2)(45) / 00:00:00:100 para dilation(02)
Mensaje Y / 00:00:00:400 / dilation(5,3)(46) / out /      2.00000 para dilation(02)
Mensaje D / 00:00:00:400 / dilation(5,3)(46) / 00:00:00:100 para dilation(02)
Mensaje Y / 00:00:00:400 / dilation(4,3)(38) / out /      2.00000 para dilation(02)
Mensaje D / 00:00:00:400 / dilation(4,3)(38) / 00:00:00:100 para dilation(02)
Mensaje X / 00:00:00:400 / dilation(02) / neighborchange /      2.00000 para dilation(2,1)(20)
Mensaje X / 00:00:00:400 / dilation(02) / neighborchange /      2.00000 para dilation(3,0)(27)
Mensaje X / 00:00:00:400 / dilation(02) / neighborchange /      2.00000 para dilation(3,1)(28)
Mensaje X / 00:00:00:400 / dilation(02) / neighborchange /      2.00000 para dilation(3,2)(29)
Mensaje X / 00:00:00:400 / dilation(02) / neighborchange /      2.00000 para dilation(4,1)(36)
Mensaje X / 00:00:00:400 / dilation(02) / neighborchange /      2.00000 para dilation(1,5)(16)
Mensaje X / 00:00:00:400 / dilation(02) / neighborchange /      2.00000 para dilation(2,4)(23)
Mensaje X / 00:00:00:400 / dilation(02) / neighborchange /      2.00000 para dilation(2,5)(24)
Mensaje X / 00:00:00:400 / dilation(02) / neighborchange /      2.00000 para dilation(2,6)(25)
Mensaje X / 00:00:00:400 / dilation(02) / neighborchange /      2.00000 para dilation(3,5)(32)
Mensaje X / 00:00:00:400 / dilation(02) / neighborchange /      2.00000 para dilation(1,2)(13)
Mensaje X / 00:00:00:400 / dilation(02) / neighborchange /      2.00000 para dilation(2,2)(21)
Mensaje X / 00:00:00:400 / dilation(02) / neighborchange /      2.00000 para dilation(2,3)(22)
Mensaje X / 00:00:00:400 / dilation(02) / neighborchange /      2.00000 para dilation(0,5)(08)
Mensaje X / 00:00:00:400 / dilation(02) / neighborchange /      2.00000 para dilation(1,4)(15)
Mensaje X / 00:00:00:400 / dilation(02) / neighborchange /      2.00000 para dilation(1,6)(17)
Mensaje X / 00:00:00:400 / dilation(02) / neighborchange /      2.00000 para dilation(0,4)(07)
Mensaje X / 00:00:00:400 / dilation(02) / neighborchange /      2.00000 para dilation(1,3)(14)
Mensaje X / 00:00:00:400 / dilation(02) / neighborchange /      2.00000 para dilation(4,0)(35)
Mensaje X / 00:00:00:400 / dilation(02) / neighborchange /      2.00000 para dilation(4,2)(37)
Mensaje X / 00:00:00:400 / dilation(02) / neighborchange /      2.00000 para dilation(5,1)(44)
Mensaje X / 00:00:00:400 / dilation(02) / neighborchange /      2.00000 para dilation(5,0)(43)
Mensaje X / 00:00:00:400 / dilation(02) / neighborchange /      2.00000 para dilation(5,2)(45)
Mensaje X / 00:00:00:400 / dilation(02) / neighborchange /      2.00000 para dilation(6,1)(52)
Mensaje X / 00:00:00:400 / dilation(02) / neighborchange /      2.00000 para dilation(3,3)(30)
Mensaje X / 00:00:00:400 / dilation(02) / neighborchange /      2.00000 para dilation(3,4)(31)
Mensaje X / 00:00:00:400 / dilation(02) / neighborchange /      2.00000 para dilation(4,4)(39)
Mensaje X / 00:00:00:400 / dilation(02) / neighborchange /      2.00000 para dilation(0,3)(06)
Mensaje X / 00:00:00:400 / dilation(02) / neighborchange /      2.00000 para dilation(5,3)(46)
Mensaje X / 00:00:00:400 / dilation(02) / neighborchange /      2.00000 para dilation(6,2)(53)
Mensaje X / 00:00:00:400 / dilation(02) / neighborchange /      2.00000 para dilation(4,3)(38)
Mensaje X / 00:00:00:400 / dilation(02) / neighborchange /      2.00000 para dilation(5,4)(47)
Mensaje X / 00:00:00:400 / dilation(02) / neighborchange /      2.00000 para dilation(6,3)(54)
Mensaje D / 00:00:00:400 / dilation(2,1)(20) / ... para dilation(02)
Mensaje D / 00:00:00:400 / dilation(3,0)(27) / ... para dilation(02)
Mensaje D / 00:00:00:400 / dilation(3,1)(28) / 00:00:00:100 para dilation(02)
Mensaje D / 00:00:00:400 / dilation(3,2)(29) / ... para dilation(02)
Mensaje D / 00:00:00:400 / dilation(4,1)(36) / 00:00:00:100 para dilation(02)
Mensaje D / 00:00:00:400 / dilation(1,5)(16) / 00:00:00:100 para dilation(02)
Mensaje D / 00:00:00:400 / dilation(2,4)(23) / ... para dilation(02)
Mensaje D / 00:00:00:400 / dilation(2,5)(24) / 00:00:00:100 para dilation(02)
Mensaje D / 00:00:00:400 / dilation(2,6)(25) / ... para dilation(02)
Mensaje D / 00:00:00:400 / dilation(3,5)(32) / ... para dilation(02)
Mensaje D / 00:00:00:400 / dilation(1,2)(13) / ... para dilation(02)
Mensaje D / 00:00:00:400 / dilation(2,2)(21) / 00:00:00:100 para dilation(02)
Mensaje D / 00:00:00:400 / dilation(2,3)(22) / ... para dilation(02)
Mensaje D / 00:00:00:400 / dilation(0,5)(08) / ... para dilation(02)
Mensaje D / 00:00:00:400 / dilation(1,4)(15) / 00:00:00:100 para dilation(02)
Mensaje D / 00:00:00:400 / dilation(1,6)(17) / ... para dilation(02)
Mensaje D / 00:00:00:400 / dilation(0,4)(07) / ... para dilation(02)
Mensaje D / 00:00:00:400 / dilation(1,3)(14) / 00:00:00:100 para dilation(02)
Mensaje D / 00:00:00:400 / dilation(4,0)(35) / ... para dilation(02)
Mensaje D / 00:00:00:400 / dilation(4,2)(37) / ... para dilation(02)
Mensaje D / 00:00:00:400 / dilation(5,1)(44) / 00:00:00:100 para dilation(02)
Mensaje D / 00:00:00:400 / dilation(5,0)(43) / ... para dilation(02)
Mensaje D / 00:00:00:400 / dilation(5,2)(45) / 00:00:00:100 para dilation(02)
Mensaje D / 00:00:00:400 / dilation(6,1)(52) / ... para dilation(02)
Mensaje D / 00:00:00:400 / dilation(3,3)(30) / ... para dilation(02)
Mensaje D / 00:00:00:400 / dilation(3,4)(31) / 00:00:00:100 para dilation(02)
Mensaje D / 00:00:00:400 / dilation(4,4)(39) / ... para dilation(02)
Mensaje D / 00:00:00:400 / dilation(0,3)(06) / ... para dilation(02)
Mensaje D / 00:00:00:400 / dilation(5,3)(46) / 00:00:00:100 para dilation(02)
Mensaje D / 00:00:00:400 / dilation(6,2)(53) / ... para dilation(02)
Mensaje D / 00:00:00:400 / dilation(4,3)(38) / 00:00:00:100 para dilation(02)
Mensaje D / 00:00:00:400 / dilation(5,4)(47) / ... para dilation(02)
Mensaje D / 00:00:00:400 / dilation(6,3)(54) / ... para dilation(02)
Mensaje D / 00:00:00:400 / dilation(02) / 00:00:00:100 para top(01)
Mensaje D / 00:00:00:400 / top(01) / 00:00:00:100 para Root(00)
Mensaje * / 00:00:00:500 / Root(00) para top(01)
Mensaje * / 00:00:00:500 / top(01) para dilation(02)
Mensaje * / 00:00:00:500 / dilation(02) para dilation(1,5)(16)
Mensaje * / 00:00:00:500 / dilation(02) para dilation(1,4)(15)
Mensaje * / 00:00:00:500 / dilation(02) para dilation(3,1)(28)
Mensaje * / 00:00:00:500 / dilation(02) para dilation(4,1)(36)
Mensaje * / 00:00:00:500 / dilation(02) para dilation(2,5)(24)
Mensaje * / 00:00:00:500 / dilation(02) para dilation(2,2)(21)
Mensaje * / 00:00:00:500 / dilation(02) para dilation(1,3)(14)
Mensaje * / 00:00:00:500 / dilation(02) para dilation(5,1)(44)
Mensaje * / 00:00:00:500 / dilation(02) para dilation(5,2)(45)
Mensaje * / 00:00:00:500 / dilation(02) para dilation(3,4)(31)
Mensaje * / 00:00:00:500 / dilation(02) para dilation(5,3)(46)
Mensaje * / 00:00:00:500 / dilation(02) para dilation(4,3)(38)
Mensaje Y / 00:00:00:500 / dilation(1,5)(16) / out /      2.00000 para dilation(02)
Mensaje D / 00:00:00:500 / dilation(1,5)(16) / 00:00:00:100 para dilation(02)
Mensaje Y / 00:00:00:500 / dilation(1,4)(15) / out /      2.00000 para dilation(02)
Mensaje D / 00:00:00:500 / dilation(1,4)(15) / 00:00:00:100 para dilation(02)
Mensaje Y / 00:00:00:500 / dilation(3,1)(28) / out /      2.00000 para dilation(02)
Mensaje D / 00:00:00:500 / dilation(3,1)(28) / 00:00:00:100 para dilation(02)
Mensaje Y / 00:00:00:500 / dilation(4,1)(36) / out /      2.00000 para dilation(02)
Mensaje D / 00:00:00:500 / dilation(4,1)(36) / 00:00:00:100 para dilation(02)
Mensaje Y / 00:00:00:500 / dilation(2,5)(24) / out /      2.00000 para dilation(02)
Mensaje D / 00:00:00:500 / dilation(2,5)(24) / 00:00:00:100 para dilation(02)
Mensaje Y / 00:00:00:500 / dilation(2,2)(21) / out /      2.00000 para dilation(02)
Mensaje D / 00:00:00:500 / dilation(2,2)(21) / 00:00:00:100 para dilation(02)
Mensaje Y / 00:00:00:500 / dilation(1,3)(14) / out /      2.00000 para dilation(02)
Mensaje D / 00:00:00:500 / dilation(1,3)(14) / 00:00:00:100 para dilation(02)
Mensaje Y / 00:00:00:500 / dilation(5,1)(44) / out /      2.00000 para dilation(02)
Mensaje D / 00:00:00:500 / dilation(5,1)(44) / 00:00:00:100 para dilation(02)
Mensaje Y / 00:00:00:500 / dilation(5,2)(45) / out /      2.00000 para dilation(02)
Mensaje D / 00:00:00:500 / dilation(5,2)(45) / 00:00:00:100 para dilation(02)
Mensaje Y / 00:00:00:500 / dilation(3,4)(31) / out /      2.00000 para dilation(02)
Mensaje D / 00:00:00:500 / dilation(3,4)(31) / 00:00:00:100 para dilation(02)
Mensaje Y / 00:00:00:500 / dilation(5,3)(46) / out /      2.00000 para dilation(02)
Mensaje D / 00:00:00:500 / dilation(5,3)(46) / 00:00:00:100 para dilation(02)
Mensaje Y / 00:00:00:500 / dilation(4,3)(38) / out /      2.00000 para dilation(02)
Mensaje D / 00:00:00:500 / dilation(4,3)(38) / 00:00:00:100 para dilation(02)
Mensaje X / 00:00:00:500 / dilation(02) / neighborchange /      2.00000 para dilation(0,5)(08)
Mensaje X / 00:00:00:500 / dilation(02) / neighborchange /      2.00000 para dilation(1,4)(15)
Mensaje X / 00:00:00:500 / dilation(02) / neighborchange /      2.00000 para dilation(1,5)(16)
Mensaje X / 00:00:00:500 / dilation(02) / neighborchange /      2.00000 para dilation(1,6)(17)
Mensaje X / 00:00:00:500 / dilation(02) / neighborchange /      2.00000 para dilation(2,5)(24)
Mensaje X / 00:00:00:500 / dilation(02) / neighborchange /      2.00000 para dilation(0,4)(07)
Mensaje X / 00:00:00:500 / dilation(02) / neighborchange /      2.00000 para dilation(1,3)(14)
Mensaje X / 00:00:00:500 / dilation(02) / neighborchange /      2.00000 para dilation(2,4)(23)
Mensaje X / 00:00:00:500 / dilation(02) / neighborchange /      2.00000 para dilation(2,1)(20)
Mensaje X / 00:00:00:500 / dilation(02) / neighborchange /      2.00000 para dilation(3,0)(27)
Mensaje X / 00:00:00:500 / dilation(02) / neighborchange /      2.00000 para dilation(3,1)(28)
Mensaje X / 00:00:00:500 / dilation(02) / neighborchange /      2.00000 para dilation(3,2)(29)
Mensaje X / 00:00:00:500 / dilation(02) / neighborchange /      2.00000 para dilation(4,1)(36)
Mensaje X / 00:00:00:500 / dilation(02) / neighborchange /      2.00000 para dilation(4,0)(35)
Mensaje X / 00:00:00:500 / dilation(02) / neighborchange /      2.00000 para dilation(4,2)(37)
Mensaje X / 00:00:00:500 / dilation(02) / neighborchange /      2.00000 para dilation(5,1)(44)
Mensaje X / 00:00:00:500 / dilation(02) / neighborchange /      2.00000 para dilation(2,6)(25)
Mensaje X / 00:00:00:500 / dilation(02) / neighborchange /      2.00000 para dilation(3,5)(32)
Mensaje X / 00:00:00:500 / dilation(02) / neighborchange /      2.00000 para dilation(1,2)(13)
Mensaje X / 00:00:00:500 / dilation(02) / neighborchange /      2.00000 para dilation(2,2)(21)
Mensaje X / 00:00:00:500 / dilation(02) / neighborchange /      2.00000 para dilation(2,3)(22)
Mensaje X / 00:00:00:500 / dilation(02) / neighborchange /      2.00000 para dilation(0,3)(06)
Mensaje X / 00:00:00:500 / dilation(02) / neighborchange /      2.00000 para dilation(5,0)(43)
Mensaje X / 00:00:00:500 / dilation(02) / neighborchange /      2.00000 para dilation(5,2)(45)
Mensaje X / 00:00:00:500 / dilation(02) / neighborchange /      2.00000 para dilation(6,1)(52)
Mensaje X / 00:00:00:500 / dilation(02) / neighborchange /      2.00000 para dilation(5,3)(46)
Mensaje X / 00:00:00:500 / dilation(02) / neighborchange /      2.00000 para dilation(6,2)(53)
Mensaje X / 00:00:00:500 / dilation(02) / neighborchange /      2.00000 para dilation(3,3)(30)
Mensaje X / 00:00:00:500 / dilation(02) / neighborchange /      2.00000 para dilation(3,4)(31)
Mensaje X / 00:00:00:500 / dilation(02) / neighborchange /      2.00000 para dilation(4,4)(39)
Mensaje X / 00:00:00:500 / dilation(02) / neighborchange /      2.00000 para dilation(4,3)(38)
Mensaje X / 00:00:00:500 / dilation(02) / neighborchange /      2.00000 para dilation(5,4)(47)
Mensaje X / 00:00:00:500 / dilation(02) / neighborchange /      2.00000 para dilation(6,3)(54)
Mensaje D / 00:00:00:500 / dilation(0,5)(08) / ... para dilation(02)
Mensaje D / 00:00:00:500 / dilation(1,4)(15) / 00:00:00:100 para dilation(02)
Mensaje D / 00:00:00:500 / dilation(1,5)(16) / 00:00:00:100 para dilation(02)
Mensaje D / 00:00:00:500 / dilation(1,6)(17) / ... para dilation(02)
Mensaje D / 00:00:00:500 / dilation(2,5)(24) / 00:00:00:100 para dilation(02)
Mensaje D / 00:00:00:500 / dilation(0,4)(07) / ... para dilation(02)
Mensaje D / 00:00:00:500 / dilation(1,3)(14) / 00:00:00:100 para dilation(02)
Mensaje D / 00:00:00:500 / dilation(2,4)(23) / ... para dilation(02)
Mensaje D / 00:00:00:500 / dilation(2,1)(20) / ... para dilation(02)
Mensaje D / 00:00:00:500 / dilation(3,0)(27) / ... para dilation(02)
Mensaje D / 00:00:00:500 / dilation(3,1)(28) / 00:00:00:100 para dilation(02)
Mensaje D / 00:00:00:500 / dilation(3,2)(29) / ... para dilation(02)
Mensaje D / 00:00:00:500 / dilation(4,1)(36) / 00:00:00:100 para dilation(02)
Mensaje D / 00:00:00:500 / dilation(4,0)(35) / ... para dilation(02)
Mensaje D / 00:00:00:500 / dilation(4,2)(37) / ... para dilation(02)
Mensaje D / 00:00:00:500 / dilation(5,1)(44) / 00:00:00:100 para dilation(02)
Mensaje D / 00:00:00:500 / dilation(2,6)(25) / ... para dilation(02)
Mensaje D / 00:00:00:500 / dilation(3,5)(32) / ... para dilation(02)
Mensaje D / 00:00:00:500 / dilation(1,2)(13) / ... para dilation(02)
Mensaje D / 00:00:00:500 / dilation(2,2)(21) / 00:00:00:100 para dilation(02)
Mensaje D / 00:00:00:500 / dilation(2,3)(22) / ... para dilation(02)
Mensaje D / 00:00:00:500 / dilation(0,3)(06) / ... para dilation(02)
Mensaje D / 00:00:00:500 / dilation(5,0)(43) / ... para dilation(02)
Mensaje D / 00:00:00:500 / dilation(5,2)(45) / 00:00:00:100 para dilation(02)
Mensaje D / 00:00:00:500 / dilation(6,1)(52) / ... para dilation(02)
Mensaje D / 00:00:00:500 / dilation(5,3)(46) / 00:00:00:100 para dilation(02)
Mensaje D / 00:00:00:500 / dilation(6,2)(53) / ... para dilation(02)
Mensaje D / 00:00:00:500 / dilation(3,3)(30) / ... para dilation(02)
Mensaje D / 00:00:00:500 / dilation(3,4)(31) / 00:00:00:100 para dilation(02)
Mensaje D / 00:00:00:500 / dilation(4,4)(39) / ... para dilation(02)
Mensaje D / 00:00:00:500 / dilation(4,3)(38) / 00:00:00:100 para dilation(02)
Mensaje D / 00:00:00:500 / dilation(5,4)(47) / ... para dilation(02)
Mensaje D / 00:00:00:500 / dilation(6,3)(54) / ... para dilation(02)
Mensaje D / 00:00:00:500 / dilation(02) / 00:00:00:100 para top(01)
Mensaje D / 00:00:00:500 / top(01) / 00:00:00:100 para Root(00)
Mensaje * / 00:00:00:600 / Root(00) para top(01)
Mensaje * / 00:00:00:600 / top(01) para dilation(02)
Mensaje * / 00:00:00:600 / dilation(02) para dilation(3,1)(28)
Mensaje * / 00:00:00:600 / dilation(02) para dilation(2,5)(24)
Mensaje * / 00:00:00:600 / dilation(02) para dilation(2,2)(21)
Mensaje * / 00:00:00:600 / dilation(02) para dilation(1,5)(16)
Mensaje * / 00:00:00:600 / dilation(02) para dilation(1,4)(15)
Mensaje * / 00:00:00:600 / dilation(02) para dilation(1,3)(14)
Mensaje * / 00:00:00:600 / dilation(02) para dilation(4,1)(36)
Mensaje * / 00:00:00:600 / dilation(02) para dilation(5,1)(44)
Mensaje * / 00:00:00:600 / dilation(02) para dilation(5,2)(45)
Mensaje * / 00:00:00:600 / dilation(02) para dilation(5,3)(46)
Mensaje * / 00:00:00:600 / dilation(02) para dilation(3,4)(31)
Mensaje * / 00:00:00:600 / dilation(02) para dilation(4,3)(38)
Mensaje Y / 00:00:00:600 / dilation(3,1)(28) / out /      2.00000 para dilation(02)
Mensaje D / 00:00:00:600 / dilation(3,1)(28) / 00:00:00:100 para dilation(02)
Mensaje Y / 00:00:00:600 / dilation(2,5)(24) / out /      2.00000 para dilation(02)
Mensaje D / 00:00:00:600 / dilation(2,5)(24) / 00:00:00:100 para dilation(02)
Mensaje Y / 00:00:00:600 / dilation(2,2)(21) / out /      2.00000 para dilation(02)
Mensaje D / 00:00:00:600 / dilation(2,2)(21) / 00:00:00:100 para dilation(02)
Mensaje Y / 00:00:00:600 / dilation(1,5)(16) / out /      2.00000 para dilation(02)
Mensaje D / 00:00:00:600 / dilation(1,5)(16) / 00:00:00:100 para dilation(02)
Mensaje Y / 00:00:00:600 / dilation(1,4)(15) / out /      2.00000 para dilation(02)
Mensaje D / 00:00:00:600 / dilation(1,4)(15) / 00:00:00:100 para dilation(02)
Mensaje Y / 00:00:00:600 / dilation(1,3)(14) / out /      2.00000 para dilation(02)
Mensaje D / 00:00:00:600 / dilation(1,3)(14) / 00:00:00:100 para dilation(02)
Mensaje Y / 00:00:00:600 / dilation(4,1)(36) / out /      2.00000 para dilation(02)
Mensaje D / 00:00:00:600 / dilation(4,1)(36) / 00:00:00:100 para dilation(02)
Mensaje Y / 00:00:00:600 / dilation(5,1)(44) / out /      2.00000 para dilation(02)
Mensaje D / 00:00:00:600 / dilation(5,1)(44) / 00:00:00:100 para dilation(02)
Mensaje Y / 00:00:00:600 / dilation(5,2)(45) / out /      2.00000 para dilation(02)
Mensaje D / 00:00:00:600 / dilation(5,2)(45) / 00:00:00:100 para dilation(02)
Mensaje Y / 00:00:00:600 / dilation(5,3)(46) / out /      2.00000 para dilation(02)
Mensaje D / 00:00:00:600 / dilation(5,3)(46) / 00:00:00:100 para dilation(02)
Mensaje Y / 00:00:00:600 / dilation(3,4)(31) / out /      2.00000 para dilation(02)
Mensaje D / 00:00:00:600 / dilation(3,4)(31) / 00:00:00:100 para dilation(02)
Mensaje Y / 00:00:00:600 / dilation(4,3)(38) / out /      2.00000 para dilation(02)
Mensaje D / 00:00:00:600 / dilation(4,3)(38) / 00:00:00:100 para dilation(02)
Mensaje X / 00:00:00:600 / dilation(02) / neighborchange /      2.00000 para dilation(2,1)(20)
Mensaje X / 00:00:00:600 / dilation(02) / neighborchange /      2.00000 para dilation(3,0)(27)
Mensaje X / 00:00:00:600 / dilation(02) / neighborchange /      2.00000 para dilation(3,1)(28)
Mensaje X / 00:00:00:600 / dilation(02) / neighborchange /      2.00000 para dilation(3,2)(29)
Mensaje X / 00:00:00:600 / dilation(02) / neighborchange /      2.00000 para dilation(4,1)(36)
Mensaje X / 00:00:00:600 / dilation(02) / neighborchange /      2.00000 para dilation(1,5)(16)
Mensaje X / 00:00:00:600 / dilation(02) / neighborchange /      2.00000 para dilation(2,4)(23)
Mensaje X / 00:00:00:600 / dilation(02) / neighborchange /      2.00000 para dilation(2,5)(24)
Mensaje X / 00:00:00:600 / dilation(02) / neighborchange /      2.00000 para dilation(2,6)(25)
Mensaje X / 00:00:00:600 / dilation(02) / neighborchange /      2.00000 para dilation(3,5)(32)
Mensaje X / 00:00:00:600 / dilation(02) / neighborchange /      2.00000 para dilation(1,2)(13)
Mensaje X / 00:00:00:600 / dilation(02) / neighborchange /      2.00000 para dilation(2,2)(21)
Mensaje X / 00:00:00:600 / dilation(02) / neighborchange /      2.00000 para dilation(2,3)(22)
Mensaje X / 00:00:00:600 / dilation(02) / neighborchange /      2.00000 para dilation(0,5)(08)
Mensaje X / 00:00:00:600 / dilation(02) / neighborchange /      2.00000 para dilation(1,4)(15)
Mensaje X / 00:00:00:600 / dilation(02) / neighborchange /      2.00000 para dilation(1,6)(17)
Mensaje X / 00:00:00:600 / dilation(02) / neighborchange /      2.00000 para dilation(0,4)(07)
Mensaje X / 00:00:00:600 / dilation(02) / neighborchange /      2.00000 para dilation(1,3)(14)
Mensaje X / 00:00:00:600 / dilation(02) / neighborchange /      2.00000 para dilation(0,3)(06)
Mensaje X / 00:00:00:600 / dilation(02) / neighborchange /      2.00000 para dilation(4,0)(35)
Mensaje X / 00:00:00:600 / dilation(02) / neighborchange /      2.00000 para dilation(4,2)(37)
Mensaje X / 00:00:00:600 / dilation(02) / neighborchange /      2.00000 para dilation(5,1)(44)
Mensaje X / 00:00:00:600 / dilation(02) / neighborchange /      2.00000 para dilation(5,0)(43)
Mensaje X / 00:00:00:600 / dilation(02) / neighborchange /      2.00000 para dilation(5,2)(45)
Mensaje X / 00:00:00:600 / dilation(02) / neighborchange /      2.00000 para dilation(6,1)(52)
Mensaje X / 00:00:00:600 / dilation(02) / neighborchange /      2.00000 para dilation(5,3)(46)
Mensaje X / 00:00:00:600 / dilation(02) / neighborchange /      2.00000 para dilation(6,2)(53)
Mensaje X / 00:00:00:600 / dilation(02) / neighborchange /      2.00000 para dilation(4,3)(38)
Mensaje X / 00:00:00:600 / dilation(02) / neighborchange /      2.00000 para dilation(5,4)(47)
Mensaje X / 00:00:00:600 / dilation(02) / neighborchange /      2.00000 para dilation(6,3)(54)
Mensaje X / 00:00:00:600 / dilation(02) / neighborchange /      2.00000 para dilation(3,3)(30)
Mensaje X / 00:00:00:600 / dilation(02) / neighborchange /      2.00000 para dilation(3,4)(31)
Mensaje X / 00:00:00:600 / dilation(02) / neighborchange /      2.00000 para dilation(4,4)(39)
Mensaje D / 00:00:00:600 / dilation(2,1)(20) / ... para dilation(02)
Mensaje D / 00:00:00:600 / dilation(3,0)(27) / ... para dilation(02)
Mensaje D / 00:00:00:600 / dilation(3,1)(28) / 00:00:00:100 para dilation(02)
Mensaje D / 00:00:00:600 / dilation(3,2)(29) / ... para dilation(02)
Mensaje D / 00:00:00:600 / dilation(4,1)(36) / 00:00:00:100 para dilation(02)
Mensaje D / 00:00:00:600 / dilation(1,5)(16) / 00:00:00:100 para dilation(02)
Mensaje D / 00:00:00:600 / dilation(2,4)(23) / ... para dilation(02)
Mensaje D / 00:00:00:600 / dilation(2,5)(24) / 00:00:00:100 para dilation(02)
Mensaje D / 00:00:00:600 / dilation(2,6)(25) / ... para dilation(02)
Mensaje D / 00:00:00:600 / dilation(3,5)(32) / ... para dilation(02)
Mensaje D / 00:00:00:600 / dilation(1,2)(13) / ... para dilation(02)
Mensaje D / 00:00:00:600 / dilation(2,2)(21) / 00:00:00:100 para dilation(02)
Mensaje D / 00:00:00:600 / dilation(2,3)(22) / ... para dilation(02)
Mensaje D / 00:00:00:600 / dilation(0,5)(08) / ... para dilation(02)
Mensaje D / 00:00:00:600 / dilation(1,4)(15) / 00:00:00:100 para dilation(02)
Mensaje D / 00:00:00:600 / dilation(1,6)(17) / ... para dilation(02)
Mensaje D / 00:00:00:600 / dilation(0,4)(07) / ... para dilation(02)
Mensaje D / 00:00:00:600 / dilation(1,3)(14) / 00:00:00:100 para dilation(02)
Mensaje D / 00:00:00:600 / dilation(0,3)(06) / ... para dilation(02)
Mensaje D / 00:00:00:600 / dilation(4,0)(35) / ... para dilation(02)
Mensaje D / 00:00:00:600 / dilation(4,2)(37) / ... para dilation(02)
Mensaje D / 00:00:00:600 / dilation(5,1)(44) / 00:00:00:100 para dilation(02)
Mensaje D / 00:00:00:600 / dilation(5,0)(43) / ... para dilation(02)
Mensaje D / 00:00:00:600 / dilation(5,2)(45) / 00:00:00:100 para dilation(02)
Mensaje D / 00:00:00:600 / dilation(6,1)(52) / ... para dilation(02)
Mensaje D / 00:00:00:600 / dilation(5,3)(46) / 00:00:00:100 para dilation(02)
Mensaje D / 00:00:00:600 / dilation(6,2)(53) / ... para dilation(02)
Mensaje D / 00:00:00:600 / dilation(4,3)(38) / 00:00:00:100 para dilation(02)
Mensaje D / 00:00:00:600 / dilation(5,4)(47) / ... para dilation(02)
Mensaje D / 00:00:00:600 / dilation(6,3)(54) / ... para dilation(02)
Mensaje D / 00:00:00:600 / dilation(3,3)(30) / ... para dilation(02)
Mensaje D / 00:00:00:600 / dilation(3,4)(31) / 00:00:00:100 para dilation(02)
Mensaje D / 00:00:00:600 / dilation(4,4)(39) / ... para dilation(02)
Mensaje D / 00:00:00:600 / dilation(02) / 00:00:00:100 para top(01)
Mensaje D / 00:00:00:600 / top(01) / 00:00:00:100 para Root(00)
Mensaje * / 00:00:00:700 / Root(00) para top(01)
Mensaje * / 00:00:00:700 / top(01) para dilation(02)
Mensaje * / 00:00:00:700 / dilation(02) para dilation(1,5)(16)
Mensaje * / 00:00:00:700 / dilation(02) para dilation(1,4)(15)
Mensaje * / 00:00:00:700 / dilation(02) para dilation(3,1)(28)
Mensaje * / 00:00:00:700 / dilation(02) para dilation(4,1)(36)
Mensaje * / 00:00:00:700 / dilation(02) para dilation(2,5)(24)
Mensaje * / 00:00:00:700 / dilation(02) para dilation(2,2)(21)
Mensaje * / 00:00:00:700 / dilation(02) para dilation(1,3)(14)
Mensaje * / 00:00:00:700 / dilation(02) para dilation(5,1)(44)
Mensaje * / 00:00:00:700 / dilation(02) para dilation(5,2)(45)
Mensaje * / 00:00:00:700 / dilation(02) para dilation(5,3)(46)
Mensaje * / 00:00:00:700 / dilation(02) para dilation(4,3)(38)
Mensaje * / 00:00:00:700 / dilation(02) para dilation(3,4)(31)
Mensaje Y / 00:00:00:700 / dilation(1,5)(16) / out /      2.00000 para dilation(02)
Mensaje D / 00:00:00:700 / dilation(1,5)(16) / 00:00:00:100 para dilation(02)
Mensaje Y / 00:00:00:700 / dilation(1,4)(15) / out /      2.00000 para dilation(02)
Mensaje D / 00:00:00:700 / dilation(1,4)(15) / 00:00:00:100 para dilation(02)
Mensaje Y / 00:00:00:700 / dilation(3,1)(28) / out /      2.00000 para dilation(02)
Mensaje D / 00:00:00:700 / dilation(3,1)(28) / 00:00:00:100 para dilation(02)
Mensaje Y / 00:00:00:700 / dilation(4,1)(36) / out /      2.00000 para dilation(02)
Mensaje D / 00:00:00:700 / dilation(4,1)(36) / 00:00:00:100 para dilation(02)
Mensaje Y / 00:00:00:700 / dilation(2,5)(24) / out /      2.00000 para dilation(02)
Mensaje D / 00:00:00:700 / dilation(2,5)(24) / 00:00:00:100 para dilation(02)
Mensaje Y / 00:00:00:700 / dilation(2,2)(21) / out /      2.00000 para dilation(02)
Mensaje D / 00:00:00:700 / dilation(2,2)(21) / 00:00:00:100 para dilation(02)
Mensaje Y / 00:00:00:700 / dilation(1,3)(14) / out /      2.00000 para dilation(02)
Mensaje D / 00:00:00:700 / dilation(1,3)(14) / 00:00:00:100 para dilation(02)
Mensaje Y / 00:00:00:700 / dilation(5,1)(44) / out /      2.00000 para dilation(02)
Mensaje D / 00:00:00:700 / dilation(5,1)(44) / 00:00:00:100 para dilation(02)
Mensaje Y / 00:00:00:700 / dilation(5,2)(45) / out /      2.00000 para dilation(02)
Mensaje D / 00:00:00:700 / dilation(5,2)(45) / 00:00:00:100 para dilation(02)
Mensaje Y / 00:00:00:700 / dilation(5,3)(46) / out /      2.00000 para dilation(02)
Mensaje D / 00:00:00:700 / dilation(5,3)(46) / 00:00:00:100 para dilation(02)
Mensaje Y / 00:00:00:700 / dilation(4,3)(38) / out /      2.00000 para dilation(02)
Mensaje D / 00:00:00:700 / dilation(4,3)(38) / 00:00:00:100 para dilation(02)
Mensaje Y / 00:00:00:700 / dilation(3,4)(31) / out /      2.00000 para dilation(02)
Mensaje D / 00:00:00:700 / dilation(3,4)(31) / 00:00:00:100 para dilation(02)
Mensaje X / 00:00:00:700 / dilation(02) / neighborchange /      2.00000 para dilation(0,5)(08)
Mensaje X / 00:00:00:700 / dilation(02) / neighborchange /      2.00000 para dilation(1,4)(15)
Mensaje X / 00:00:00:700 / dilation(02) / neighborchange /      2.00000 para dilation(1,5)(16)
Mensaje X / 00:00:00:700 / dilation(02) / neighborchange /      2.00000 para dilation(1,6)(17)
Mensaje X / 00:00:00:700 / dilation(02) / neighborchange /      2.00000 para dilation(2,5)(24)
Mensaje X / 00:00:00:700 / dilation(02) / neighborchange /      2.00000 para dilation(0,4)(07)
Mensaje X / 00:00:00:700 / dilation(02) / neighborchange /      2.00000 para dilation(1,3)(14)
Mensaje X / 00:00:00:700 / dilation(02) / neighborchange /      2.00000 para dilation(2,4)(23)
Mensaje X / 00:00:00:700 / dilation(02) / neighborchange /      2.00000 para dilation(2,1)(20)
Mensaje X / 00:00:00:700 / dilation(02) / neighborchange /      2.00000 para dilation(3,0)(27)
Mensaje X / 00:00:00:700 / dilation(02) / neighborchange /      2.00000 para dilation(3,1)(28)
Mensaje X / 00:00:00:700 / dilation(02) / neighborchange /      2.00000 para dilation(3,2)(29)
Mensaje X / 00:00:00:700 / dilation(02) / neighborchange /      2.00000 para dilation(4,1)(36)
Mensaje X / 00:00:00:700 / dilation(02) / neighborchange /      2.00000 para dilation(4,0)(35)
Mensaje X / 00:00:00:700 / dilation(02) / neighborchange /      2.00000 para dilation(4,2)(37)
Mensaje X / 00:00:00:700 / dilation(02) / neighborchange /      2.00000 para dilation(5,1)(44)
Mensaje X / 00:00:00:700 / dilation(02) / neighborchange /      2.00000 para dilation(2,6)(25)
Mensaje X / 00:00:00:700 / dilation(02) / neighborchange /      2.00000 para dilation(3,5)(32)
Mensaje X / 00:00:00:700 / dilation(02) / neighborchange /      2.00000 para dilation(1,2)(13)
Mensaje X / 00:00:00:700 / dilation(02) / neighborchange /      2.00000 para dilation(2,2)(21)
Mensaje X / 00:00:00:700 / dilation(02) / neighborchange /      2.00000 para dilation(2,3)(22)
Mensaje X / 00:00:00:700 / dilation(02) / neighborchange /      2.00000 para dilation(0,3)(06)
Mensaje X / 00:00:00:700 / dilation(02) / neighborchange /      2.00000 para dilation(5,0)(43)
Mensaje X / 00:00:00:700 / dilation(02) / neighborchange /      2.00000 para dilation(5,2)(45)
Mensaje X / 00:00:00:700 / dilation(02) / neighborchange /      2.00000 para dilation(6,1)(52)
Mensaje X / 00:00:00:700 / dilation(02) / neighborchange /      2.00000 para dilation(5,3)(46)
Mensaje X / 00:00:00:700 / dilation(02) / neighborchange /      2.00000 para dilation(6,2)(53)
Mensaje X / 00:00:00:700 / dilation(02) / neighborchange /      2.00000 para dilation(4,3)(38)
Mensaje X / 00:00:00:700 / dilation(02) / neighborchange /      2.00000 para dilation(5,4)(47)
Mensaje X / 00:00:00:700 / dilation(02) / neighborchange /      2.00000 para dilation(6,3)(54)
Mensaje X / 00:00:00:700 / dilation(02) / neighborchange /      2.00000 para dilation(3,3)(30)
Mensaje X / 00:00:00:700 / dilation(02) / neighborchange /      2.00000 para dilation(4,4)(39)
Mensaje X / 00:00:00:700 / dilation(02) / neighborchange /      2.00000 para dilation(3,4)(31)
Mensaje D / 00:00:00:700 / dilation(0,5)(08) / ... para dilation(02)
Mensaje D / 00:00:00:700 / dilation(1,4)(15) / 00:00:00:100 para dilation(02)
Mensaje D / 00:00:00:700 / dilation(1,5)(16) / 00:00:00:100 para dilation(02)
Mensaje D / 00:00:00:700 / dilation(1,6)(17) / ... para dilation(02)
Mensaje D / 00:00:00:700 / dilation(2,5)(24) / 00:00:00:100 para dilation(02)
Mensaje D / 00:00:00:700 / dilation(0,4)(07) / ... para dilation(02)
Mensaje D / 00:00:00:700 / dilation(1,3)(14) / 00:00:00:100 para dilation(02)
Mensaje D / 00:00:00:700 / dilation(2,4)(23) / ... para dilation(02)
Mensaje D / 00:00:00:700 / dilation(2,1)(20) / ... para dilation(02)
Mensaje D / 00:00:00:700 / dilation(3,0)(27) / ... para dilation(02)
Mensaje D / 00:00:00:700 / dilation(3,1)(28) / 00:00:00:100 para dilation(02)
Mensaje D / 00:00:00:700 / dilation(3,2)(29) / ... para dilation(02)
Mensaje D / 00:00:00:700 / dilation(4,1)(36) / 00:00:00:100 para dilation(02)
Mensaje D / 00:00:00:700 / dilation(4,0)(35) / ... para dilation(02)
Mensaje D / 00:00:00:700 / dilation(4,2)(37) / ... para dilation(02)
Mensaje D / 00:00:00:700 / dilation(5,1)(44) / 00:00:00:100 para dilation(02)
Mensaje D / 00:00:00:700 / dilation(2,6)(25) / ... para dilation(02)
Mensaje D / 00:00:00:700 / dilation(3,5)(32) / ... para dilation(02)
Mensaje D / 00:00:00:700 / dilation(1,2)(13) / ... para dilation(02)
Mensaje D / 00:00:00:700 / dilation(2,2)(21) / 00:00:00:100 para dilation(02)
Mensaje D / 00:00:00:700 / dilation(2,3)(22) / ... para dilation(02)
Mensaje D / 00:00:00:700 / dilation(0,3)(06) / ... para dilation(02)
Mensaje D / 00:00:00:700 / dilation(5,0)(43) / ... para dilation(02)
Mensaje D / 00:00:00:700 / dilation(5,2)(45) / 00:00:00:100 para dilation(02)
Mensaje D / 00:00:00:700 / dilation(6,1)(52) / ... para dilation(02)
Mensaje D / 00:00:00:700 / dilation(5,3)(46) / 00:00:00:100 para dilation(02)
Mensaje D / 00:00:00:700 / dilation(6,2)(53) / ... para dilation(02)
Mensaje D / 00:00:00:700 / dilation(4,3)(38) / 00:00:00:100 para dilation(02)
Mensaje D / 00:00:00:700 / dilation(5,4)(47) / ... para dilation(02)
Mensaje D / 00:00:00:700 / dilation(6,3)(54) / ... para dilation(02)
Mensaje D / 00:00:00:700 / dilation(3,3)(30) / ... para dilation(02)
Mensaje D / 00:00:00:700 / dilation(4,4)(39) / ... para dilation(02)
Mensaje D / 00:00:00:700 / dilation(3,4)(31) / 00:00:00:100 para dilation(02)
Mensaje D / 00:00:00:700 / dilation(02) / 00:00:00:100 para top(01)
Mensaje D / 00:00:00:700 / top(01) / 00:00:00:100 para Root(00)
Mensaje * / 00:00:00:800 / Root(00) para top(01)
Mensaje * / 00:00:00:800 / top(01) para dilation(02)
Mensaje * / 00:00:00:800 / dilation(02) para dilation(3,1)(28)
Mensaje * / 00:00:00:800 / dilation(02) para dilation(2,5)(24)
Mensaje * / 00:00:00:800 / dilation(02) para dilation(2,2)(21)
Mensaje * / 00:00:00:800 / dilation(02) para dilation(1,5)(16)
Mensaje * / 00:00:00:800 / dilation(02) para dilation(1,4)(15)
Mensaje * / 00:00:00:800 / dilation(02) para dilation(1,3)(14)
Mensaje * / 00:00:00:800 / dilation(02) para dilation(4,1)(36)
Mensaje * / 00:00:00:800 / dilation(02) para dilation(5,1)(44)
Mensaje * / 00:00:00:800 / dilation(02) para dilation(5,2)(45)
Mensaje * / 00:00:00:800 / dilation(02) para dilation(5,3)(46)
Mensaje * / 00:00:00:800 / dilation(02) para dilation(4,3)(38)
Mensaje * / 00:00:00:800 / dilation(02) para dilation(3,4)(31)
Mensaje Y / 00:00:00:800 / dilation(3,1)(28) / out /      2.00000 para dilation(02)
Mensaje D / 00:00:00:800 / dilation(3,1)(28) / 00:00:00:100 para dilation(02)
Mensaje Y / 00:00:00:800 / dilation(2,5)(24) / out /      2.00000 para dilation(02)
Mensaje D / 00:00:00:800 / dilation(2,5)(24) / 00:00:00:100 para dilation(02)
Mensaje Y / 00:00:00:800 / dilation(2,2)(21) / out /      2.00000 para dilation(02)
Mensaje D / 00:00:00:800 / dilation(2,2)(21) / 00:00:00:100 para dilation(02)
Mensaje Y / 00:00:00:800 / dilation(1,5)(16) / out /      2.00000 para dilation(02)
Mensaje D / 00:00:00:800 / dilation(1,5)(16) / 00:00:00:100 para dilation(02)
Mensaje Y / 00:00:00:800 / dilation(1,4)(15) / out /      2.00000 para dilation(02)
Mensaje D / 00:00:00:800 / dilation(1,4)(15) / 00:00:00:100 para dilation(02)
Mensaje Y / 00:00:00:800 / dilation(1,3)(14) / out /      2.00000 para dilation(02)
Mensaje D / 00:00:00:800 / dilation(1,3)(14) / 00:00:00:100 para dilation(02)
Mensaje Y / 00:00:00:800 / dilation(4,1)(36) / out /      2.00000 para dilation(02)
Mensaje D / 00:00:00:800 / dilation(4,1)(36) / 00:00:00:100 para dilation(02)
Mensaje Y / 00:00:00:800 / dilation(5,1)(44) / out /      2.00000 para dilation(02)
Mensaje D / 00:00:00:800 / dilation(5,1)(44) / 00:00:00:100 para dilation(02)
Mensaje Y / 00:00:00:800 / dilation(5,2)(45) / out /      2.00000 para dilation(02)
Mensaje D / 00:00:00:800 / dilation(5,2)(45) / 00:00:00:100 para dilation(02)
Mensaje Y / 00:00:00:800 / dilation(5,3)(46) / out /      2.00000 para dilation(02)
Mensaje D / 00:00:00:800 / dilation(5,3)(46) / 00:00:00:100 para dilation(02)
Mensaje Y / 00:00:00:800 / dilation(4,3)(38) / out /      2.00000 para dilation(02)
Mensaje D / 00:00:00:800 / dilation(4,3)(38) / 00:00:00:100 para dilation(02)
Mensaje Y / 00:00:00:800 / dilation(3,4)(31) / out /      2.00000 para dilation(02)
Mensaje D / 00:00:00:800 / dilation(3,4)(31) / 00:00:00:100 para dilation(02)
Mensaje X / 00:00:00:800 / dilation(02) / neighborchange /      2.00000 para dilation(2,1)(20)
Mensaje X / 00:00:00:800 / dilation(02) / neighborchange /      2.00000 para dilation(3,0)(27)
Mensaje X / 00:00:00:800 / dilation(02) / neighborchange /      2.00000 para dilation(3,1)(28)
Mensaje X / 00:00:00:800 / dilation(02) / neighborchange /      2.00000 para dilation(3,2)(29)
Mensaje X / 00:00:00:800 / dilation(02) / neighborchange /      2.00000 para dilation(4,1)(36)
Mensaje X / 00:00:00:800 / dilation(02) / neighborchange /      2.00000 para dilation(1,5)(16)
Mensaje X / 00:00:00:800 / dilation(02) / neighborchange /      2.00000 para dilation(2,4)(23)
Mensaje X / 00:00:00:800 / dilation(02) / neighborchange /      2.00000 para dilation(2,5)(24)
Mensaje X / 00:00:00:800 / dilation(02) / neighborchange /      2.00000 para dilation(2,6)(25)
Mensaje X / 00:00:00:800 / dilation(02) / neighborchange /      2.00000 para dilation(3,5)(32)
Mensaje X / 00:00:00:800 / dilation(02) / neighborchange /      2.00000 para dilation(1,2)(13)
Mensaje X / 00:00:00:800 / dilation(02) / neighborchange /      2.00000 para dilation(2,2)(21)
Mensaje X / 00:00:00:800 / dilation(02) / neighborchange /      2.00000 para dilation(2,3)(22)
Mensaje X / 00:00:00:800 / dilation(02) / neighborchange /      2.00000 para dilation(0,5)(08)
Mensaje X / 00:00:00:800 / dilation(02) / neighborchange /      2.00000 para dilation(1,4)(15)
Mensaje X / 00:00:00:800 / dilation(02) / neighborchange /      2.00000 para dilation(1,6)(17)
Mensaje X / 00:00:00:800 / dilation(02) / neighborchange /      2.00000 para dilation(0,4)(07)
Mensaje X / 00:00:00:800 / dilation(02) / neighborchange /      2.00000 para dilation(1,3)(14)
Mensaje X / 00:00:00:800 / dilation(02) / neighborchange /      2.00000 para dilation(0,3)(06)
Mensaje X / 00:00:00:800 / dilation(02) / neighborchange /      2.00000 para dilation(4,0)(35)
Mensaje X / 00:00:00:800 / dilation(02) / neighborchange /      2.00000 para dilation(4,2)(37)
Mensaje X / 00:00:00:800 / dilation(02) / neighborchange /      2.00000 para dilation(5,1)(44)
Mensaje X / 00:00:00:800 / dilation(02) / neighborchange /      2.00000 para dilation(5,0)(43)
Mensaje X / 00:00:00:800 / dilation(02) / neighborchange /      2.00000 para dilation(5,2)(45)
Mensaje X / 00:00:00:800 / dilation(02) / neighborchange /      2.00000 para dilation(6,1)(52)
Mensaje X / 00:00:00:800 / dilation(02) / neighborchange /      2.00000 para dilation(5,3)(46)
Mensaje X / 00:00:00:800 / dilation(02) / neighborchange /      2.00000 para dilation(6,2)(53)
Mensaje X / 00:00:00:800 / dilation(02) / neighborchange /      2.00000 para dilation(4,3)(38)
Mensaje X / 00:00:00:800 / dilation(02) / neighborchange /      2.00000 para dilation(5,4)(47)
Mensaje X / 00:00:00:800 / dilation(02) / neighborchange /      2.00000 para dilation(6,3)(54)
Mensaje X / 00:00:00:800 / dilation(02) / neighborchange /      2.00000 para dilation(3,3)(30)
Mensaje X / 00:00:00:800 / dilation(02) / neighborchange /      2.00000 para dilation(4,4)(39)
Mensaje X / 00:00:00:800 / dilation(02) / neighborchange /      2.00000 para dilation(3,4)(31)
Mensaje D / 00:00:00:800 / dilation(2,1)(20) / ... para dilation(02)
Mensaje D / 00:00:00:800 / dilation(3,0)(27) / ... para dilation(02)
Mensaje D / 00:00:00:800 / dilation(3,1)(28) / 00:00:00:100 para dilation(02)
Mensaje D / 00:00:00:800 / dilation(3,2)(29) / ... para dilation(02)
Mensaje D / 00:00:00:800 / dilation(4,1)(36) / 00:00:00:100 para dilation(02)
Mensaje D / 00:00:00:800 / dilation(1,5)(16) / 00:00:00:100 para dilation(02)
Mensaje D / 00:00:00:800 / dilation(2,4)(23) / ... para dilation(02)
Mensaje D / 00:00:00:800 / dilation(2,5)(24) / 00:00:00:100 para dilation(02)
Mensaje D / 00:00:00:800 / dilation(2,6)(25) / ... para dilation(02)
Mensaje D / 00:00:00:800 / dilation(3,5)(32) / ... para dilation(02)
Mensaje D / 00:00:00:800 / dilation(1,2)(13) / ... para dilation(02)
Mensaje D / 00:00:00:800 / dilation(2,2)(21) / 00:00:00:100 para dilation(02)
Mensaje D / 00:00:00:800 / dilation(2,3)(22) / ... para dilation(02)
Mensaje D / 00:00:00:800 / dilation(0,5)(08) / ... para dilation(02)
Mensaje D / 00:00:00:800 / dilation(1,4)(15) / 00:00:00:100 para dilation(02)
Mensaje D / 00:00:00:800 / dilation(1,6)(17) / ... para dilation(02)
Mensaje D / 00:00:00:800 / dilation(0,4)(07) / ... para dilation(02)
Mensaje D / 00:00:00:800 / dilation(1,3)(14) / 00:00:00:100 para dilation(02)
Mensaje D / 00:00:00:800 / dilation(0,3)(06) / ... para dilation(02)
Mensaje D / 00:00:00:800 / dilation(4,0)(35) / ... para dilation(02)
Mensaje D / 00:00:00:800 / dilation(4,2)(37) / ... para dilation(02)
Mensaje D / 00:00:00:800 / dilation(5,1)(44) / 00:00:00:100 para dilation(02)
Mensaje D / 00:00:00:800 / dilation(5,0)(43) / ... para dilation(02)
Mensaje D / 00:00:00:800 / dilation(5,2)(45) / 00:00:00:100 para dilation(02)
Mensaje D / 00:00:00:800 / dilation(6,1)(52) / ... para dilation(02)
Mensaje D / 00:00:00:800 / dilation(5,3)(46) / 00:00:00:100 para dilation(02)
Mensaje D / 00:00:00:800 / dilation(6,2)(53) / ... para dilation(02)
Mensaje D / 00:00:00:800 / dilation(4,3)(38) / 00:00:00:100 para dilation(02)
Mensaje D / 00:00:00:800 / dilation(5,4)(47) / ... para dilation(02)
Mensaje D / 00:00:00:800 / dilation(6,3)(54) / ... para dilation(02)
Mensaje D / 00:00:00:800 / dilation(3,3)(30) / ... para dilation(02)
Mensaje D / 00:00:00:800 / dilation(4,4)(39) / ... para dilation(02)
Mensaje D / 00:00:00:800 / dilation(3,4)(31) / 00:00:00:100 para dilation(02)
Mensaje D / 00:00:00:800 / dilation(02) / 00:00:00:100 para top(01)
Mensaje D / 00:00:00:800 / top(01) / 00:00:00:100 para Root(00)
Mensaje * / 00:00:00:900 / Root(00) para top(01)
Mensaje * / 00:00:00:900 / top(01) para dilation(02)
Mensaje * / 00:00:00:900 / dilation(02) para dilation(1,5)(16)
Mensaje * / 00:00:00:900 / dilation(02) para dilation(1,4)(15)
Mensaje * / 00:00:00:900 / dilation(02) para dilation(3,1)(28)
Mensaje * / 00:00:00:900 / dilation(02) para dilation(4,1)(36)
Mensaje * / 00:00:00:900 / dilation(02) para dilation(2,5)(24)
Mensaje * / 00:00:00:900 / dilation(02) para dilation(2,2)(21)
Mensaje * / 00:00:00:900 / dilation(02) para dilation(1,3)(14)
Mensaje * / 00:00:00:900 / dilation(02) para dilation(5,1)(44)
Mensaje * / 00:00:00:900 / dilation(02) para dilation(5,2)(45)
Mensaje * / 00:00:00:900 / dilation(02) para dilation(5,3)(46)
Mensaje * / 00:00:00:900 / dilation(02) para dilation(4,3)(38)
Mensaje * / 00:00:00:900 / dilation(02) para dilation(3,4)(31)
Mensaje Y / 00:00:00:900 / dilation(1,5)(16) / out /      2.00000 para dilation(02)
Mensaje D / 00:00:00:900 / dilation(1,5)(16) / 00:00:00:100 para dilation(02)
Mensaje Y / 00:00:00:900 / dilation(1,4)(15) / out /      2.00000 para dilation(02)
Mensaje D / 00:00:00:900 / dilation(1,4)(15) / 00:00:00:100 para dilation(02)
Mensaje Y / 00:00:00:900 / dilation(3,1)(28) / out /      2.00000 para dilation(02)
Mensaje D / 00:00:00:900 / dilation(3,1)(28) / 00:00:00:100 para dilation(02)
Mensaje Y / 00:00:00:900 / dilation(4,1)(36) / out /      2.00000 para dilation(02)
Mensaje D / 00:00:00:900 / dilation(4,1)(36) / 00:00:00:100 para dilation(02)
Mensaje Y / 00:00:00:900 / dilation(2,5)(24) / out /      2.00000 para dilation(02)
Mensaje D / 00:00:00:900 / dilation(2,5)(24) / 00:00:00:100 para dilation(02)
Mensaje Y / 00:00:00:900 / dilation(2,2)(21) / out /      2.00000 para dilation(02)
Mensaje D / 00:00:00:900 / dilation(2,2)(21) / 00:00:00:100 para dilation(02)
Mensaje Y / 00:00:00:900 / dilation(1,3)(14) / out /      2.00000 para dilation(02)
Mensaje D / 00:00:00:900 / dilation(1,3)(14) / 00:00:00:100 para dilation(02)
Mensaje Y / 00:00:00:900 / dilation(5,1)(44) / out /      2.00000 para dilation(02)
Mensaje D / 00:00:00:900 / dilation(5,1)(44) / 00:00:00:100 para dilation(02)
Mensaje Y / 00:00:00:900 / dilation(5,2)(45) / out /      2.00000 para dilation(02)
Mensaje D / 00:00:00:900 / dilation(5,2)(45) / 00:00:00:100 para dilation(02)
Mensaje Y / 00:00:00:900 / dilation(5,3)(46) / out /      2.00000 para dilation(02)
Mensaje D / 00:00:00:900 / dilation(5,3)(46) / 00:00:00:100 para dilation(02)
Mensaje Y / 00:00:00:900 / dilation(4,3)(38) / out /      2.00000 para dilation(02)
Mensaje D / 00:00:00:900 / dilation(4,3)(38) / 00:00:00:100 para dilation(02)
Mensaje Y / 00:00:00:900 / dilation(3,4)(31) / out /      2.00000 para dilation(02)
Mensaje D / 00:00:00:900 / dilation(3,4)(31) / 00:00:00:100 para dilation(02)
Mensaje X / 00:00:00:900 / dilation(02) / neighborchange /      2.00000 para dilation(0,5)(08)
Mensaje X / 00:00:00:900 / dilation(02) / neighborchange /      2.00000 para dilation(1,4)(15)
Mensaje X / 00:00:00:900 / dilation(02) / neighborchange /      2.00000 para dilation(1,5)(16)
Mensaje X / 00:00:00:900 / dilation(02) / neighborchange /      2.00000 para dilation(1,6)(17)
Mensaje X / 00:00:00:900 / dilation(02) / neighborchange /      2.00000 para dilation(2,5)(24)
Mensaje X / 00:00:00:900 / dilation(02) / neighborchange /      2.00000 para dilation(0,4)(07)
Mensaje X / 00:00:00:900 / dilation(02) / neighborchange /      2.00000 para dilation(1,3)(14)
Mensaje X / 00:00:00:900 / dilation(02) / neighborchange /      2.00000 para dilation(2,4)(23)
Mensaje X / 00:00:00:900 / dilation(02) / neighborchange /      2.00000 para dilation(2,1)(20)
Mensaje X / 00:00:00:900 / dilation(02) / neighborchange /      2.00000 para dilation(3,0)(27)
Mensaje X / 00:00:00:900 / dilation(02) / neighborchange /      2.00000 para dilation(3,1)(28)
Mensaje X / 00:00:00:900 / dilation(02) / neighborchange /      2.00000 para dilation(3,2)(29)
Mensaje X / 00:00:00:900 / dilation(02) / neighborchange /      2.00000 para dilation(4,1)(36)
Mensaje X / 00:00:00:900 / dilation(02) / neighborchange /      2.00000 para dilation(4,0)(35)
Mensaje X / 00:00:00:900 / dilation(02) / neighborchange /      2.00000 para dilation(4,2)(37)
Mensaje X / 00:00:00:900 / dilation(02) / neighborchange /      2.00000 para dilation(5,1)(44)
Mensaje X / 00:00:00:900 / dilation(02) / neighborchange /      2.00000 para dilation(2,6)(25)
Mensaje X / 00:00:00:900 / dilation(02) / neighborchange /      2.00000 para dilation(3,5)(32)
Mensaje X / 00:00:00:900 / dilation(02) / neighborchange /      2.00000 para dilation(1,2)(13)
Mensaje X / 00:00:00:900 / dilation(02) / neighborchange /      2.00000 para dilation(2,2)(21)
Mensaje X / 00:00:00:900 / dilation(02) / neighborchange /      2.00000 para dilation(2,3)(22)
Mensaje X / 00:00:00:900 / dilation(02) / neighborchange /      2.00000 para dilation(0,3)(06)
Mensaje X / 00:00:00:900 / dilation(02) / neighborchange /      2.00000 para dilation(5,0)(43)
Mensaje X / 00:00:00:900 / dilation(02) / neighborchange /      2.00000 para dilation(5,2)(45)
Mensaje X / 00:00:00:900 / dilation(02) / neighborchange /      2.00000 para dilation(6,1)(52)
Mensaje X / 00:00:00:900 / dilation(02) / neighborchange /      2.00000 para dilation(5,3)(46)
Mensaje X / 00:00:00:900 / dilation(02) / neighborchange /      2.00000 para dilation(6,2)(53)
Mensaje X / 00:00:00:900 / dilation(02) / neighborchange /      2.00000 para dilation(4,3)(38)
Mensaje X / 00:00:00:900 / dilation(02) / neighborchange /      2.00000 para dilation(5,4)(47)
Mensaje X / 00:00:00:900 / dilation(02) / neighborchange /      2.00000 para dilation(6,3)(54)
Mensaje X / 00:00:00:900 / dilation(02) / neighborchange /      2.00000 para dilation(3,3)(30)
Mensaje X / 00:00:00:900 / dilation(02) / neighborchange /      2.00000 para dilation(4,4)(39)
Mensaje X / 00:00:00:900 / dilation(02) / neighborchange /      2.00000 para dilation(3,4)(31)
Mensaje D / 00:00:00:900 / dilation(0,5)(08) / ... para dilation(02)
Mensaje D / 00:00:00:900 / dilation(1,4)(15) / 00:00:00:100 para dilation(02)
Mensaje D / 00:00:00:900 / dilation(1,5)(16) / 00:00:00:100 para dilation(02)
Mensaje D / 00:00:00:900 / dilation(1,6)(17) / ... para dilation(02)
Mensaje D / 00:00:00:900 / dilation(2,5)(24) / 00:00:00:100 para dilation(02)
Mensaje D / 00:00:00:900 / dilation(0,4)(07) / ... para dilation(02)
Mensaje D / 00:00:00:900 / dilation(1,3)(14) / 00:00:00:100 para dilation(02)
Mensaje D / 00:00:00:900 / dilation(2,4)(23) / ... para dilation(02)
Mensaje D / 00:00:00:900 / dilation(2,1)(20) / ... para dilation(02)
Mensaje D / 00:00:00:900 / dilation(3,0)(27) / ... para dilation(02)
Mensaje D / 00:00:00:900 / dilation(3,1)(28) / 00:00:00:100 para dilation(02)
Mensaje D / 00:00:00:900 / dilation(3,2)(29) / ... para dilation(02)
Mensaje D / 00:00:00:900 / dilation(4,1)(36) / 00:00:00:100 para dilation(02)
Mensaje D / 00:00:00:900 / dilation(4,0)(35) / ... para dilation(02)
Mensaje D / 00:00:00:900 / dilation(4,2)(37) / ... para dilation(02)
Mensaje D / 00:00:00:900 / dilation(5,1)(44) / 00:00:00:100 para dilation(02)
Mensaje D / 00:00:00:900 / dilation(2,6)(25) / ... para dilation(02)
Mensaje D / 00:00:00:900 / dilation(3,5)(32) / ... para dilation(02)
Mensaje D / 00:00:00:900 / dilation(1,2)(13) / ... para dilation(02)
Mensaje D / 00:00:00:900 / dilation(2,2)(21) / 00:00:00:100 para dilation(02)
Mensaje D / 00:00:00:900 / dilation(2,3)(22) / ... para dilation(02)
Mensaje D / 00:00:00:900 / dilation(0,3)(06) / ... para dilation(02)
Mensaje D / 00:00:00:900 / dilation(5,0)(43) / ... para dilation(02)
Mensaje D / 00:00:00:900 / dilation(5,2)(45) / 00:00:00:100 para dilation(02)
Mensaje D / 00:00:00:900 / dilation(6,1)(52) / ... para dilation(02)
Mensaje D / 00:00:00:900 / dilation(5,3)(46) / 00:00:00:100 para dilation(02)
Mensaje D / 00:00:00:900 / dilation(6,2)(53) / ... para dilation(02)
Mensaje D / 00:00:00:900 / dilation(4,3)(38) / 00:00:00:100 para dilation(02)
Mensaje D / 00:00:00:900 / dilation(5,4)(47) / ... para dilation(02)
Mensaje D / 00:00:00:900 / dilation(6,3)(54) / ... para dilation(02)
Mensaje D / 00:00:00:900 / dilation(3,3)(30) / ... para dilation(02)
Mensaje D / 00:00:00:900 / dilation(4,4)(39) / ... para dilation(02)
Mensaje D / 00:00:00:900 / dilation(3,4)(31) / 00:00:00:100 para dilation(02)
Mensaje D / 00:00:00:900 / dilation(02) / 00:00:00:100 para top(01)
Mensaje D / 00:00:00:900 / top(01) / 00:00:00:100 para Root(00)
Mensaje * / 00:00:01:000 / Root(00) para top(01)
Mensaje * / 00:00:01:000 / top(01) para dilation(02)
Mensaje * / 00:00:01:000 / dilation(02) para dilation(3,1)(28)
Mensaje * / 00:00:01:000 / dilation(02) para dilation(2,5)(24)
Mensaje * / 00:00:01:000 / dilation(02) para dilation(2,2)(21)
Mensaje * / 00:00:01:000 / dilation(02) para dilation(1,5)(16)
Mensaje * / 00:00:01:000 / dilation(02) para dilation(1,4)(15)
Mensaje * / 00:00:01:000 / dilation(02) para dilation(1,3)(14)
Mensaje * / 00:00:01:000 / dilation(02) para dilation(4,1)(36)
Mensaje * / 00:00:01:000 / dilation(02) para dilation(5,1)(44)
Mensaje * / 00:00:01:000 / dilation(02) para dilation(5,2)(45)
Mensaje * / 00:00:01:000 / dilation(02) para dilation(5,3)(46)
Mensaje * / 00:00:01:000 / dilation(02) para dilation(4,3)(38)
Mensaje * / 00:00:01:000 / dilation(02) para dilation(3,4)(31)
Mensaje Y / 00:00:01:000 / dilation(3,1)(28) / out /      2.00000 para dilation(02)
Mensaje D / 00:00:01:000 / dilation(3,1)(28) / 00:00:00:100 para dilation(02)
Mensaje Y / 00:00:01:000 / dilation(2,5)(24) / out /      2.00000 para dilation(02)
Mensaje D / 00:00:01:000 / dilation(2,5)(24) / 00:00:00:100 para dilation(02)
Mensaje Y / 00:00:01:000 / dilation(2,2)(21) / out /      2.00000 para dilation(02)
Mensaje D / 00:00:01:000 / dilation(2,2)(21) / 00:00:00:100 para dilation(02)
Mensaje Y / 00:00:01:000 / dilation(1,5)(16) / out /      2.00000 para dilation(02)
Mensaje D / 00:00:01:000 / dilation(1,5)(16) / 00:00:00:100 para dilation(02)
Mensaje Y / 00:00:01:000 / dilation(1,4)(15) / out /      2.00000 para dilation(02)
Mensaje D / 00:00:01:000 / dilation(1,4)(15) / 00:00:00:100 para dilation(02)
Mensaje Y / 00:00:01:000 / dilation(1,3)(14) / out /      2.00000 para dilation(02)
Mensaje D / 00:00:01:000 / dilation(1,3)(14) / 00:00:00:100 para dilation(02)
Mensaje Y / 00:00:01:000 / dilation(4,1)(36) / out /      2.00000 para dilation(02)
Mensaje D / 00:00:01:000 / dilation(4,1)(36) / 00:00:00:100 para dilation(02)
Mensaje Y / 00:00:01:000 / dilation(5,1)(44) / out /      2.00000 para dilation(02)
Mensaje D / 00:00:01:000 / dilation(5,1)(44) / 00:00:00:100 para dilation(02)
Mensaje Y / 00:00:01:000 / dilation(5,2)(45) / out /      2.00000 para dilation(02)
Mensaje D / 00:00:01:000 / dilation(5,2)(45) / 00:00:00:100 para dilation(02)
Mensaje Y / 00:00:01:000 / dilation(5,3)(46) / out /      2.00000 para dilation(02)
Mensaje D / 00:00:01:000 / dilation(5,3)(46) / 00:00:00:100 para dilation(02)
Mensaje Y / 00:00:01:000 / dilation(4,3)(38) / out /      2.00000 para dilation(02)
Mensaje D / 00:00:01:000 / dilation(4,3)(38) / 00:00:00:100 para dilation(02)
Mensaje Y / 00:00:01:000 / dilation(3,4)(31) / out /      2.00000 para dilation(02)
Mensaje D / 00:00:01:000 / dilation(3,4)(31) / 00:00:00:100 para dilation(02)
Mensaje X / 00:00:01:000 / dilation(02) / neighborchange /      2.00000 para dilation(2,1)(20)
Mensaje X / 00:00:01:000 / dilation(02) / neighborchange /      2.00000 para dilation(3,0)(27)
Mensaje X / 00:00:01:000 / dilation(02) / neighborchange /      2.00000 para dilation(3,1)(28)
Mensaje X / 00:00:01:000 / dilation(02) / neighborchange /      2.00000 para dilation(3,2)(29)
Mensaje X / 00:00:01:000 / dilation(02) / neighborchange /      2.00000 para dilation(4,1)(36)
Mensaje X / 00:00:01:000 / dilation(02) / neighborchange /      2.00000 para dilation(1,5)(16)
Mensaje X / 00:00:01:000 / dilation(02) / neighborchange /      2.00000 para dilation(2,4)(23)
Mensaje X / 00:00:01:000 / dilation(02) / neighborchange /      2.00000 para dilation(2,5)(24)
Mensaje X / 00:00:01:000 / dilation(02) / neighborchange /      2.00000 para dilation(2,6)(25)
Mensaje X / 00:00:01:000 / dilation(02) / neighborchange /      2.00000 para dilation(3,5)(32)
Mensaje X / 00:00:01:000 / dilation(02) / neighborchange /      2.00000 para dilation(1,2)(13)
Mensaje X / 00:00:01:000 / dilation(02) / neighborchange /      2.00000 para dilation(2,2)(21)
Mensaje X / 00:00:01:000 / dilation(02) / neighborchange /      2.00000 para dilation(2,3)(22)
Mensaje X / 00:00:01:000 / dilation(02) / neighborchange /      2.00000 para dilation(0,5)(08)
Mensaje X / 00:00:01:000 / dilation(02) / neighborchange /      2.00000 para dilation(1,4)(15)
Mensaje X / 00:00:01:000 / dilation(02) / neighborchange /      2.00000 para dilation(1,6)(17)
Mensaje X / 00:00:01:000 / dilation(02) / neighborchange /      2.00000 para dilation(0,4)(07)
Mensaje X / 00:00:01:000 / dilation(02) / neighborchange /      2.00000 para dilation(1,3)(14)
Mensaje X / 00:00:01:000 / dilation(02) / neighborchange /      2.00000 para dilation(0,3)(06)
Mensaje X / 00:00:01:000 / dilation(02) / neighborchange /      2.00000 para dilation(4,0)(35)
Mensaje X / 00:00:01:000 / dilation(02) / neighborchange /      2.00000 para dilation(4,2)(37)
Mensaje X / 00:00:01:000 / dilation(02) / neighborchange /      2.00000 para dilation(5,1)(44)
Mensaje X / 00:00:01:000 / dilation(02) / neighborchange /      2.00000 para dilation(5,0)(43)
Mensaje X / 00:00:01:000 / dilation(02) / neighborchange /      2.00000 para dilation(5,2)(45)
Mensaje X / 00:00:01:000 / dilation(02) / neighborchange /      2.00000 para dilation(6,1)(52)
Mensaje X / 00:00:01:000 / dilation(02) / neighborchange /      2.00000 para dilation(5,3)(46)
Mensaje X / 00:00:01:000 / dilation(02) / neighborchange /      2.00000 para dilation(6,2)(53)
Mensaje X / 00:00:01:000 / dilation(02) / neighborchange /      2.00000 para dilation(4,3)(38)
Mensaje X / 00:00:01:000 / dilation(02) / neighborchange /      2.00000 para dilation(5,4)(47)
Mensaje X / 00:00:01:000 / dilation(02) / neighborchange /      2.00000 para dilation(6,3)(54)
Mensaje X / 00:00:01:000 / dilation(02) / neighborchange /      2.00000 para dilation(3,3)(30)
Mensaje X / 00:00:01:000 / dilation(02) / neighborchange /      2.00000 para dilation(4,4)(39)
Mensaje X / 00:00:01:000 / dilation(02) / neighborchange /      2.00000 para dilation(3,4)(31)
Mensaje D / 00:00:01:000 / dilation(2,1)(20) / ... para dilation(02)
Mensaje D / 00:00:01:000 / dilation(3,0)(27) / ... para dilation(02)
Mensaje D / 00:00:01:000 / dilation(3,1)(28) / 00:00:00:100 para dilation(02)
Mensaje D / 00:00:01:000 / dilation(3,2)(29) / ... para dilation(02)
Mensaje D / 00:00:01:000 / dilation(4,1)(36) / 00:00:00:100 para dilation(02)
Mensaje D / 00:00:01:000 / dilation(1,5)(16) / 00:00:00:100 para dilation(02)
Mensaje D / 00:00:01:000 / dilation(2,4)(23) / ... para dilation(02)
Mensaje D / 00:00:01:000 / dilation(2,5)(24) / 00:00:00:100 para dilation(02)
Mensaje D / 00:00:01:000 / dilation(2,6)(25) / ... para dilation(02)
Mensaje D / 00:00:01:000 / dilation(3,5)(32) / ... para dilation(02)
Mensaje D / 00:00:01:000 / dilation(1,2)(13) / ... para dilation(02)
Mensaje D / 00:00:01:000 / dilation(2,2)(21) / 00:00:00:100 para dilation(02)
Mensaje D / 00:00:01:000 / dilation(2,3)(22) / ... para dilation(02)
Mensaje D / 00:00:01:000 / dilation(0,5)(08) / ... para dilation(02)
Mensaje D / 00:00:01:000 / dilation(1,4)(15) / 00:00:00:100 para dilation(02)
Mensaje D / 00:00:01:000 / dilation(1,6)(17) / ... para dilation(02)
Mensaje D / 00:00:01:000 / dilation(0,4)(07) / ... para dilation(02)
Mensaje D / 00:00:01:000 / dilation(1,3)(14) / 00:00:00:100 para dilation(02)
Mensaje D / 00:00:01:000 / dilation(0,3)(06) / ... para dilation(02)
Mensaje D / 00:00:01:000 / dilation(4,0)(35) / ... para dilation(02)
Mensaje D / 00:00:01:000 / dilation(4,2)(37) / ... para dilation(02)
Mensaje D / 00:00:01:000 / dilation(5,1)(44) / 00:00:00:100 para dilation(02)
Mensaje D / 00:00:01:000 / dilation(5,0)(43) / ... para dilation(02)
Mensaje D / 00:00:01:000 / dilation(5,2)(45) / 00:00:00:100 para dilation(02)
Mensaje D / 00:00:01:000 / dilation(6,1)(52) / ... para dilation(02)
Mensaje D / 00:00:01:000 / dilation(5,3)(46) / 00:00:00:100 para dilation(02)
Mensaje D / 00:00:01:000 / dilation(6,2)(53) / ... para dilation(02)
Mensaje D / 00:00:01:000 / dilation(4,3)(38) / 00:00:00:100 para dilation(02)
Mensaje D / 00:00:01:000 / dilation(5,4)(47) / ... para dilation(02)
Mensaje D / 00:00:01:000 / dilation(6,3)(54) / ... para dilation(02)
Mensaje D / 00:00:01:000 / dilation(3,3)(30) / ... para dilation(02)
Mensaje D / 00:00:01:000 / dilation(4,4)(39) / ... para dilation(02)
Mensaje D / 00:00:01:000 / dilation(3,4)(31) / 00:00:00:100 para dilation(02)
Mensaje D / 00:00:01:000 / dilation(02) / 00:00:00:100 para top(01)
Mensaje D / 00:00:01:000 / top(01) / 00:00:00:100 para Root(00)
