Mensaje I / 00:00:00:000 / Root(00) para top(01)
Mensaje I / 00:00:00:000 / top(01) para erosion(02)
Mensaje I / 00:00:00:000 / erosion(02) para erosion(0,0)(03)
Mensaje I / 00:00:00:000 / erosion(02) para erosion(0,1)(04)
Mensaje I / 00:00:00:000 / erosion(02) para erosion(0,2)(05)
Mensaje I / 00:00:00:000 / erosion(02) para erosion(0,3)(06)
Mensaje I / 00:00:00:000 / erosion(02) para erosion(0,4)(07)
Mensaje I / 00:00:00:000 / erosion(02) para erosion(0,5)(08)
Mensaje I / 00:00:00:000 / erosion(02) para erosion(0,6)(09)
Mensaje I / 00:00:00:000 / erosion(02) para erosion(0,7)(10)
Mensaje I / 00:00:00:000 / erosion(02) para erosion(1,0)(11)
Mensaje I / 00:00:00:000 / erosion(02) para erosion(1,1)(12)
Mensaje I / 00:00:00:000 / erosion(02) para erosion(1,2)(13)
Mensaje I / 00:00:00:000 / erosion(02) para erosion(1,3)(14)
Mensaje I / 00:00:00:000 / erosion(02) para erosion(1,4)(15)
Mensaje I / 00:00:00:000 / erosion(02) para erosion(1,5)(16)
Mensaje I / 00:00:00:000 / erosion(02) para erosion(1,6)(17)
Mensaje I / 00:00:00:000 / erosion(02) para erosion(1,7)(18)
Mensaje I / 00:00:00:000 / erosion(02) para erosion(2,0)(19)
Mensaje I / 00:00:00:000 / erosion(02) para erosion(2,1)(20)
Mensaje I / 00:00:00:000 / erosion(02) para erosion(2,2)(21)
Mensaje I / 00:00:00:000 / erosion(02) para erosion(2,3)(22)
Mensaje I / 00:00:00:000 / erosion(02) para erosion(2,4)(23)
Mensaje I / 00:00:00:000 / erosion(02) para erosion(2,5)(24)
Mensaje I / 00:00:00:000 / erosion(02) para erosion(2,6)(25)
Mensaje I / 00:00:00:000 / erosion(02) para erosion(2,7)(26)
Mensaje I / 00:00:00:000 / erosion(02) para erosion(3,0)(27)
Mensaje I / 00:00:00:000 / erosion(02) para erosion(3,1)(28)
Mensaje I / 00:00:00:000 / erosion(02) para erosion(3,2)(29)
Mensaje I / 00:00:00:000 / erosion(02) para erosion(3,3)(30)
Mensaje I / 00:00:00:000 / erosion(02) para erosion(3,4)(31)
Mensaje I / 00:00:00:000 / erosion(02) para erosion(3,5)(32)
Mensaje I / 00:00:00:000 / erosion(02) para erosion(3,6)(33)
Mensaje I / 00:00:00:000 / erosion(02) para erosion(3,7)(34)
Mensaje I / 00:00:00:000 / erosion(02) para erosion(4,0)(35)
Mensaje I / 00:00:00:000 / erosion(02) para erosion(4,1)(36)
Mensaje I / 00:00:00:000 / erosion(02) para erosion(4,2)(37)
Mensaje I / 00:00:00:000 / erosion(02) para erosion(4,3)(38)
Mensaje I / 00:00:00:000 / erosion(02) para erosion(4,4)(39)
Mensaje I / 00:00:00:000 / erosion(02) para erosion(4,5)(40)
Mensaje I / 00:00:00:000 / erosion(02) para erosion(4,6)(41)
Mensaje I / 00:00:00:000 / erosion(02) para erosion(4,7)(42)
Mensaje I / 00:00:00:000 / erosion(02) para erosion(5,0)(43)
Mensaje I / 00:00:00:000 / erosion(02) para erosion(5,1)(44)
Mensaje I / 00:00:00:000 / erosion(02) para erosion(5,2)(45)
Mensaje I / 00:00:00:000 / erosion(02) para erosion(5,3)(46)
Mensaje I / 00:00:00:000 / erosion(02) para erosion(5,4)(47)
Mensaje I / 00:00:00:000 / erosion(02) para erosion(5,5)(48)
Mensaje I / 00:00:00:000 / erosion(02) para erosion(5,6)(49)
Mensaje I / 00:00:00:000 / erosion(02) para erosion(5,7)(50)
Mensaje I / 00:00:00:000 / erosion(02) para erosion(6,0)(51)
Mensaje I / 00:00:00:000 / erosion(02) para erosion(6,1)(52)
Mensaje I / 00:00:00:000 / erosion(02) para erosion(6,2)(53)
Mensaje I / 00:00:00:000 / erosion(02) para erosion(6,3)(54)
Mensaje I / 00:00:00:000 / erosion(02) para erosion(6,4)(55)
Mensaje I / 00:00:00:000 / erosion(02) para erosion(6,5)(56)
Mensaje I / 00:00:00:000 / erosion(02) para erosion(6,6)(57)
Mensaje I / 00:00:00:000 / erosion(02) para erosion(6,7)(58)
Mensaje I / 00:00:00:000 / erosion(02) para erosion(7,0)(59)
Mensaje I / 00:00:00:000 / erosion(02) para erosion(7,1)(60)
Mensaje I / 00:00:00:000 / erosion(02) para erosion(7,2)(61)
Mensaje I / 00:00:00:000 / erosion(02) para erosion(7,3)(62)
Mensaje I / 00:00:00:000 / erosion(02) para erosion(7,4)(63)
Mensaje I / 00:00:00:000 / erosion(02) para erosion(7,5)(64)
Mensaje I / 00:00:00:000 / erosion(02) para erosion(7,6)(65)
Mensaje I / 00:00:00:000 / erosion(02) para erosion(7,7)(66)
Mensaje D / 00:00:00:000 / erosion(0,0)(03) / ... para erosion(02)
Mensaje D / 00:00:00:000 / erosion(0,1)(04) / ... para erosion(02)
Mensaje D / 00:00:00:000 / erosion(0,2)(05) / ... para erosion(02)
Mensaje D / 00:00:00:000 / erosion(0,3)(06) / 00:00:00:300 para erosion(02)
Mensaje D / 00:00:00:000 / erosion(0,4)(07) / 00:00:00:300 para erosion(02)
Mensaje D / 00:00:00:000 / erosion(0,5)(08) / 00:00:00:300 para erosion(02)
Mensaje D / 00:00:00:000 / erosion(0,6)(09) / ... para erosion(02)
Mensaje D / 00:00:00:000 / erosion(0,7)(10) / ... para erosion(02)
Mensaje D / 00:00:00:000 / erosion(1,0)(11) / ... para erosion(02)
Mensaje D / 00:00:00:000 / erosion(1,1)(12) / ... para erosion(02)
Mensaje D / 00:00:00:000 / erosion(1,2)(13) / ... para erosion(02)
Mensaje D / 00:00:00:000 / erosion(1,3)(14) / 00:00:00:300 para erosion(02)
Mensaje D / 00:00:00:000 / erosion(1,4)(15) / 00:00:00:100 para erosion(02)
Mensaje D / 00:00:00:000 / erosion(1,5)(16) / 00:00:00:300 para erosion(02)
Mensaje D / 00:00:00:000 / erosion(1,6)(17) / ... para erosion(02)
Mensaje D / 00:00:00:000 / erosion(1,7)(18) / ... para erosion(02)
Mensaje D / 00:00:00:000 / erosion(2,0)(19) / ... para erosion(02)
Mensaje D / 00:00:00:000 / erosion(2,1)(20) / ... para erosion(02)
Mensaje D / 00:00:00:000 / erosion(2,2)(21) / ... para erosion(02)
Mensaje D / 00:00:00:000 / erosion(2,3)(22) / 00:00:00:300 para erosion(02)
Mensaje D / 00:00:00:000 / erosion(2,4)(23) / 00:00:00:300 para erosion(02)
Mensaje D / 00:00:00:000 / erosion(2,5)(24) / 00:00:00:300 para erosion(02)
Mensaje D / 00:00:00:000 / erosion(2,6)(25) / ... para erosion(02)
Mensaje D / 00:00:00:000 / erosion(2,7)(26) / ... para erosion(02)
Mensaje D / 00:00:00:000 / erosion(3,0)(27) / ... para erosion(02)
Mensaje D / 00:00:00:000 / erosion(3,1)(28) / ... para erosion(02)
Mensaje D / 00:00:00:000 / erosion(3,2)(29) / 00:00:00:300 para erosion(02)
Mensaje D / 00:00:00:000 / erosion(3,3)(30) / 00:00:00:300 para erosion(02)
Mensaje D / 00:00:00:000 / erosion(3,4)(31) / ... para erosion(02)
Mensaje D / 00:00:00:000 / erosion(3,5)(32) / ... para erosion(02)
Mensaje D / 00:00:00:000 / erosion(3,6)(33) / ... para erosion(02)
Mensaje D / 00:00:00:000 / erosion(3,7)(34) / ... para erosion(02)
Mensaje D / 00:00:00:000 / erosion(4,0)(35) / 00:00:00:300 para erosion(02)
Mensaje D / 00:00:00:000 / erosion(4,1)(36) / 00:00:00:300 para erosion(02)
Mensaje D / 00:00:00:000 / erosion(4,2)(37) / 00:00:00:300 para erosion(02)
Mensaje D / 00:00:00:000 / erosion(4,3)(38) / ... para erosion(02)
Mensaje D / 00:00:00:000 / erosion(4,4)(39) / ... para erosion(02)
Mensaje D / 00:00:00:000 / erosion(4,5)(40) / ... para erosion(02)
Mensaje D / 00:00:00:000 / erosion(4,6)(41) / ... para erosion(02)
Mensaje D / 00:00:00:000 / erosion(4,7)(42) / ... para erosion(02)
Mensaje D / 00:00:00:000 / erosion(5,0)(43) / 00:00:00:300 para erosion(02)
Mensaje D / 00:00:00:000 / erosion(5,1)(44) / 00:00:00:100 para erosion(02)
Mensaje D / 00:00:00:000 / erosion(5,2)(45) / 00:00:00:300 para erosion(02)
Mensaje D / 00:00:00:000 / erosion(5,3)(46) / ... para erosion(02)
Mensaje D / 00:00:00:000 / erosion(5,4)(47) / ... para erosion(02)
Mensaje D / 00:00:00:000 / erosion(5,5)(48) / ... para erosion(02)
Mensaje D / 00:00:00:000 / erosion(5,6)(49) / ... para erosion(02)
Mensaje D / 00:00:00:000 / erosion(5,7)(50) / ... para erosion(02)
Mensaje D / 00:00:00:000 / erosion(6,0)(51) / 00:00:00:300 para erosion(02)
Mensaje D / 00:00:00:000 / erosion(6,1)(52) / 00:00:00:300 para erosion(02)
Mensaje D / 00:00:00:000 / erosion(6,2)(53) / 00:00:00:300 para erosion(02)
Mensaje D / 00:00:00:000 / erosion(6,3)(54) / ... para erosion(02)
Mensaje D / 00:00:00:000 / erosion(6,4)(55) / ... para erosion(02)
Mensaje D / 00:00:00:000 / erosion(6,5)(56) / ... para erosion(02)
Mensaje D / 00:00:00:000 / erosion(6,6)(57) / ... para erosion(02)
Mensaje D / 00:00:00:000 / erosion(6,7)(58) / ... para erosion(02)
Mensaje D / 00:00:00:000 / erosion(7,0)(59) / ... para erosion(02)
Mensaje D / 00:00:00:000 / erosion(7,1)(60) / ... para erosion(02)
Mensaje D / 00:00:00:000 / erosion(7,2)(61) / ... para erosion(02)
Mensaje D / 00:00:00:000 / erosion(7,3)(62) / ... para erosion(02)
Mensaje D / 00:00:00:000 / erosion(7,4)(63) / ... para erosion(02)
Mensaje D / 00:00:00:000 / erosion(7,5)(64) / ... para erosion(02)
Mensaje D / 00:00:00:000 / erosion(7,6)(65) / ... para erosion(02)
Mensaje D / 00:00:00:000 / erosion(7,7)(66) / ... para erosion(02)
Mensaje D / 00:00:00:000 / erosion(02) / 00:00:00:100 para top(01)
Mensaje D / 00:00:00:000 / top(01) / 00:00:00:100 para Root(00)
Mensaje * / 00:00:00:100 / Root(00) para top(01)
Mensaje * / 00:00:00:100 / top(01) para erosion(02)
Mensaje * / 00:00:00:100 / erosion(02) para erosion(1,4)(15)
Mensaje * / 00:00:00:100 / erosion(02) para erosion(5,1)(44)
Mensaje Y / 00:00:00:100 / erosion(1,4)(15) / out /      2.00000 para erosion(02)
Mensaje D / 00:00:00:100 / erosion(1,4)(15) / ... para erosion(02)
Mensaje Y / 00:00:00:100 / erosion(5,1)(44) / out /      2.00000 para erosion(02)
Mensaje D / 00:00:00:100 / erosion(5,1)(44) / ... para erosion(02)
Mensaje X / 00:00:00:100 / erosion(02) / neighborchange /      2.00000 para erosion(0,4)(07)
Mensaje X / 00:00:00:100 / erosion(02) / neighborchange /      2.00000 para erosion(1,3)(14)
Mensaje X / 00:00:00:100 / erosion(02) / neighborchange /      2.00000 para erosion(1,4)(15)
Mensaje X / 00:00:00:100 / erosion(02) / neighborchange /      2.00000 para erosion(1,5)(16)
Mensaje X / 00:00:00:100 / erosion(02) / neighborchange /      2.00000 para erosion(2,4)(23)
Mensaje X / 00:00:00:100 / erosion(02) / neighborchange /      2.00000 para erosion(4,1)(36)
Mensaje X / 00:00:00:100 / erosion(02) / neighborchange /      2.00000 para erosion(5,0)(43)
Mensaje X / 00:00:00:100 / erosion(02) / neighborchange /      2.00000 para erosion(5,1)(44)
Mensaje X / 00:00:00:100 / erosion(02) / neighborchange /      2.00000 para erosion(5,2)(45)
Mensaje X / 00:00:00:100 / erosion(02) / neighborchange /      2.00000 para erosion(6,1)(52)
Mensaje D / 00:00:00:100 / erosion(0,4)(07) / 00:00:00:200 para erosion(02)
Mensaje D / 00:00:00:100 / erosion(1,3)(14) / 00:00:00:200 para erosion(02)
Mensaje D / 00:00:00:100 / erosion(1,4)(15) / ... para erosion(02)
Mensaje D / 00:00:00:100 / erosion(1,5)(16) / 00:00:00:200 para erosion(02)
Mensaje D / 00:00:00:100 / erosion(2,4)(23) / 00:00:00:200 para erosion(02)
Mensaje D / 00:00:00:100 / erosion(4,1)(36) / 00:00:00:200 para erosion(02)
Mensaje D / 00:00:00:100 / erosion(5,0)(43) / 00:00:00:200 para erosion(02)
Mensaje D / 00:00:00:100 / erosion(5,1)(44) / ... para erosion(02)
Mensaje D / 00:00:00:100 / erosion(5,2)(45) / 00:00:00:200 para erosion(02)
Mensaje D / 00:00:00:100 / erosion(6,1)(52) / 00:00:00:200 para erosion(02)
Mensaje D / 00:00:00:100 / erosion(02) / 00:00:00:200 para top(01)
Mensaje D / 00:00:00:100 / top(01) / 00:00:00:200 para Root(00)
Mensaje * / 00:00:00:300 / Root(00) para top(01)
Mensaje * / 00:00:00:300 / top(01) para erosion(02)
Mensaje * / 00:00:00:300 / erosion(02) para erosion(6,2)(53)
Mensaje * / 00:00:00:300 / erosion(02) para erosion(6,1)(52)
Mensaje * / 00:00:00:300 / erosion(02) para erosion(6,0)(51)
Mensaje * / 00:00:00:300 / erosion(02) para erosion(5,2)(45)
Mensaje * / 00:00:00:300 / erosion(02) para erosion(5,0)(43)
Mensaje * / 00:00:00:300 / erosion(02) para erosion(4,2)(37)
Mensaje * / 00:00:00:300 / erosion(02) para erosion(4,1)(36)
Mensaje * / 00:00:00:300 / erosion(02) para erosion(4,0)(35)
Mensaje * / 00:00:00:300 / erosion(02) para erosion(3,3)(30)
Mensaje * / 00:00:00:300 / erosion(02) para erosion(3,2)(29)
Mensaje * / 00:00:00:300 / erosion(02) para erosion(2,5)(24)
Mensaje * / 00:00:00:300 / erosion(02) para erosion(2,4)(23)
Mensaje * / 00:00:00:300 / erosion(02) para erosion(2,3)(22)
Mensaje * / 00:00:00:300 / erosion(02) para erosion(1,5)(16)
Mensaje * / 00:00:00:300 / erosion(02) para erosion(1,3)(14)
Mensaje * / 00:00:00:300 / erosion(02) para erosion(0,4)(07)
Mensaje * / 00:00:00:300 / erosion(02) para erosion(0,3)(06)
Mensaje * / 00:00:00:300 / erosion(02) para erosion(0,5)(08)
Mensaje Y / 00:00:00:300 / erosion(6,2)(53) / out /      0.00000 para erosion(02)
Mensaje D / 00:00:00:300 / erosion(6,2)(53) / ... para erosion(02)
Mensaje Y / 00:00:00:300 / erosion(6,1)(52) / out /      0.00000 para erosion(02)
Mensaje D / 00:00:00:300 / erosion(6,1)(52) / ... para erosion(02)
Mensaje Y / 00:00:00:300 / erosion(6,0)(51) / out /      0.00000 para erosion(02)
Mensaje D / 00:00:00:300 / erosion(6,0)(51) / ... para erosion(02)
Mensaje Y / 00:00:00:300 / erosion(5,2)(45) / out /      0.00000 para erosion(02)
Mensaje D / 00:00:00:300 / erosion(5,2)(45) / ... para erosion(02)
Mensaje Y / 00:00:00:300 / erosion(5,0)(43) / out /      0.00000 para erosion(02)
Mensaje D / 00:00:00:300 / erosion(5,0)(43) / ... para erosion(02)
Mensaje Y / 00:00:00:300 / erosion(4,2)(37) / out /      0.00000 para erosion(02)
Mensaje D / 00:00:00:300 / erosion(4,2)(37) / ... para erosion(02)
Mensaje Y / 00:00:00:300 / erosion(4,1)(36) / out /      0.00000 para erosion(02)
Mensaje D / 00:00:00:300 / erosion(4,1)(36) / ... para erosion(02)
Mensaje Y / 00:00:00:300 / erosion(4,0)(35) / out /      0.00000 para erosion(02)
Mensaje D / 00:00:00:300 / erosion(4,0)(35) / ... para erosion(02)
Mensaje Y / 00:00:00:300 / erosion(3,3)(30) / out /      0.00000 para erosion(02)
Mensaje D / 00:00:00:300 / erosion(3,3)(30) / ... para erosion(02)
Mensaje Y / 00:00:00:300 / erosion(3,2)(29) / out /      0.00000 para erosion(02)
Mensaje D / 00:00:00:300 / erosion(3,2)(29) / ... para erosion(02)
Mensaje Y / 00:00:00:300 / erosion(2,5)(24) / out /      0.00000 para erosion(02)
Mensaje D / 00:00:00:300 / erosion(2,5)(24) / ... para erosion(02)
Mensaje Y / 00:00:00:300 / erosion(2,4)(23) / out /      0.00000 para erosion(02)
Mensaje D / 00:00:00:300 / erosion(2,4)(23) / ... para erosion(02)
Mensaje Y / 00:00:00:300 / erosion(2,3)(22) / out /      0.00000 para erosion(02)
Mensaje D / 00:00:00:300 / erosion(2,3)(22) / ... para erosion(02)
Mensaje Y / 00:00:00:300 / erosion(1,5)(16) / out /      0.00000 para erosion(02)
Mensaje D / 00:00:00:300 / erosion(1,5)(16) / ... para erosion(02)
Mensaje Y / 00:00:00:300 / erosion(1,3)(14) / out /      0.00000 para erosion(02)
Mensaje D / 00:00:00:300 / erosion(1,3)(14) / ... para erosion(02)
Mensaje Y / 00:00:00:300 / erosion(0,4)(07) / out /      0.00000 para erosion(02)
Mensaje D / 00:00:00:300 / erosion(0,4)(07) / ... para erosion(02)
Mensaje Y / 00:00:00:300 / erosion(0,3)(06) / out /      0.00000 para erosion(02)
Mensaje D / 00:00:00:300 / erosion(0,3)(06) / ... para erosion(02)
Mensaje Y / 00:00:00:300 / erosion(0,5)(08) / out /      0.00000 para erosion(02)
Mensaje D / 00:00:00:300 / erosion(0,5)(08) / ... para erosion(02)
Mensaje X / 00:00:00:300 / erosion(02) / neighborchange /      0.00000 para erosion(5,2)(45)
Mensaje X / 00:00:00:300 / erosion(02) / neighborchange /      0.00000 para erosion(6,1)(52)
Mensaje X / 00:00:00:300 / erosion(02) / neighborchange /      0.00000 para erosion(6,2)(53)
Mensaje X / 00:00:00:300 / erosion(02) / neighborchange /      0.00000 para erosion(6,3)(54)
Mensaje X / 00:00:00:300 / erosion(02) / neighborchange /      0.00000 para erosion(7,2)(61)
Mensaje X / 00:00:00:300 / erosion(02) / neighborchange /      0.00000 para erosion(5,1)(44)
Mensaje X / 00:00:00:300 / erosion(02) / neighborchange /      0.00000 para erosion(6,0)(51)
Mensaje X / 00:00:00:300 / erosion(02) / neighborchange /      0.00000 para erosion(7,1)(60)
Mensaje X / 00:00:00:300 / erosion(02) / neighborchange /      0.00000 para erosion(5,0)(43)
Mensaje X / 00:00:00:300 / erosion(02) / neighborchange /      0.00000 para erosion(6,7)(58)
Mensaje X / 00:00:00:300 / erosion(02) / neighborchange /      0.00000 para erosion(7,0)(59)
Mensaje X / 00:00:00:300 / erosion(02) / neighborchange /      0.00000 para erosion(4,2)(37)
Mensaje X / 00:00:00:300 / erosion(02) / neighborchange /      0.00000 para erosion(5,3)(46)
Mensaje X / 00:00:00:300 / erosion(02) / neighborchange /      0.00000 para erosion(4,0)(35)
Mensaje X / 00:00:00:300 / erosion(02) / neighborchange /      0.00000 para erosion(5,7)(50)
Mensaje X / 00:00:00:300 / erosion(02) / neighborchange /      0.00000 para erosion(3,2)(29)
Mensaje X / 00:00:00:300 / erosion(02) / neighborchange /      0.00000 para erosion(4,1)(36)
Mensaje X / 00:00:00:300 / erosion(02) / neighborchange /      0.00000 para erosion(4,3)(38)
Mensaje X / 00:00:00:300 / erosion(02) / neighborchange /      0.00000 para erosion(3,1)(28)
Mensaje X / 00:00:00:300 / erosion(02) / neighborchange /      0.00000 para erosion(3,0)(27)
Mensaje X / 00:00:00:300 / erosion(02) / neighborchange /      0.00000 para erosion(4,7)(42)
Mensaje X / 00:00:00:300 / erosion(02) / neighborchange /      0.00000 para erosion(2,3)(22)
Mensaje X / 00:00:00:300 / erosion(02) / neighborchange /      0.00000 para erosion(3,3)(30)
Mensaje X / 00:00:00:300 / erosion(02) / neighborchange /      0.00000 para erosion(3,4)(31)
Mensaje X / 00:00:00:300 / erosion(02) / neighborchange /      0.00000 para erosion(2,2)(21)
Mensaje X / 00:00:00:300 / erosion(02) / neighborchange /      0.00000 para erosion(1,5)(16)
Mensaje X / 00:00:00:300 / erosion(02) / neighborchange /      0.00000 para erosion(2,4)(23)
Mensaje X / 00:00:00:300 / erosion(02) / neighborchange /      0.00000 para erosion(2,5)(24)
Mensaje X / 00:00:00:300 / erosion(02) / neighborchange /      0.00000 para erosion(2,6)(25)
Mensaje X / 00:00:00:300 / erosion(02) / neighborchange /      0.00000 para erosion(3,5)(32)
Mensaje X / 00:00:00:300 / erosion(02) / neighborchange /      0.00000 para erosion(1,4)(15)
Mensaje X / 00:00:00:300 / erosion(02) / neighborchange /      0.00000 para erosion(1,3)(14)
Mensaje X / 00:00:00:300 / erosion(02) / neighborchange /      0.00000 para erosion(0,5)(08)
Mensaje X / 00:00:00:300 / erosion(02) / neighborchange /      0.00000 para erosion(1,6)(17)
Mensaje X / 00:00:00:300 / erosion(02) / neighborchange /      0.00000 para erosion(0,3)(06)
Mensaje X / 00:00:00:300 / erosion(02) / neighborchange /      0.00000 para erosion(1,2)(13)
Mensaje X / 00:00:00:300 / erosion(02) / neighborchange /      0.00000 para erosion(0,4)(07)
Mensaje X / 00:00:00:300 / erosion(02) / neighborchange /      0.00000 para erosion(7,4)(63)
Mensaje X / 00:00:00:300 / erosion(02) / neighborchange /      0.00000 para erosion(0,2)(05)
Mensaje X / 00:00:00:300 / erosion(02) / neighborchange /      0.00000 para erosion(7,3)(62)
Mensaje X / 00:00:00:300 / erosion(02) / neighborchange /      0.00000 para erosion(0,6)(09)
Mensaje X / 00:00:00:300 / erosion(02) / neighborchange /      0.00000 para erosion(7,5)(64)
Mensaje D / 00:00:00:300 / erosion(5,2)(45) / ... para erosion(02)
Mensaje D / 00:00:00:300 / erosion(6,1)(52) / ... para erosion(02)
Mensaje D / 00:00:00:300 / erosion(6,2)(53) / ... para erosion(02)
Mensaje D / 00:00:00:300 / erosion(6,3)(54) / ... para erosion(02)
Mensaje D / 00:00:00:300 / erosion(7,2)(61) / ... para erosion(02)
Mensaje D / 00:00:00:300 / erosion(5,1)(44) / ... para erosion(02)
Mensaje D / 00:00:00:300 / erosion(6,0)(51) / ... para erosion(02)
Mensaje D / 00:00:00:300 / erosion(7,1)(60) / ... para erosion(02)
Mensaje D / 00:00:00:300 / erosion(5,0)(43) / ... para erosion(02)
Mensaje D / 00:00:00:300 / erosion(6,7)(58) / ... para erosion(02)
Mensaje D / 00:00:00:300 / erosion(7,0)(59) / ... para erosion(02)
Mensaje D / 00:00:00:300 / erosion(4,2)(37) / ... para erosion(02)
Mensaje D / 00:00:00:300 / erosion(5,3)(46) / ... para erosion(02)
Mensaje D / 00:00:00:300 / erosion(4,0)(35) / ... para erosion(02)
Mensaje D / 00:00:00:300 / erosion(5,7)(50) / ... para erosion(02)
Mensaje D / 00:00:00:300 / erosion(3,2)(29) / ... para erosion(02)
Mensaje D / 00:00:00:300 / erosion(4,1)(36) / ... para erosion(02)
Mensaje D / 00:00:00:300 / erosion(4,3)(38) / ... para erosion(02)
Mensaje D / 00:00:00:300 / erosion(3,1)(28) / ... para erosion(02)
Mensaje D / 00:00:00:300 / erosion(3,0)(27) / ... para erosion(02)
Mensaje D / 00:00:00:300 / erosion(4,7)(42) / ... para erosion(02)
Mensaje D / 00:00:00:300 / erosion(2,3)(22) / ... para erosion(02)
Mensaje D / 00:00:00:300 / erosion(3,3)(30) / ... para erosion(02)
Mensaje D / 00:00:00:300 / erosion(3,4)(31) / ... para erosion(02)
Mensaje D / 00:00:00:300 / erosion(2,2)(21) / ... para erosion(02)
Mensaje D / 00:00:00:300 / erosion(1,5)(16) / ... para erosion(02)
Mensaje D / 00:00:00:300 / erosion(2,4)(23) / ... para erosion(02)
Mensaje D / 00:00:00:300 / erosion(2,5)(24) / ... para erosion(02)
Mensaje D / 00:00:00:300 / erosion(2,6)(25) / ... para erosion(02)
Mensaje D / 00:00:00:300 / erosion(3,5)(32) / ... para erosion(02)
Mensaje D / 00:00:00:300 / erosion(1,4)(15) / ... para erosion(02)
Mensaje D / 00:00:00:300 / erosion(1,3)(14) / ... para erosion(02)
Mensaje D / 00:00:00:300 / erosion(0,5)(08) / ... para erosion(02)
Mensaje D / 00:00:00:300 / erosion(1,6)(17) / ... para erosion(02)
Mensaje D / 00:00:00:300 / erosion(0,3)(06) / ... para erosion(02)
Mensaje D / 00:00:00:300 / erosion(1,2)(13) / ... para erosion(02)
Mensaje D / 00:00:00:300 / erosion(0,4)(07) / ... para erosion(02)
Mensaje D / 00:00:00:300 / erosion(7,4)(63) / ... para erosion(02)
Mensaje D / 00:00:00:300 / erosion(0,2)(05) / ... para erosion(02)
Mensaje D / 00:00:00:300 / erosion(7,3)(62) / ... para erosion(02)
Mensaje D / 00:00:00:300 / erosion(0,6)(09) / ... para erosion(02)
Mensaje D / 00:00:00:300 / erosion(7,5)(64) / ... para erosion(02)
Mensaje D / 00:00:00:300 / erosion(02) / ... para top(01)
Mensaje D / 00:00:00:300 / top(01) / ... para Root(00)
