Mensaje I / 00:00:00:000 / Root(00) para top(01)
Mensaje I / 00:00:00:000 / top(01) para opening(02)
Mensaje I / 00:00:00:000 / opening(02) para opening(0,0)(03)
Mensaje I / 00:00:00:000 / opening(02) para opening(0,1)(04)
Mensaje I / 00:00:00:000 / opening(02) para opening(0,2)(05)
Mensaje I / 00:00:00:000 / opening(02) para opening(0,3)(06)
Mensaje I / 00:00:00:000 / opening(02) para opening(0,4)(07)
Mensaje I / 00:00:00:000 / opening(02) para opening(0,5)(08)
Mensaje I / 00:00:00:000 / opening(02) para opening(0,6)(09)
Mensaje I / 00:00:00:000 / opening(02) para opening(0,7)(10)
Mensaje I / 00:00:00:000 / opening(02) para opening(1,0)(11)
Mensaje I / 00:00:00:000 / opening(02) para opening(1,1)(12)
Mensaje I / 00:00:00:000 / opening(02) para opening(1,2)(13)
Mensaje I / 00:00:00:000 / opening(02) para opening(1,3)(14)
Mensaje I / 00:00:00:000 / opening(02) para opening(1,4)(15)
Mensaje I / 00:00:00:000 / opening(02) para opening(1,5)(16)
Mensaje I / 00:00:00:000 / opening(02) para opening(1,6)(17)
Mensaje I / 00:00:00:000 / opening(02) para opening(1,7)(18)
Mensaje I / 00:00:00:000 / opening(02) para opening(2,0)(19)
Mensaje I / 00:00:00:000 / opening(02) para opening(2,1)(20)
Mensaje I / 00:00:00:000 / opening(02) para opening(2,2)(21)
Mensaje I / 00:00:00:000 / opening(02) para opening(2,3)(22)
Mensaje I / 00:00:00:000 / opening(02) para opening(2,4)(23)
Mensaje I / 00:00:00:000 / opening(02) para opening(2,5)(24)
Mensaje I / 00:00:00:000 / opening(02) para opening(2,6)(25)
Mensaje I / 00:00:00:000 / opening(02) para opening(2,7)(26)
Mensaje I / 00:00:00:000 / opening(02) para opening(3,0)(27)
Mensaje I / 00:00:00:000 / opening(02) para opening(3,1)(28)
Mensaje I / 00:00:00:000 / opening(02) para opening(3,2)(29)
Mensaje I / 00:00:00:000 / opening(02) para opening(3,3)(30)
Mensaje I / 00:00:00:000 / opening(02) para opening(3,4)(31)
Mensaje I / 00:00:00:000 / opening(02) para opening(3,5)(32)
Mensaje I / 00:00:00:000 / opening(02) para opening(3,6)(33)
Mensaje I / 00:00:00:000 / opening(02) para opening(3,7)(34)
Mensaje I / 00:00:00:000 / opening(02) para opening(4,0)(35)
Mensaje I / 00:00:00:000 / opening(02) para opening(4,1)(36)
Mensaje I / 00:00:00:000 / opening(02) para opening(4,2)(37)
Mensaje I / 00:00:00:000 / opening(02) para opening(4,3)(38)
Mensaje I / 00:00:00:000 / opening(02) para opening(4,4)(39)
Mensaje I / 00:00:00:000 / opening(02) para opening(4,5)(40)
Mensaje I / 00:00:00:000 / opening(02) para opening(4,6)(41)
Mensaje I / 00:00:00:000 / opening(02) para opening(4,7)(42)
Mensaje I / 00:00:00:000 / opening(02) para opening(5,0)(43)
Mensaje I / 00:00:00:000 / opening(02) para opening(5,1)(44)
Mensaje I / 00:00:00:000 / opening(02) para opening(5,2)(45)
Mensaje I / 00:00:00:000 / opening(02) para opening(5,3)(46)
Mensaje I / 00:00:00:000 / opening(02) para opening(5,4)(47)
Mensaje I / 00:00:00:000 / opening(02) para opening(5,5)(48)
Mensaje I / 00:00:00:000 / opening(02) para opening(5,6)(49)
Mensaje I / 00:00:00:000 / opening(02) para opening(5,7)(50)
Mensaje I / 00:00:00:000 / opening(02) para opening(6,0)(51)
Mensaje I / 00:00:00:000 / opening(02) para opening(6,1)(52)
Mensaje I / 00:00:00:000 / opening(02) para opening(6,2)(53)
Mensaje I / 00:00:00:000 / opening(02) para opening(6,3)(54)
Mensaje I / 00:00:00:000 / opening(02) para opening(6,4)(55)
Mensaje I / 00:00:00:000 / opening(02) para opening(6,5)(56)
Mensaje I / 00:00:00:000 / opening(02) para opening(6,6)(57)
Mensaje I / 00:00:00:000 / opening(02) para opening(6,7)(58)
Mensaje I / 00:00:00:000 / opening(02) para opening(7,0)(59)
Mensaje I / 00:00:00:000 / opening(02) para opening(7,1)(60)
Mensaje I / 00:00:00:000 / opening(02) para opening(7,2)(61)
Mensaje I / 00:00:00:000 / opening(02) para opening(7,3)(62)
Mensaje I / 00:00:00:000 / opening(02) para opening(7,4)(63)
Mensaje I / 00:00:00:000 / opening(02) para opening(7,5)(64)
Mensaje I / 00:00:00:000 / opening(02) para opening(7,6)(65)
Mensaje I / 00:00:00:000 / opening(02) para opening(7,7)(66)
Mensaje D / 00:00:00:000 / opening(0,0)(03) / ... para opening(02)
Mensaje D / 00:00:00:000 / opening(0,1)(04) / ... para opening(02)
Mensaje D / 00:00:00:000 / opening(0,2)(05) / ... para opening(02)
Mensaje D / 00:00:00:000 / opening(0,3)(06) / 00:00:00:100 para opening(02)
Mensaje D / 00:00:00:000 / opening(0,4)(07) / 00:00:00:100 para opening(02)
Mensaje D / 00:00:00:000 / opening(0,5)(08) / 00:00:00:100 para opening(02)
Mensaje D / 00:00:00:000 / opening(0,6)(09) / ... para opening(02)
Mensaje D / 00:00:00:000 / opening(0,7)(10) / ... para opening(02)
Mensaje D / 00:00:00:000 / opening(1,0)(11) / ... para opening(02)
Mensaje D / 00:00:00:000 / opening(1,1)(12) / ... para opening(02)
Mensaje D / 00:00:00:000 / opening(1,2)(13) / ... para opening(02)
Mensaje D / 00:00:00:000 / opening(1,3)(14) / 00:00:00:100 para opening(02)
Mensaje D / 00:00:00:000 / opening(1,4)(15) / 00:00:00:100 para opening(02)
Mensaje D / 00:00:00:000 / opening(1,5)(16) / 00:00:00:100 para opening(02)
Mensaje D / 00:00:00:000 / opening(1,6)(17) / ... para opening(02)
Mensaje D / 00:00:00:000 / opening(1,7)(18) / ... para opening(02)
Mensaje D / 00:00:00:000 / opening(2,0)(19) / ... para opening(02)
Mensaje D / 00:00:00:000 / opening(2,1)(20) / ... para opening(02)
Mensaje D / 00:00:00:000 / opening(2,2)(21) / ... para opening(02)
Mensaje D / 00:00:00:000 / opening(2,3)(22) / 00:00:00:100 para opening(02)
Mensaje D / 00:00:00:000 / opening(2,4)(23) / 00:00:00:100 para opening(02)
Mensaje D / 00:00:00:000 / opening(2,5)(24) / 00:00:00:100 para opening(02)
Mensaje D / 00:00:00:000 / opening(2,6)(25) / ... para opening(02)
Mensaje D / 00:00:00:000 / opening(2,7)(26) / ... para opening(02)
Mensaje D / 00:00:00:000 / opening(3,0)(27) / ... para opening(02)
Mensaje D / 00:00:00:000 / opening(3,1)(28) / ... para opening(02)
Mensaje D / 00:00:00:000 / opening(3,2)(29) / 00:00:00:100 para opening(02)
Mensaje D / 00:00:00:000 / opening(3,3)(30) / 00:00:00:100 para opening(02)
Mensaje D / 00:00:00:000 / opening(3,4)(31) / ... para opening(02)
Mensaje D / 00:00:00:000 / opening(3,5)(32) / ... para opening(02)
Mensaje D / 00:00:00:000 / opening(3,6)(33) / ... para opening(02)
Mensaje D / 00:00:00:000 / opening(3,7)(34) / ... para opening(02)
Mensaje D / 00:00:00:000 / opening(4,0)(35) / 00:00:00:100 para opening(02)
Mensaje D / 00:00:00:000 / opening(4,1)(36) / 00:00:00:100 para opening(02)
Mensaje D / 00:00:00:000 / opening(4,2)(37) / 00:00:00:100 para opening(02)
Mensaje D / 00:00:00:000 / opening(4,3)(38) / ... para opening(02)
Mensaje D / 00:00:00:000 / opening(4,4)(39) / ... para opening(02)
Mensaje D / 00:00:00:000 / opening(4,5)(40) / ... para opening(02)
Mensaje D / 00:00:00:000 / opening(4,6)(41) / ... para opening(02)
Mensaje D / 00:00:00:000 / opening(4,7)(42) / ... para opening(02)
Mensaje D / 00:00:00:000 / opening(5,0)(43) / 00:00:00:100 para opening(02)
Mensaje D / 00:00:00:000 / opening(5,1)(44) / 00:00:00:100 para opening(02)
Mensaje D / 00:00:00:000 / opening(5,2)(45) / 00:00:00:100 para opening(02)
Mensaje D / 00:00:00:000 / opening(5,3)(46) / ... para opening(02)
Mensaje D / 00:00:00:000 / opening(5,4)(47) / ... para opening(02)
Mensaje D / 00:00:00:000 / opening(5,5)(48) / ... para opening(02)
Mensaje D / 00:00:00:000 / opening(5,6)(49) / ... para opening(02)
Mensaje D / 00:00:00:000 / opening(5,7)(50) / ... para opening(02)
Mensaje D / 00:00:00:000 / opening(6,0)(51) / 00:00:00:100 para opening(02)
Mensaje D / 00:00:00:000 / opening(6,1)(52) / 00:00:00:100 para opening(02)
Mensaje D / 00:00:00:000 / opening(6,2)(53) / 00:00:00:100 para opening(02)
Mensaje D / 00:00:00:000 / opening(6,3)(54) / ... para opening(02)
Mensaje D / 00:00:00:000 / opening(6,4)(55) / ... para opening(02)
Mensaje D / 00:00:00:000 / opening(6,5)(56) / ... para opening(02)
Mensaje D / 00:00:00:000 / opening(6,6)(57) / ... para opening(02)
Mensaje D / 00:00:00:000 / opening(6,7)(58) / ... para opening(02)
Mensaje D / 00:00:00:000 / opening(7,0)(59) / ... para opening(02)
Mensaje D / 00:00:00:000 / opening(7,1)(60) / ... para opening(02)
Mensaje D / 00:00:00:000 / opening(7,2)(61) / ... para opening(02)
Mensaje D / 00:00:00:000 / opening(7,3)(62) / ... para opening(02)
Mensaje D / 00:00:00:000 / opening(7,4)(63) / ... para opening(02)
Mensaje D / 00:00:00:000 / opening(7,5)(64) / ... para opening(02)
Mensaje D / 00:00:00:000 / opening(7,6)(65) / ... para opening(02)
Mensaje D / 00:00:00:000 / opening(7,7)(66) / ... para opening(02)
Mensaje D / 00:00:00:000 / opening(02) / 00:00:00:100 para top(01)
Mensaje D / 00:00:00:000 / top(01) / 00:00:00:100 para Root(00)
Mensaje * / 00:00:00:100 / Root(00) para top(01)
Mensaje * / 00:00:00:100 / top(01) para opening(02)
Mensaje * / 00:00:00:100 / opening(02) para opening(0,3)(06)
Mensaje * / 00:00:00:100 / opening(02) para opening(0,4)(07)
Mensaje * / 00:00:00:100 / opening(02) para opening(0,5)(08)
Mensaje * / 00:00:00:100 / opening(02) para opening(1,3)(14)
Mensaje * / 00:00:00:100 / opening(02) para opening(1,4)(15)
Mensaje * / 00:00:00:100 / opening(02) para opening(1,5)(16)
Mensaje * / 00:00:00:100 / opening(02) para opening(2,3)(22)
Mensaje * / 00:00:00:100 / opening(02) para opening(2,4)(23)
Mensaje * / 00:00:00:100 / opening(02) para opening(2,5)(24)
Mensaje * / 00:00:00:100 / opening(02) para opening(3,2)(29)
Mensaje * / 00:00:00:100 / opening(02) para opening(3,3)(30)
Mensaje * / 00:00:00:100 / opening(02) para opening(4,0)(35)
Mensaje * / 00:00:00:100 / opening(02) para opening(4,1)(36)
Mensaje * / 00:00:00:100 / opening(02) para opening(4,2)(37)
Mensaje * / 00:00:00:100 / opening(02) para opening(5,0)(43)
Mensaje * / 00:00:00:100 / opening(02) para opening(5,1)(44)
Mensaje * / 00:00:00:100 / opening(02) para opening(5,2)(45)
Mensaje * / 00:00:00:100 / opening(02) para opening(6,0)(51)
Mensaje * / 00:00:00:100 / opening(02) para opening(6,1)(52)
Mensaje * / 00:00:00:100 / opening(02) para opening(6,2)(53)
Mensaje Y / 00:00:00:100 / opening(0,3)(06) / out /      0.00000 para opening(02)
Mensaje D / 00:00:00:100 / opening(0,3)(06) / ... para opening(02)
Mensaje Y / 00:00:00:100 / opening(0,4)(07) / out /      0.00000 para opening(02)
Mensaje D / 00:00:00:100 / opening(0,4)(07) / ... para opening(02)
Mensaje Y / 00:00:00:100 / opening(0,5)(08) / out /      0.00000 para opening(02)
Mensaje D / 00:00:00:100 / opening(0,5)(08) / ... para opening(02)
Mensaje Y / 00:00:00:100 / opening(1,3)(14) / out /      0.00000 para opening(02)
Mensaje D / 00:00:00:100 / opening(1,3)(14) / ... para opening(02)
Mensaje Y / 00:00:00:100 / opening(1,4)(15) / out /      2.00000 para opening(02)
Mensaje D / 00:00:00:100 / opening(1,4)(15) / ... para opening(02)
Mensaje Y / 00:00:00:100 / opening(1,5)(16) / out /      0.00000 para opening(02)
Mensaje D / 00:00:00:100 / opening(1,5)(16) / ... para opening(02)
Mensaje Y / 00:00:00:100 / opening(2,3)(22) / out /      0.00000 para opening(02)
Mensaje D / 00:00:00:100 / opening(2,3)(22) / ... para opening(02)
Mensaje Y / 00:00:00:100 / opening(2,4)(23) / out /      0.00000 para opening(02)
Mensaje D / 00:00:00:100 / opening(2,4)(23) / ... para opening(02)
Mensaje Y / 00:00:00:100 / opening(2,5)(24) / out /      0.00000 para opening(02)
Mensaje D / 00:00:00:100 / opening(2,5)(24) / ... para opening(02)
Mensaje Y / 00:00:00:100 / opening(3,2)(29) / out /      0.00000 para opening(02)
Mensaje D / 00:00:00:100 / opening(3,2)(29) / ... para opening(02)
Mensaje Y / 00:00:00:100 / opening(3,3)(30) / out /      0.00000 para opening(02)
Mensaje D / 00:00:00:100 / opening(3,3)(30) / ... para opening(02)
Mensaje Y / 00:00:00:100 / opening(4,0)(35) / out /      0.00000 para opening(02)
Mensaje D / 00:00:00:100 / opening(4,0)(35) / ... para opening(02)
Mensaje Y / 00:00:00:100 / opening(4,1)(36) / out /      0.00000 para opening(02)
Mensaje D / 00:00:00:100 / opening(4,1)(36) / ... para opening(02)
Mensaje Y / 00:00:00:100 / opening(4,2)(37) / out /      0.00000 para opening(02)
Mensaje D / 00:00:00:100 / opening(4,2)(37) / ... para opening(02)
Mensaje Y / 00:00:00:100 / opening(5,0)(43) / out /      0.00000 para opening(02)
Mensaje D / 00:00:00:100 / opening(5,0)(43) / ... para opening(02)
Mensaje Y / 00:00:00:100 / opening(5,1)(44) / out /      2.00000 para opening(02)
Mensaje D / 00:00:00:100 / opening(5,1)(44) / ... para opening(02)
Mensaje Y / 00:00:00:100 / opening(5,2)(45) / out /      0.00000 para opening(02)
Mensaje D / 00:00:00:100 / opening(5,2)(45) / ... para opening(02)
Mensaje Y / 00:00:00:100 / opening(6,0)(51) / out /      0.00000 para opening(02)
Mensaje D / 00:00:00:100 / opening(6,0)(51) / ... para opening(02)
Mensaje Y / 00:00:00:100 / opening(6,1)(52) / out /      0.00000 para opening(02)
Mensaje D / 00:00:00:100 / opening(6,1)(52) / ... para opening(02)
Mensaje Y / 00:00:00:100 / opening(6,2)(53) / out /      0.00000 para opening(02)
Mensaje D / 00:00:00:100 / opening(6,2)(53) / ... para opening(02)
Mensaje X / 00:00:00:100 / opening(02) / neighborchange /      0.00000 para opening(0,2)(05)
Mensaje X / 00:00:00:100 / opening(02) / neighborchange /      0.00000 para opening(0,3)(06)
Mensaje X / 00:00:00:100 / opening(02) / neighborchange /      0.00000 para opening(0,4)(07)
Mensaje X / 00:00:00:100 / opening(02) / neighborchange /      0.00000 para opening(1,3)(14)
Mensaje X / 00:00:00:100 / opening(02) / neighborchange /      0.00000 para opening(7,3)(62)
Mensaje X / 00:00:00:100 / opening(02) / neighborchange /      0.00000 para opening(0,5)(08)
Mensaje X / 00:00:00:100 / opening(02) / neighborchange /      0.00000 para opening(1,4)(15)
Mensaje X / 00:00:00:100 / opening(02) / neighborchange /      0.00000 para opening(7,4)(63)
Mensaje X / 00:00:00:100 / opening(02) / neighborchange /      0.00000 para opening(0,6)(09)
Mensaje X / 00:00:00:100 / opening(02) / neighborchange /      0.00000 para opening(1,5)(16)
Mensaje X / 00:00:00:100 / opening(02) / neighborchange /      0.00000 para opening(7,5)(64)
Mensaje X / 00:00:00:100 / opening(02) / neighborchange /      0.00000 para opening(1,2)(13)
Mensaje X / 00:00:00:100 / opening(02) / neighborchange /      0.00000 para opening(2,3)(22)
Mensaje X / 00:00:00:100 / opening(02) / neighborchange /      2.00000 para opening(2,4)(23)
Mensaje X / 00:00:00:100 / opening(02) / neighborchange /      0.00000 para opening(1,6)(17)
Mensaje X / 00:00:00:100 / opening(02) / neighborchange /      0.00000 para opening(2,5)(24)
Mensaje X / 00:00:00:100 / opening(02) / neighborchange /      0.00000 para opening(2,2)(21)
Mensaje X / 00:00:00:100 / opening(02) / neighborchange /      0.00000 para opening(3,3)(30)
Mensaje X / 00:00:00:100 / opening(02) / neighborchange /      0.00000 para opening(3,4)(31)
Mensaje X / 00:00:00:100 / opening(02) / neighborchange /      0.00000 para opening(2,6)(25)
Mensaje X / 00:00:00:100 / opening(02) / neighborchange /      0.00000 para opening(3,5)(32)
Mensaje X / 00:00:00:100 / opening(02) / neighborchange /      0.00000 para opening(3,1)(28)
Mensaje X / 00:00:00:100 / opening(02) / neighborchange /      0.00000 para opening(3,2)(29)
Mensaje X / 00:00:00:100 / opening(02) / neighborchange /      0.00000 para opening(4,2)(37)
Mensaje X / 00:00:00:100 / opening(02) / neighborchange /      0.00000 para opening(4,3)(38)
Mensaje X / 00:00:00:100 / opening(02) / neighborchange /      0.00000 para opening(3,0)(27)
Mensaje X / 00:00:00:100 / opening(02) / neighborchange /      0.00000 para opening(4,0)(35)
Mensaje X / 00:00:00:100 / opening(02) / neighborchange /      0.00000 para opening(4,1)(36)
Mensaje X / 00:00:00:100 / opening(02) / neighborchange /      0.00000 para opening(4,7)(42)
Mensaje X / 00:00:00:100 / opening(02) / neighborchange /      0.00000 para opening(5,0)(43)
Mensaje X / 00:00:00:100 / opening(02) / neighborchange /      0.00000 para opening(5,1)(44)
Mensaje X / 00:00:00:100 / opening(02) / neighborchange /      0.00000 para opening(5,2)(45)
Mensaje X / 00:00:00:100 / opening(02) / neighborchange /      0.00000 para opening(5,7)(50)
Mensaje X / 00:00:00:100 / opening(02) / neighborchange /      0.00000 para opening(6,0)(51)
Mensaje X / 00:00:00:100 / opening(02) / neighborchange /      2.00000 para opening(6,1)(52)
Mensaje X / 00:00:00:100 / opening(02) / neighborchange /      0.00000 para opening(5,3)(46)
Mensaje X / 00:00:00:100 / opening(02) / neighborchange /      0.00000 para opening(6,2)(53)
Mensaje X / 00:00:00:100 / opening(02) / neighborchange /      0.00000 para opening(6,7)(58)
Mensaje X / 00:00:00:100 / opening(02) / neighborchange /      0.00000 para opening(7,0)(59)
Mensaje X / 00:00:00:100 / opening(02) / neighborchange /      0.00000 para opening(7,1)(60)
Mensaje X / 00:00:00:100 / opening(02) / neighborchange /      0.00000 para opening(6,3)(54)
Mensaje X / 00:00:00:100 / opening(02) / neighborchange /      0.00000 para opening(7,2)(61)
Mensaje D / 00:00:00:100 / opening(0,2)(05) / ... para opening(02)
Mensaje D / 00:00:00:100 / opening(0,3)(06) / ... para opening(02)
Mensaje D / 00:00:00:100 / opening(0,4)(07) / 00:00:00:100 para opening(02)
Mensaje D / 00:00:00:100 / opening(1,3)(14) / 00:00:00:100 para opening(02)
Mensaje D / 00:00:00:100 / opening(7,3)(62) / ... para opening(02)
Mensaje D / 00:00:00:100 / opening(0,5)(08) / ... para opening(02)
Mensaje D / 00:00:00:100 / opening(1,4)(15) / 00:00:00:100 para opening(02)
Mensaje D / 00:00:00:100 / opening(7,4)(63) / ... para opening(02)
Mensaje D / 00:00:00:100 / opening(0,6)(09) / ... para opening(02)
Mensaje D / 00:00:00:100 / opening(1,5)(16) / 00:00:00:100 para opening(02)
Mensaje D / 00:00:00:100 / opening(7,5)(64) / ... para opening(02)
Mensaje D / 00:00:00:100 / opening(1,2)(13) / ... para opening(02)
Mensaje D / 00:00:00:100 / opening(2,3)(22) / ... para opening(02)
Mensaje D / 00:00:00:100 / opening(2,4)(23) / 00:00:00:100 para opening(02)
Mensaje D / 00:00:00:100 / opening(1,6)(17) / ... para opening(02)
Mensaje D / 00:00:00:100 / opening(2,5)(24) / ... para opening(02)
Mensaje D / 00:00:00:100 / opening(2,2)(21) / ... para opening(02)
Mensaje D / 00:00:00:100 / opening(3,3)(30) / ... para opening(02)
Mensaje D / 00:00:00:100 / opening(3,4)(31) / ... para opening(02)
Mensaje D / 00:00:00:100 / opening(2,6)(25) / ... para opening(02)
Mensaje D / 00:00:00:100 / opening(3,5)(32) / ... para opening(02)
Mensaje D / 00:00:00:100 / opening(3,1)(28) / ... para opening(02)
Mensaje D / 00:00:00:100 / opening(3,2)(29) / ... para opening(02)
Mensaje D / 00:00:00:100 / opening(4,2)(37) / ... para opening(02)
Mensaje D / 00:00:00:100 / opening(4,3)(38) / ... para opening(02)
Mensaje D / 00:00:00:100 / opening(3,0)(27) / ... para opening(02)
Mensaje D / 00:00:00:100 / opening(4,0)(35) / ... para opening(02)
Mensaje D / 00:00:00:100 / opening(4,1)(36) / 00:00:00:100 para opening(02)
Mensaje D / 00:00:00:100 / opening(4,7)(42) / ... para opening(02)
Mensaje D / 00:00:00:100 / opening(5,0)(43) / 00:00:00:100 para opening(02)
Mensaje D / 00:00:00:100 / opening(5,1)(44) / 00:00:00:100 para opening(02)
Mensaje D / 00:00:00:100 / opening(5,2)(45) / 00:00:00:100 para opening(02)
Mensaje D / 00:00:00:100 / opening(5,7)(50) / ... para opening(02)
Mensaje D / 00:00:00:100 / opening(6,0)(51) / ... para opening(02)
Mensaje D / 00:00:00:100 / opening(6,1)(52) / 00:00:00:100 para opening(02)
Mensaje D / 00:00:00:100 / opening(5,3)(46) / ... para opening(02)
Mensaje D / 00:00:00:100 / opening(6,2)(53) / ... para opening(02)
Mensaje D / 00:00:00:100 / opening(6,7)(58) / ... para opening(02)
Mensaje D / 00:00:00:100 / opening(7,0)(59) / ... para opening(02)
Mensaje D / 00:00:00:100 / opening(7,1)(60) / ... para opening(02)
Mensaje D / 00:00:00:100 / opening(6,3)(54) / ... para opening(02)
Mensaje D / 00:00:00:100 / opening(7,2)(61) / ... para opening(02)
Mensaje D / 00:00:00:100 / opening(02) / 00:00:00:100 para top(01)
Mensaje D / 00:00:00:100 / top(01) / 00:00:00:100 para Root(00)
Mensaje * / 00:00:00:200 / Root(00) para top(01)
Mensaje * / 00:00:00:200 / top(01) para opening(02)
Mensaje * / 00:00:00:200 / opening(02) para opening(0,4)(07)
Mensaje * / 00:00:00:200 / opening(02) para opening(1,3)(14)
Mensaje * / 00:00:00:200 / opening(02) para opening(1,4)(15)
Mensaje * / 00:00:00:200 / opening(02) para opening(1,5)(16)
Mensaje * / 00:00:00:200 / opening(02) para opening(2,4)(23)
Mensaje * / 00:00:00:200 / opening(02) para opening(4,1)(36)
Mensaje * / 00:00:00:200 / opening(02) para opening(5,0)(43)
Mensaje * / 00:00:00:200 / opening(02) para opening(5,1)(44)
Mensaje * / 00:00:00:200 / opening(02) para opening(5,2)(45)
Mensaje * / 00:00:00:200 / opening(02) para opening(6,1)(52)
Mensaje Y / 00:00:00:200 / opening(0,4)(07) / out /      3.00000 para opening(02)
Mensaje D / 00:00:00:200 / opening(0,4)(07) / ... para opening(02)
Mensaje Y / 00:00:00:200 / opening(1,3)(14) / out /      3.00000 para opening(02)
Mensaje D / 00:00:00:200 / opening(1,3)(14) / ... para opening(02)
Mensaje Y / 00:00:00:200 / opening(1,4)(15) / out /      3.00000 para opening(02)
Mensaje D / 00:00:00:200 / opening(1,4)(15) / ... para opening(02)
Mensaje Y / 00:00:00:200 / opening(1,5)(16) / out /      3.00000 para opening(02)
Mensaje D / 00:00:00:200 / opening(1,5)(16) / ... para opening(02)
Mensaje Y / 00:00:00:200 / opening(2,4)(23) / out /      3.00000 para opening(02)
Mensaje D / 00:00:00:200 / opening(2,4)(23) / ... para opening(02)
Mensaje Y / 00:00:00:200 / opening(4,1)(36) / out /      3.00000 para opening(02)
Mensaje D / 00:00:00:200 / opening(4,1)(36) / ... para opening(02)
Mensaje Y / 00:00:00:200 / opening(5,0)(43) / out /      3.00000 para opening(02)
Mensaje D / 00:00:00:200 / opening(5,0)(43) / ... para opening(02)
Mensaje Y / 00:00:00:200 / opening(5,1)(44) / out /      3.00000 para opening(02)
Mensaje D / 00:00:00:200 / opening(5,1)(44) / ... para opening(02)
Mensaje Y / 00:00:00:200 / opening(5,2)(45) / out /      3.00000 para opening(02)
Mensaje D / 00:00:00:200 / opening(5,2)(45) / ... para opening(02)
Mensaje Y / 00:00:00:200 / opening(6,1)(52) / out /      3.00000 para opening(02)
Mensaje D / 00:00:00:200 / opening(6,1)(52) / ... para opening(02)
Mensaje X / 00:00:00:200 / opening(02) / neighborchange /      3.00000 para opening(0,3)(06)
Mensaje X / 00:00:00:200 / opening(02) / neighborchange /      3.00000 para opening(0,4)(07)
Mensaje X / 00:00:00:200 / opening(02) / neighborchange /      3.00000 para opening(0,5)(08)
Mensaje X / 00:00:00:200 / opening(02) / neighborchange /      3.00000 para opening(1,4)(15)
Mensaje X / 00:00:00:200 / opening(02) / neighborchange /      3.00000 para opening(7,4)(63)
Mensaje X / 00:00:00:200 / opening(02) / neighborchange /      3.00000 para opening(1,2)(13)
Mensaje X / 00:00:00:200 / opening(02) / neighborchange /      3.00000 para opening(1,3)(14)
Mensaje X / 00:00:00:200 / opening(02) / neighborchange /      3.00000 para opening(2,3)(22)
Mensaje X / 00:00:00:200 / opening(02) / neighborchange /      3.00000 para opening(1,5)(16)
Mensaje X / 00:00:00:200 / opening(02) / neighborchange /      3.00000 para opening(2,4)(23)
Mensaje X / 00:00:00:200 / opening(02) / neighborchange /      3.00000 para opening(1,6)(17)
Mensaje X / 00:00:00:200 / opening(02) / neighborchange /      3.00000 para opening(2,5)(24)
Mensaje X / 00:00:00:200 / opening(02) / neighborchange /      3.00000 para opening(3,4)(31)
Mensaje X / 00:00:00:200 / opening(02) / neighborchange /      3.00000 para opening(3,1)(28)
Mensaje X / 00:00:00:200 / opening(02) / neighborchange /      3.00000 para opening(4,0)(35)
Mensaje X / 00:00:00:200 / opening(02) / neighborchange /      3.00000 para opening(4,1)(36)
Mensaje X / 00:00:00:200 / opening(02) / neighborchange /      3.00000 para opening(4,2)(37)
Mensaje X / 00:00:00:200 / opening(02) / neighborchange /      3.00000 para opening(5,1)(44)
Mensaje X / 00:00:00:200 / opening(02) / neighborchange /      3.00000 para opening(5,0)(43)
Mensaje X / 00:00:00:200 / opening(02) / neighborchange /      3.00000 para opening(5,7)(50)
Mensaje X / 00:00:00:200 / opening(02) / neighborchange /      3.00000 para opening(6,0)(51)
Mensaje X / 00:00:00:200 / opening(02) / neighborchange /      3.00000 para opening(5,2)(45)
Mensaje X / 00:00:00:200 / opening(02) / neighborchange /      3.00000 para opening(6,1)(52)
Mensaje X / 00:00:00:200 / opening(02) / neighborchange /      3.00000 para opening(5,3)(46)
Mensaje X / 00:00:00:200 / opening(02) / neighborchange /      3.00000 para opening(6,2)(53)
Mensaje X / 00:00:00:200 / opening(02) / neighborchange /      3.00000 para opening(7,1)(60)
Mensaje D / 00:00:00:200 / opening(0,3)(06) / ... para opening(02)
Mensaje D / 00:00:00:200 / opening(0,4)(07) / ... para opening(02)
Mensaje D / 00:00:00:200 / opening(0,5)(08) / ... para opening(02)
Mensaje D / 00:00:00:200 / opening(1,4)(15) / ... para opening(02)
Mensaje D / 00:00:00:200 / opening(7,4)(63) / ... para opening(02)
Mensaje D / 00:00:00:200 / opening(1,2)(13) / ... para opening(02)
Mensaje D / 00:00:00:200 / opening(1,3)(14) / ... para opening(02)
Mensaje D / 00:00:00:200 / opening(2,3)(22) / ... para opening(02)
Mensaje D / 00:00:00:200 / opening(1,5)(16) / ... para opening(02)
Mensaje D / 00:00:00:200 / opening(2,4)(23) / ... para opening(02)
Mensaje D / 00:00:00:200 / opening(1,6)(17) / ... para opening(02)
Mensaje D / 00:00:00:200 / opening(2,5)(24) / ... para opening(02)
Mensaje D / 00:00:00:200 / opening(3,4)(31) / ... para opening(02)
Mensaje D / 00:00:00:200 / opening(3,1)(28) / ... para opening(02)
Mensaje D / 00:00:00:200 / opening(4,0)(35) / ... para opening(02)
Mensaje D / 00:00:00:200 / opening(4,1)(36) / ... para opening(02)
Mensaje D / 00:00:00:200 / opening(4,2)(37) / ... para opening(02)
Mensaje D / 00:00:00:200 / opening(5,1)(44) / ... para opening(02)
Mensaje D / 00:00:00:200 / opening(5,0)(43) / ... para opening(02)
Mensaje D / 00:00:00:200 / opening(5,7)(50) / ... para opening(02)
Mensaje D / 00:00:00:200 / opening(6,0)(51) / ... para opening(02)
Mensaje D / 00:00:00:200 / opening(5,2)(45) / ... para opening(02)
Mensaje D / 00:00:00:200 / opening(6,1)(52) / ... para opening(02)
Mensaje D / 00:00:00:200 / opening(5,3)(46) / ... para opening(02)
Mensaje D / 00:00:00:200 / opening(6,2)(53) / ... para opening(02)
Mensaje D / 00:00:00:200 / opening(7,1)(60) / ... para opening(02)
Mensaje D / 00:00:00:200 / opening(02) / ... para top(01)
Mensaje D / 00:00:00:200 / top(01) / ... para Root(00)
